ARM GAS  C:\Users\Smaug\AppData\Local\Temp\cchgsRlh.s 			page 1


   1              		.syntax unified
   2              		.cpu cortex-m4
   3              		.eabi_attribute 27, 1
   4              		.fpu fpv4-sp-d16
   5              		.eabi_attribute 20, 1
   6              		.eabi_attribute 21, 1
   7              		.eabi_attribute 23, 3
   8              		.eabi_attribute 24, 1
   9              		.eabi_attribute 25, 1
  10              		.eabi_attribute 26, 1
  11              		.eabi_attribute 30, 1
  12              		.eabi_attribute 34, 1
  13              		.eabi_attribute 18, 4
  14              		.thumb
  15              		.syntax unified
  16              		.file	"utils.c"
  17              		.text
  18              	.Ltext0:
  19              		.cfi_sections	.debug_frame
  20              		.section	.text.constrain_int,"ax",%progbits
  21              		.align	2
  22              		.global	constrain_int
  23              		.thumb
  24              		.thumb_func
  25              		.type	constrain_int, %function
  26              	constrain_int:
  27              	.LFB0:
  28              		.file 1 "utils.c"
   1:utils.c       **** /* ========================================
   2:utils.c       ****  * utils.c
   3:utils.c       ****  * ========================================
   4:utils.c       ****  */
   5:utils.c       **** 
   6:utils.c       **** // function to limit a value within a range
   7:utils.c       **** // constrain() ensures value stays within minVal and maxVal
   8:utils.c       **** int constrain_int(int x, int a, int b) 
   9:utils.c       **** {
  29              		.loc 1 9 0
  30              		.cfi_startproc
  31              		@ args = 0, pretend = 0, frame = 0
  32              		@ frame_needed = 0, uses_anonymous_args = 0
  33              		@ link register save eliminated.
  34              	.LVL0:
  10:utils.c       ****   if (x < a) 
  35              		.loc 1 10 0
  36 0000 8842     		cmp	r0, r1
  37 0002 03DB     		blt	.L3
  11:utils.c       ****     return a;       // Return lower limit if x is below a
  12:utils.c       ****   else if (x > b) 
  38              		.loc 1 12 0
  39 0004 9042     		cmp	r0, r2
  40 0006 02DD     		ble	.L2
  13:utils.c       ****     return b;  // Return upper limit if x exceeds b
  41              		.loc 1 13 0
  42 0008 1046     		mov	r0, r2
  43              	.LVL1:
  44 000a 7047     		bx	lr
ARM GAS  C:\Users\Smaug\AppData\Local\Temp\cchgsRlh.s 			page 2


  45              	.LVL2:
  46              	.L3:
  11:utils.c       ****     return a;       // Return lower limit if x is below a
  47              		.loc 1 11 0
  48 000c 0846     		mov	r0, r1
  49              	.LVL3:
  50              	.L2:
  14:utils.c       ****   else 
  15:utils.c       ****     return x;             // Return x if it's within the range
  16:utils.c       **** }
  51              		.loc 1 16 0
  52 000e 7047     		bx	lr
  53              		.cfi_endproc
  54              	.LFE0:
  55              		.size	constrain_int, .-constrain_int
  56              		.section	.text.constrain_float,"ax",%progbits
  57              		.align	2
  58              		.global	constrain_float
  59              		.thumb
  60              		.thumb_func
  61              		.type	constrain_float, %function
  62              	constrain_float:
  63              	.LFB1:
  17:utils.c       **** 
  18:utils.c       **** float constrain_float(float x, float a, float b) 
  19:utils.c       **** {
  64              		.loc 1 19 0
  65              		.cfi_startproc
  66              		@ args = 0, pretend = 0, frame = 0
  67              		@ frame_needed = 0, uses_anonymous_args = 0
  68              		@ link register save eliminated.
  69              	.LVL4:
  70 0000 07EE100A 		vmov	s14, r0
  71 0004 07EE901A 		vmov	s15, r1
  72 0008 06EE902A 		vmov	s13, r2
  20:utils.c       ****   if (x < a) 
  73              		.loc 1 20 0
  74 000c B4EEE77A 		vcmpe.f32	s14, s15
  75 0010 F1EE10FA 		vmrs	APSR_nzcv, FPSCR
  76 0014 06D4     		bmi	.L8
  21:utils.c       ****     return a;       // Return lower limit if x is below a
  22:utils.c       ****   else if (x > b) 
  77              		.loc 1 22 0
  78 0016 B4EEE67A 		vcmpe.f32	s14, s13
  79 001a F1EE10FA 		vmrs	APSR_nzcv, FPSCR
  80 001e 03DD     		ble	.L11
  23:utils.c       ****     return b;  // Return upper limit if x exceeds b
  81              		.loc 1 23 0
  82 0020 1046     		mov	r0, r2	@ float
  83              	.LVL5:
  84 0022 7047     		bx	lr
  85              	.LVL6:
  86              	.L8:
  21:utils.c       ****     return a;       // Return lower limit if x is below a
  87              		.loc 1 21 0
  88 0024 0846     		mov	r0, r1	@ float
  89              	.LVL7:
ARM GAS  C:\Users\Smaug\AppData\Local\Temp\cchgsRlh.s 			page 3


  90 0026 7047     		bx	lr
  91              	.LVL8:
  92              	.L11:
  24:utils.c       ****   else 
  25:utils.c       ****     return x;             // Return x if it's within the range
  26:utils.c       **** }
  93              		.loc 1 26 0
  94 0028 7047     		bx	lr
  95              		.cfi_endproc
  96              	.LFE1:
  97              		.size	constrain_float, .-constrain_float
  98 002a 00BF     		.section	.text.map_int,"ax",%progbits
  99              		.align	2
 100              		.global	map_int
 101              		.thumb
 102              		.thumb_func
 103              		.type	map_int, %function
 104              	map_int:
 105              	.LFB2:
  27:utils.c       **** 
  28:utils.c       **** 
  29:utils.c       **** // Re-maps a number from one range to another. That is, a value of fromLow 
  30:utils.c       **** // would get mapped to toLow, a value of fromHigh to toHigh, values 
  31:utils.c       **** // in-between to values in-between, etc.
  32:utils.c       **** // Does not constrain values to within the range, because out-of-range 
  33:utils.c       **** // values are sometimes intended and useful. The constrain() function may 
  34:utils.c       **** // be used either before or after this function, if limits to the ranges are
  35:utils.c       **** // desired.
  36:utils.c       **** // Note that the "lower bounds" of either range may be larger or smaller than
  37:utils.c       **** // the "upper bounds", so the map() function may be used to reverse a range of
  38:utils.c       **** // numbers, for example.
  39:utils.c       **** int map_int(int value, int in_min, int in_max, int out_min, int out_max) 
  40:utils.c       **** {
 106              		.loc 1 40 0
 107              		.cfi_startproc
 108              		@ args = 4, pretend = 0, frame = 0
 109              		@ frame_needed = 0, uses_anonymous_args = 0
 110              		@ link register save eliminated.
 111              	.LVL9:
 112 0000 10B4     		push	{r4}
 113              		.cfi_def_cfa_offset 4
 114              		.cfi_offset 4, -4
  41:utils.c       ****   return (value - in_min) * (out_max - out_min) / (in_max - in_min) + out_min;
 115              		.loc 1 41 0
 116 0002 401A     		subs	r0, r0, r1
 117              	.LVL10:
 118 0004 019C     		ldr	r4, [sp, #4]
 119 0006 E41A     		subs	r4, r4, r3
 120 0008 04FB00F0 		mul	r0, r4, r0
 121 000c 521A     		subs	r2, r2, r1
 122              	.LVL11:
 123 000e 90FBF2F0 		sdiv	r0, r0, r2
  42:utils.c       **** }
 124              		.loc 1 42 0
 125 0012 1844     		add	r0, r0, r3
 126 0014 5DF8044B 		ldr	r4, [sp], #4
 127              		.cfi_restore 4
ARM GAS  C:\Users\Smaug\AppData\Local\Temp\cchgsRlh.s 			page 4


 128              		.cfi_def_cfa_offset 0
 129              	.LVL12:
 130 0018 7047     		bx	lr
 131              		.cfi_endproc
 132              	.LFE2:
 133              		.size	map_int, .-map_int
 134 001a 00BF     		.section	.text.map_float,"ax",%progbits
 135              		.align	2
 136              		.global	map_float
 137              		.thumb
 138              		.thumb_func
 139              		.type	map_float, %function
 140              	map_float:
 141              	.LFB3:
  43:utils.c       **** 
  44:utils.c       **** float map_float(float value, float in_min, float in_max, float out_min, float out_max) 
  45:utils.c       **** {
 142              		.loc 1 45 0
 143              		.cfi_startproc
 144              		@ args = 4, pretend = 0, frame = 0
 145              		@ frame_needed = 0, uses_anonymous_args = 0
 146              		@ link register save eliminated.
 147              	.LVL13:
 148 0000 07EE901A 		vmov	s15, r1
 149 0004 06EE103A 		vmov	s12, r3
  46:utils.c       ****   return (value - in_min) * (out_max - out_min) / (in_max - in_min) + out_min;
 150              		.loc 1 46 0
 151 0008 07EE100A 		vmov	s14, r0
 152 000c 77EE676A 		vsub.f32	s13, s14, s15
 153 0010 9DED007A 		vldr.32	s14, [sp]
 154 0014 37EE467A 		vsub.f32	s14, s14, s12
 155 0018 26EE877A 		vmul.f32	s14, s13, s14
 156 001c 06EE902A 		vmov	s13, r2
 157 0020 76EEE77A 		vsub.f32	s15, s13, s15
 158 0024 C7EE276A 		vdiv.f32	s13, s14, s15
  47:utils.c       **** }
 159              		.loc 1 47 0
 160 0028 76EE267A 		vadd.f32	s15, s12, s13
 161 002c 17EE900A 		vmov	r0, s15
 162              	.LVL14:
 163 0030 7047     		bx	lr
 164              		.cfi_endproc
 165              	.LFE3:
 166              		.size	map_float, .-map_float
 167 0032 00BF     		.text
 168              	.Letext0:
 169              		.section	.debug_info,"",%progbits
 170              	.Ldebug_info0:
 171 0000 65010000 		.4byte	0x165
 172 0004 0400     		.2byte	0x4
 173 0006 00000000 		.4byte	.Ldebug_abbrev0
 174 000a 04       		.byte	0x4
 175 000b 01       		.uleb128 0x1
 176 000c 66000000 		.4byte	.LASF9
 177 0010 0C       		.byte	0xc
 178 0011 39000000 		.4byte	.LASF10
 179 0015 41000000 		.4byte	.LASF11
ARM GAS  C:\Users\Smaug\AppData\Local\Temp\cchgsRlh.s 			page 5


 180 0019 00000000 		.4byte	.Ldebug_ranges0+0
 181 001d 00000000 		.4byte	0
 182 0021 00000000 		.4byte	.Ldebug_line0
 183 0025 02       		.uleb128 0x2
 184 0026 04       		.byte	0x4
 185 0027 04       		.byte	0x4
 186 0028 08000000 		.4byte	.LASF0
 187 002c 03       		.uleb128 0x3
 188 002d 0E000000 		.4byte	.LASF1
 189 0031 01       		.byte	0x1
 190 0032 08       		.byte	0x8
 191 0033 69000000 		.4byte	0x69
 192 0037 00000000 		.4byte	.LFB0
 193 003b 10000000 		.4byte	.LFE0-.LFB0
 194 003f 01       		.uleb128 0x1
 195 0040 9C       		.byte	0x9c
 196 0041 69000000 		.4byte	0x69
 197 0045 04       		.uleb128 0x4
 198 0046 7800     		.ascii	"x\000"
 199 0048 01       		.byte	0x1
 200 0049 08       		.byte	0x8
 201 004a 69000000 		.4byte	0x69
 202 004e 00000000 		.4byte	.LLST0
 203 0052 05       		.uleb128 0x5
 204 0053 6100     		.ascii	"a\000"
 205 0055 01       		.byte	0x1
 206 0056 08       		.byte	0x8
 207 0057 69000000 		.4byte	0x69
 208 005b 01       		.uleb128 0x1
 209 005c 51       		.byte	0x51
 210 005d 05       		.uleb128 0x5
 211 005e 6200     		.ascii	"b\000"
 212 0060 01       		.byte	0x1
 213 0061 08       		.byte	0x8
 214 0062 69000000 		.4byte	0x69
 215 0066 01       		.uleb128 0x1
 216 0067 52       		.byte	0x52
 217 0068 00       		.byte	0
 218 0069 06       		.uleb128 0x6
 219 006a 04       		.byte	0x4
 220 006b 05       		.byte	0x5
 221 006c 696E7400 		.ascii	"int\000"
 222 0070 03       		.uleb128 0x3
 223 0071 29000000 		.4byte	.LASF2
 224 0075 01       		.byte	0x1
 225 0076 12       		.byte	0x12
 226 0077 25000000 		.4byte	0x25
 227 007b 00000000 		.4byte	.LFB1
 228 007f 2A000000 		.4byte	.LFE1-.LFB1
 229 0083 01       		.uleb128 0x1
 230 0084 9C       		.byte	0x9c
 231 0085 AD000000 		.4byte	0xad
 232 0089 04       		.uleb128 0x4
 233 008a 7800     		.ascii	"x\000"
 234 008c 01       		.byte	0x1
 235 008d 12       		.byte	0x12
 236 008e 25000000 		.4byte	0x25
ARM GAS  C:\Users\Smaug\AppData\Local\Temp\cchgsRlh.s 			page 6


 237 0092 3A000000 		.4byte	.LLST1
 238 0096 05       		.uleb128 0x5
 239 0097 6100     		.ascii	"a\000"
 240 0099 01       		.byte	0x1
 241 009a 12       		.byte	0x12
 242 009b 25000000 		.4byte	0x25
 243 009f 01       		.uleb128 0x1
 244 00a0 51       		.byte	0x51
 245 00a1 05       		.uleb128 0x5
 246 00a2 6200     		.ascii	"b\000"
 247 00a4 01       		.byte	0x1
 248 00a5 12       		.byte	0x12
 249 00a6 25000000 		.4byte	0x25
 250 00aa 01       		.uleb128 0x1
 251 00ab 52       		.byte	0x52
 252 00ac 00       		.byte	0
 253 00ad 03       		.uleb128 0x3
 254 00ae 00000000 		.4byte	.LASF3
 255 00b2 01       		.byte	0x1
 256 00b3 27       		.byte	0x27
 257 00b4 69000000 		.4byte	0x69
 258 00b8 00000000 		.4byte	.LFB2
 259 00bc 1A000000 		.4byte	.LFE2-.LFB2
 260 00c0 01       		.uleb128 0x1
 261 00c1 9C       		.byte	0x9c
 262 00c2 0E010000 		.4byte	0x10e
 263 00c6 07       		.uleb128 0x7
 264 00c7 1C000000 		.4byte	.LASF4
 265 00cb 01       		.byte	0x1
 266 00cc 27       		.byte	0x27
 267 00cd 69000000 		.4byte	0x69
 268 00d1 7B000000 		.4byte	.LLST2
 269 00d5 08       		.uleb128 0x8
 270 00d6 22000000 		.4byte	.LASF5
 271 00da 01       		.byte	0x1
 272 00db 27       		.byte	0x27
 273 00dc 69000000 		.4byte	0x69
 274 00e0 01       		.uleb128 0x1
 275 00e1 51       		.byte	0x51
 276 00e2 07       		.uleb128 0x7
 277 00e3 19010000 		.4byte	.LASF6
 278 00e7 01       		.byte	0x1
 279 00e8 27       		.byte	0x27
 280 00e9 69000000 		.4byte	0x69
 281 00ed 9C000000 		.4byte	.LLST3
 282 00f1 08       		.uleb128 0x8
 283 00f2 20010000 		.4byte	.LASF7
 284 00f6 01       		.byte	0x1
 285 00f7 27       		.byte	0x27
 286 00f8 69000000 		.4byte	0x69
 287 00fc 01       		.uleb128 0x1
 288 00fd 53       		.byte	0x53
 289 00fe 07       		.uleb128 0x7
 290 00ff 28010000 		.4byte	.LASF8
 291 0103 01       		.byte	0x1
 292 0104 27       		.byte	0x27
 293 0105 69000000 		.4byte	0x69
ARM GAS  C:\Users\Smaug\AppData\Local\Temp\cchgsRlh.s 			page 7


 294 0109 BD000000 		.4byte	.LLST4
 295 010d 00       		.byte	0
 296 010e 09       		.uleb128 0x9
 297 010f 30010000 		.4byte	.LASF12
 298 0113 01       		.byte	0x1
 299 0114 2C       		.byte	0x2c
 300 0115 25000000 		.4byte	0x25
 301 0119 00000000 		.4byte	.LFB3
 302 011d 32000000 		.4byte	.LFE3-.LFB3
 303 0121 01       		.uleb128 0x1
 304 0122 9C       		.byte	0x9c
 305 0123 07       		.uleb128 0x7
 306 0124 1C000000 		.4byte	.LASF4
 307 0128 01       		.byte	0x1
 308 0129 2C       		.byte	0x2c
 309 012a 25000000 		.4byte	0x25
 310 012e DD000000 		.4byte	.LLST5
 311 0132 08       		.uleb128 0x8
 312 0133 22000000 		.4byte	.LASF5
 313 0137 01       		.byte	0x1
 314 0138 2C       		.byte	0x2c
 315 0139 25000000 		.4byte	0x25
 316 013d 01       		.uleb128 0x1
 317 013e 51       		.byte	0x51
 318 013f 08       		.uleb128 0x8
 319 0140 19010000 		.4byte	.LASF6
 320 0144 01       		.byte	0x1
 321 0145 2C       		.byte	0x2c
 322 0146 25000000 		.4byte	0x25
 323 014a 01       		.uleb128 0x1
 324 014b 52       		.byte	0x52
 325 014c 08       		.uleb128 0x8
 326 014d 20010000 		.4byte	.LASF7
 327 0151 01       		.byte	0x1
 328 0152 2C       		.byte	0x2c
 329 0153 25000000 		.4byte	0x25
 330 0157 01       		.uleb128 0x1
 331 0158 53       		.byte	0x53
 332 0159 08       		.uleb128 0x8
 333 015a 28010000 		.4byte	.LASF8
 334 015e 01       		.byte	0x1
 335 015f 2C       		.byte	0x2c
 336 0160 25000000 		.4byte	0x25
 337 0164 02       		.uleb128 0x2
 338 0165 91       		.byte	0x91
 339 0166 00       		.sleb128 0
 340 0167 00       		.byte	0
 341 0168 00       		.byte	0
 342              		.section	.debug_abbrev,"",%progbits
 343              	.Ldebug_abbrev0:
 344 0000 01       		.uleb128 0x1
 345 0001 11       		.uleb128 0x11
 346 0002 01       		.byte	0x1
 347 0003 25       		.uleb128 0x25
 348 0004 0E       		.uleb128 0xe
 349 0005 13       		.uleb128 0x13
 350 0006 0B       		.uleb128 0xb
ARM GAS  C:\Users\Smaug\AppData\Local\Temp\cchgsRlh.s 			page 8


 351 0007 03       		.uleb128 0x3
 352 0008 0E       		.uleb128 0xe
 353 0009 1B       		.uleb128 0x1b
 354 000a 0E       		.uleb128 0xe
 355 000b 55       		.uleb128 0x55
 356 000c 17       		.uleb128 0x17
 357 000d 11       		.uleb128 0x11
 358 000e 01       		.uleb128 0x1
 359 000f 10       		.uleb128 0x10
 360 0010 17       		.uleb128 0x17
 361 0011 00       		.byte	0
 362 0012 00       		.byte	0
 363 0013 02       		.uleb128 0x2
 364 0014 24       		.uleb128 0x24
 365 0015 00       		.byte	0
 366 0016 0B       		.uleb128 0xb
 367 0017 0B       		.uleb128 0xb
 368 0018 3E       		.uleb128 0x3e
 369 0019 0B       		.uleb128 0xb
 370 001a 03       		.uleb128 0x3
 371 001b 0E       		.uleb128 0xe
 372 001c 00       		.byte	0
 373 001d 00       		.byte	0
 374 001e 03       		.uleb128 0x3
 375 001f 2E       		.uleb128 0x2e
 376 0020 01       		.byte	0x1
 377 0021 3F       		.uleb128 0x3f
 378 0022 19       		.uleb128 0x19
 379 0023 03       		.uleb128 0x3
 380 0024 0E       		.uleb128 0xe
 381 0025 3A       		.uleb128 0x3a
 382 0026 0B       		.uleb128 0xb
 383 0027 3B       		.uleb128 0x3b
 384 0028 0B       		.uleb128 0xb
 385 0029 27       		.uleb128 0x27
 386 002a 19       		.uleb128 0x19
 387 002b 49       		.uleb128 0x49
 388 002c 13       		.uleb128 0x13
 389 002d 11       		.uleb128 0x11
 390 002e 01       		.uleb128 0x1
 391 002f 12       		.uleb128 0x12
 392 0030 06       		.uleb128 0x6
 393 0031 40       		.uleb128 0x40
 394 0032 18       		.uleb128 0x18
 395 0033 9742     		.uleb128 0x2117
 396 0035 19       		.uleb128 0x19
 397 0036 01       		.uleb128 0x1
 398 0037 13       		.uleb128 0x13
 399 0038 00       		.byte	0
 400 0039 00       		.byte	0
 401 003a 04       		.uleb128 0x4
 402 003b 05       		.uleb128 0x5
 403 003c 00       		.byte	0
 404 003d 03       		.uleb128 0x3
 405 003e 08       		.uleb128 0x8
 406 003f 3A       		.uleb128 0x3a
 407 0040 0B       		.uleb128 0xb
ARM GAS  C:\Users\Smaug\AppData\Local\Temp\cchgsRlh.s 			page 9


 408 0041 3B       		.uleb128 0x3b
 409 0042 0B       		.uleb128 0xb
 410 0043 49       		.uleb128 0x49
 411 0044 13       		.uleb128 0x13
 412 0045 02       		.uleb128 0x2
 413 0046 17       		.uleb128 0x17
 414 0047 00       		.byte	0
 415 0048 00       		.byte	0
 416 0049 05       		.uleb128 0x5
 417 004a 05       		.uleb128 0x5
 418 004b 00       		.byte	0
 419 004c 03       		.uleb128 0x3
 420 004d 08       		.uleb128 0x8
 421 004e 3A       		.uleb128 0x3a
 422 004f 0B       		.uleb128 0xb
 423 0050 3B       		.uleb128 0x3b
 424 0051 0B       		.uleb128 0xb
 425 0052 49       		.uleb128 0x49
 426 0053 13       		.uleb128 0x13
 427 0054 02       		.uleb128 0x2
 428 0055 18       		.uleb128 0x18
 429 0056 00       		.byte	0
 430 0057 00       		.byte	0
 431 0058 06       		.uleb128 0x6
 432 0059 24       		.uleb128 0x24
 433 005a 00       		.byte	0
 434 005b 0B       		.uleb128 0xb
 435 005c 0B       		.uleb128 0xb
 436 005d 3E       		.uleb128 0x3e
 437 005e 0B       		.uleb128 0xb
 438 005f 03       		.uleb128 0x3
 439 0060 08       		.uleb128 0x8
 440 0061 00       		.byte	0
 441 0062 00       		.byte	0
 442 0063 07       		.uleb128 0x7
 443 0064 05       		.uleb128 0x5
 444 0065 00       		.byte	0
 445 0066 03       		.uleb128 0x3
 446 0067 0E       		.uleb128 0xe
 447 0068 3A       		.uleb128 0x3a
 448 0069 0B       		.uleb128 0xb
 449 006a 3B       		.uleb128 0x3b
 450 006b 0B       		.uleb128 0xb
 451 006c 49       		.uleb128 0x49
 452 006d 13       		.uleb128 0x13
 453 006e 02       		.uleb128 0x2
 454 006f 17       		.uleb128 0x17
 455 0070 00       		.byte	0
 456 0071 00       		.byte	0
 457 0072 08       		.uleb128 0x8
 458 0073 05       		.uleb128 0x5
 459 0074 00       		.byte	0
 460 0075 03       		.uleb128 0x3
 461 0076 0E       		.uleb128 0xe
 462 0077 3A       		.uleb128 0x3a
 463 0078 0B       		.uleb128 0xb
 464 0079 3B       		.uleb128 0x3b
ARM GAS  C:\Users\Smaug\AppData\Local\Temp\cchgsRlh.s 			page 10


 465 007a 0B       		.uleb128 0xb
 466 007b 49       		.uleb128 0x49
 467 007c 13       		.uleb128 0x13
 468 007d 02       		.uleb128 0x2
 469 007e 18       		.uleb128 0x18
 470 007f 00       		.byte	0
 471 0080 00       		.byte	0
 472 0081 09       		.uleb128 0x9
 473 0082 2E       		.uleb128 0x2e
 474 0083 01       		.byte	0x1
 475 0084 3F       		.uleb128 0x3f
 476 0085 19       		.uleb128 0x19
 477 0086 03       		.uleb128 0x3
 478 0087 0E       		.uleb128 0xe
 479 0088 3A       		.uleb128 0x3a
 480 0089 0B       		.uleb128 0xb
 481 008a 3B       		.uleb128 0x3b
 482 008b 0B       		.uleb128 0xb
 483 008c 27       		.uleb128 0x27
 484 008d 19       		.uleb128 0x19
 485 008e 49       		.uleb128 0x49
 486 008f 13       		.uleb128 0x13
 487 0090 11       		.uleb128 0x11
 488 0091 01       		.uleb128 0x1
 489 0092 12       		.uleb128 0x12
 490 0093 06       		.uleb128 0x6
 491 0094 40       		.uleb128 0x40
 492 0095 18       		.uleb128 0x18
 493 0096 9742     		.uleb128 0x2117
 494 0098 19       		.uleb128 0x19
 495 0099 00       		.byte	0
 496 009a 00       		.byte	0
 497 009b 00       		.byte	0
 498              		.section	.debug_loc,"",%progbits
 499              	.Ldebug_loc0:
 500              	.LLST0:
 501 0000 00000000 		.4byte	.LVL0
 502 0004 0A000000 		.4byte	.LVL1
 503 0008 0100     		.2byte	0x1
 504 000a 50       		.byte	0x50
 505 000b 0A000000 		.4byte	.LVL1
 506 000f 0C000000 		.4byte	.LVL2
 507 0013 0400     		.2byte	0x4
 508 0015 F3       		.byte	0xf3
 509 0016 01       		.uleb128 0x1
 510 0017 50       		.byte	0x50
 511 0018 9F       		.byte	0x9f
 512 0019 0C000000 		.4byte	.LVL2
 513 001d 0E000000 		.4byte	.LVL3
 514 0021 0100     		.2byte	0x1
 515 0023 50       		.byte	0x50
 516 0024 0E000000 		.4byte	.LVL3
 517 0028 10000000 		.4byte	.LFE0
 518 002c 0400     		.2byte	0x4
 519 002e F3       		.byte	0xf3
 520 002f 01       		.uleb128 0x1
 521 0030 50       		.byte	0x50
ARM GAS  C:\Users\Smaug\AppData\Local\Temp\cchgsRlh.s 			page 11


 522 0031 9F       		.byte	0x9f
 523 0032 00000000 		.4byte	0
 524 0036 00000000 		.4byte	0
 525              	.LLST1:
 526 003a 00000000 		.4byte	.LVL4
 527 003e 22000000 		.4byte	.LVL5
 528 0042 0100     		.2byte	0x1
 529 0044 50       		.byte	0x50
 530 0045 22000000 		.4byte	.LVL5
 531 0049 24000000 		.4byte	.LVL6
 532 004d 0200     		.2byte	0x2
 533 004f 90       		.byte	0x90
 534 0050 4E       		.uleb128 0x4e
 535 0051 24000000 		.4byte	.LVL6
 536 0055 26000000 		.4byte	.LVL7
 537 0059 0100     		.2byte	0x1
 538 005b 50       		.byte	0x50
 539 005c 26000000 		.4byte	.LVL7
 540 0060 28000000 		.4byte	.LVL8
 541 0064 0200     		.2byte	0x2
 542 0066 90       		.byte	0x90
 543 0067 4E       		.uleb128 0x4e
 544 0068 28000000 		.4byte	.LVL8
 545 006c 2A000000 		.4byte	.LFE1
 546 0070 0100     		.2byte	0x1
 547 0072 50       		.byte	0x50
 548 0073 00000000 		.4byte	0
 549 0077 00000000 		.4byte	0
 550              	.LLST2:
 551 007b 00000000 		.4byte	.LVL9
 552 007f 04000000 		.4byte	.LVL10
 553 0083 0100     		.2byte	0x1
 554 0085 50       		.byte	0x50
 555 0086 04000000 		.4byte	.LVL10
 556 008a 1A000000 		.4byte	.LFE2
 557 008e 0400     		.2byte	0x4
 558 0090 F3       		.byte	0xf3
 559 0091 01       		.uleb128 0x1
 560 0092 50       		.byte	0x50
 561 0093 9F       		.byte	0x9f
 562 0094 00000000 		.4byte	0
 563 0098 00000000 		.4byte	0
 564              	.LLST3:
 565 009c 00000000 		.4byte	.LVL9
 566 00a0 0E000000 		.4byte	.LVL11
 567 00a4 0100     		.2byte	0x1
 568 00a6 52       		.byte	0x52
 569 00a7 0E000000 		.4byte	.LVL11
 570 00ab 1A000000 		.4byte	.LFE2
 571 00af 0400     		.2byte	0x4
 572 00b1 F3       		.byte	0xf3
 573 00b2 01       		.uleb128 0x1
 574 00b3 52       		.byte	0x52
 575 00b4 9F       		.byte	0x9f
 576 00b5 00000000 		.4byte	0
 577 00b9 00000000 		.4byte	0
 578              	.LLST4:
ARM GAS  C:\Users\Smaug\AppData\Local\Temp\cchgsRlh.s 			page 12


 579 00bd 00000000 		.4byte	.LVL9
 580 00c1 18000000 		.4byte	.LVL12
 581 00c5 0200     		.2byte	0x2
 582 00c7 91       		.byte	0x91
 583 00c8 00       		.sleb128 0
 584 00c9 18000000 		.4byte	.LVL12
 585 00cd 1A000000 		.4byte	.LFE2
 586 00d1 0200     		.2byte	0x2
 587 00d3 7D       		.byte	0x7d
 588 00d4 00       		.sleb128 0
 589 00d5 00000000 		.4byte	0
 590 00d9 00000000 		.4byte	0
 591              	.LLST5:
 592 00dd 00000000 		.4byte	.LVL13
 593 00e1 30000000 		.4byte	.LVL14
 594 00e5 0100     		.2byte	0x1
 595 00e7 50       		.byte	0x50
 596 00e8 30000000 		.4byte	.LVL14
 597 00ec 32000000 		.4byte	.LFE3
 598 00f0 0600     		.2byte	0x6
 599 00f2 F3       		.byte	0xf3
 600 00f3 03       		.uleb128 0x3
 601 00f4 F5       		.byte	0xf5
 602 00f5 00       		.uleb128 0
 603 00f6 25       		.uleb128 0x25
 604 00f7 9F       		.byte	0x9f
 605 00f8 00000000 		.4byte	0
 606 00fc 00000000 		.4byte	0
 607              		.section	.debug_aranges,"",%progbits
 608 0000 34000000 		.4byte	0x34
 609 0004 0200     		.2byte	0x2
 610 0006 00000000 		.4byte	.Ldebug_info0
 611 000a 04       		.byte	0x4
 612 000b 00       		.byte	0
 613 000c 0000     		.2byte	0
 614 000e 0000     		.2byte	0
 615 0010 00000000 		.4byte	.LFB0
 616 0014 10000000 		.4byte	.LFE0-.LFB0
 617 0018 00000000 		.4byte	.LFB1
 618 001c 2A000000 		.4byte	.LFE1-.LFB1
 619 0020 00000000 		.4byte	.LFB2
 620 0024 1A000000 		.4byte	.LFE2-.LFB2
 621 0028 00000000 		.4byte	.LFB3
 622 002c 32000000 		.4byte	.LFE3-.LFB3
 623 0030 00000000 		.4byte	0
 624 0034 00000000 		.4byte	0
 625              		.section	.debug_ranges,"",%progbits
 626              	.Ldebug_ranges0:
 627 0000 00000000 		.4byte	.LFB0
 628 0004 10000000 		.4byte	.LFE0
 629 0008 00000000 		.4byte	.LFB1
 630 000c 2A000000 		.4byte	.LFE1
 631 0010 00000000 		.4byte	.LFB2
 632 0014 1A000000 		.4byte	.LFE2
 633 0018 00000000 		.4byte	.LFB3
 634 001c 32000000 		.4byte	.LFE3
 635 0020 00000000 		.4byte	0
ARM GAS  C:\Users\Smaug\AppData\Local\Temp\cchgsRlh.s 			page 13


 636 0024 00000000 		.4byte	0
 637              		.section	.debug_line,"",%progbits
 638              	.Ldebug_line0:
 639 0000 6C000000 		.section	.debug_str,"MS",%progbits,1
 639      02001E00 
 639      00000201 
 639      FB0E0D00 
 639      01010101 
 640              	.LASF3:
 641 0000 6D61705F 		.ascii	"map_int\000"
 641      696E7400 
 642              	.LASF0:
 643 0008 666C6F61 		.ascii	"float\000"
 643      7400
 644              	.LASF1:
 645 000e 636F6E73 		.ascii	"constrain_int\000"
 645      74726169 
 645      6E5F696E 
 645      7400
 646              	.LASF4:
 647 001c 76616C75 		.ascii	"value\000"
 647      6500
 648              	.LASF5:
 649 0022 696E5F6D 		.ascii	"in_min\000"
 649      696E00
 650              	.LASF2:
 651 0029 636F6E73 		.ascii	"constrain_float\000"
 651      74726169 
 651      6E5F666C 
 651      6F617400 
 652              	.LASF10:
 653 0039 7574696C 		.ascii	"utils.c\000"
 653      732E6300 
 654              	.LASF11:
 655 0041 443A5C48 		.ascii	"D:\\Hackathon-Infineon\\Hackaton.cydsn\000"
 655      61636B61 
 655      74686F6E 
 655      2D496E66 
 655      696E656F 
 656              	.LASF9:
 657 0066 474E5520 		.ascii	"GNU C11 5.4.1 20160609 (release) [ARM/embedded-5-br"
 657      43313120 
 657      352E342E 
 657      31203230 
 657      31363036 
 658 0099 616E6368 		.ascii	"anch revision 237715] -mcpu=cortex-m4 -mfloat-abi=s"
 658      20726576 
 658      6973696F 
 658      6E203233 
 658      37373135 
 659 00cc 6F667466 		.ascii	"oftfp -mfpu=fpv4-sp-d16 -mthumb -g -Og -ffunction-s"
 659      70202D6D 
 659      6670753D 
 659      66707634 
 659      2D73702D 
 660 00ff 65637469 		.ascii	"ections -ffat-lto-objects\000"
 660      6F6E7320 
ARM GAS  C:\Users\Smaug\AppData\Local\Temp\cchgsRlh.s 			page 14


 660      2D666661 
 660      742D6C74 
 660      6F2D6F62 
 661              	.LASF6:
 662 0119 696E5F6D 		.ascii	"in_max\000"
 662      617800
 663              	.LASF7:
 664 0120 6F75745F 		.ascii	"out_min\000"
 664      6D696E00 
 665              	.LASF8:
 666 0128 6F75745F 		.ascii	"out_max\000"
 666      6D617800 
 667              	.LASF12:
 668 0130 6D61705F 		.ascii	"map_float\000"
 668      666C6F61 
 668      7400
 669              		.ident	"GCC: (GNU Tools for ARM Embedded Processors) 5.4.1 20160609 (release) [ARM/embedded-5-bran
