ARM GAS  C:\Users\Nazar\AppData\Local\Temp\ccphr1iU.s 			page 1


   1              		.syntax unified
   2              		.cpu cortex-m0plus
   3              		.fpu softvfp
   4              		.eabi_attribute 20, 1
   5              		.eabi_attribute 21, 1
   6              		.eabi_attribute 23, 3
   7              		.eabi_attribute 24, 1
   8              		.eabi_attribute 25, 1
   9              		.eabi_attribute 26, 1
  10              		.eabi_attribute 30, 1
  11              		.eabi_attribute 34, 0
  12              		.eabi_attribute 18, 4
  13              		.thumb
  14              		.syntax unified
  15              		.file	"BLE_custom_config.c"
  16              		.text
  17              	.Ltext0:
  18              		.cfi_sections	.debug_frame
  19              		.global	cy_ble_customConfig
  20              		.section	.rodata
  21              		.align	2
  22              		.type	cy_ble_customs, %object
  23              		.size	cy_ble_customs, 10
  24              	cy_ble_customs:
  25 0000 1000     		.short	16
  26 0002 1200     		.short	18
  27 0004 0000     		.short	0
  28 0006 1400     		.short	20
  29 0008 1500     		.short	21
  30              		.data
  31              		.align	2
  32              		.type	cy_ble_customConfig, %object
  33              		.size	cy_ble_customConfig, 4
  34              	cy_ble_customConfig:
  35 0000 00000000 		.word	cy_ble_customs
  36              		.text
  37              	.Letext0:
  38              		.file 1 "c:\\myapps\\psoc_creator\\psoc creator\\4.4\\psoc creator\\import\\gnu\\arm\\5.4.1\\arm-n
  39              		.file 2 "c:\\myapps\\psoc_creator\\psoc creator\\4.4\\psoc creator\\import\\gnu\\arm\\5.4.1\\arm-n
  40              		.file 3 "Generated_Source\\PSoC6\\pdl\\drivers/peripheral/device/cy_device.h"
  41              		.file 4 "Generated_Source\\PSoC6\\pdl\\middleware/ble/cy_ble_stack_host_main.h"
  42              		.file 5 "Generated_Source\\PSoC6\\pdl\\middleware/ble/cy_ble_stack_gatt.h"
  43              		.file 6 "Generated_Source\\PSoC6\\pdl\\middleware/ble/cy_ble_gap.h"
  44              		.file 7 "Generated_Source\\PSoC6\\pdl\\middleware/ble/cy_ble_custom.h"
  45              		.file 8 "Generated_Source\\PSoC6\\BLE_custom_config.c"
  46              		.section	.debug_info,"",%progbits
  47              	.Ldebug_info0:
  48 0000 E6060000 		.4byte	0x6e6
  49 0004 0400     		.2byte	0x4
  50 0006 00000000 		.4byte	.Ldebug_abbrev0
  51 000a 04       		.byte	0x4
  52 000b 01       		.uleb128 0x1
  53 000c 90070000 		.4byte	.LASF141
  54 0010 0C       		.byte	0xc
  55 0011 16040000 		.4byte	.LASF142
  56 0015 5B000000 		.4byte	.LASF143
  57 0019 00000000 		.4byte	.Ldebug_line0
ARM GAS  C:\Users\Nazar\AppData\Local\Temp\ccphr1iU.s 			page 2


  58 001d 02       		.uleb128 0x2
  59 001e 04       		.byte	0x4
  60 001f 05       		.byte	0x5
  61 0020 696E7400 		.ascii	"int\000"
  62 0024 03       		.uleb128 0x3
  63 0025 04       		.byte	0x4
  64 0026 07       		.byte	0x7
  65 0027 81030000 		.4byte	.LASF0
  66 002b 03       		.uleb128 0x3
  67 002c 08       		.byte	0x8
  68 002d 05       		.byte	0x5
  69 002e 81010000 		.4byte	.LASF1
  70 0032 03       		.uleb128 0x3
  71 0033 08       		.byte	0x8
  72 0034 04       		.byte	0x4
  73 0035 22080000 		.4byte	.LASF2
  74 0039 03       		.uleb128 0x3
  75 003a 01       		.byte	0x1
  76 003b 06       		.byte	0x6
  77 003c 8F010000 		.4byte	.LASF3
  78 0040 04       		.uleb128 0x4
  79 0041 A8000000 		.4byte	.LASF5
  80 0045 01       		.byte	0x1
  81 0046 1D       		.byte	0x1d
  82 0047 4B000000 		.4byte	0x4b
  83 004b 03       		.uleb128 0x3
  84 004c 01       		.byte	0x1
  85 004d 08       		.byte	0x8
  86 004e CB060000 		.4byte	.LASF4
  87 0052 04       		.uleb128 0x4
  88 0053 18030000 		.4byte	.LASF6
  89 0057 01       		.byte	0x1
  90 0058 29       		.byte	0x29
  91 0059 5D000000 		.4byte	0x5d
  92 005d 03       		.uleb128 0x3
  93 005e 02       		.byte	0x2
  94 005f 05       		.byte	0x5
  95 0060 ED060000 		.4byte	.LASF7
  96 0064 04       		.uleb128 0x4
  97 0065 4D080000 		.4byte	.LASF8
  98 0069 01       		.byte	0x1
  99 006a 2B       		.byte	0x2b
 100 006b 6F000000 		.4byte	0x6f
 101 006f 03       		.uleb128 0x3
 102 0070 02       		.byte	0x2
 103 0071 07       		.byte	0x7
 104 0072 9C080000 		.4byte	.LASF9
 105 0076 03       		.uleb128 0x3
 106 0077 04       		.byte	0x4
 107 0078 05       		.byte	0x5
 108 0079 03020000 		.4byte	.LASF10
 109 007d 04       		.uleb128 0x4
 110 007e EE020000 		.4byte	.LASF11
 111 0082 01       		.byte	0x1
 112 0083 41       		.byte	0x41
 113 0084 88000000 		.4byte	0x88
 114 0088 03       		.uleb128 0x3
ARM GAS  C:\Users\Nazar\AppData\Local\Temp\ccphr1iU.s 			page 3


 115 0089 04       		.byte	0x4
 116 008a 07       		.byte	0x7
 117 008b F0030000 		.4byte	.LASF12
 118 008f 03       		.uleb128 0x3
 119 0090 08       		.byte	0x8
 120 0091 07       		.byte	0x7
 121 0092 16010000 		.4byte	.LASF13
 122 0096 03       		.uleb128 0x3
 123 0097 04       		.byte	0x4
 124 0098 07       		.byte	0x7
 125 0099 46050000 		.4byte	.LASF14
 126 009d 03       		.uleb128 0x3
 127 009e 01       		.byte	0x1
 128 009f 08       		.byte	0x8
 129 00a0 2E080000 		.4byte	.LASF15
 130 00a4 04       		.uleb128 0x4
 131 00a5 60090000 		.4byte	.LASF16
 132 00a9 02       		.byte	0x2
 133 00aa 18       		.byte	0x18
 134 00ab 40000000 		.4byte	0x40
 135 00af 04       		.uleb128 0x4
 136 00b0 79010000 		.4byte	.LASF17
 137 00b4 02       		.byte	0x2
 138 00b5 20       		.byte	0x20
 139 00b6 52000000 		.4byte	0x52
 140 00ba 04       		.uleb128 0x4
 141 00bb D5030000 		.4byte	.LASF18
 142 00bf 02       		.byte	0x2
 143 00c0 24       		.byte	0x24
 144 00c1 64000000 		.4byte	0x64
 145 00c5 04       		.uleb128 0x4
 146 00c6 87070000 		.4byte	.LASF19
 147 00ca 02       		.byte	0x2
 148 00cb 30       		.byte	0x30
 149 00cc 7D000000 		.4byte	0x7d
 150 00d0 05       		.uleb128 0x5
 151 00d1 B8       		.byte	0xb8
 152 00d2 03       		.byte	0x3
 153 00d3 34       		.byte	0x34
 154 00d4 E1040000 		.4byte	0x4e1
 155 00d8 06       		.uleb128 0x6
 156 00d9 F1000000 		.4byte	.LASF20
 157 00dd 03       		.byte	0x3
 158 00de 37       		.byte	0x37
 159 00df C5000000 		.4byte	0xc5
 160 00e3 00       		.byte	0
 161 00e4 06       		.uleb128 0x6
 162 00e5 E3020000 		.4byte	.LASF21
 163 00e9 03       		.byte	0x3
 164 00ea 38       		.byte	0x38
 165 00eb C5000000 		.4byte	0xc5
 166 00ef 04       		.byte	0x4
 167 00f0 06       		.uleb128 0x6
 168 00f1 47020000 		.4byte	.LASF22
 169 00f5 03       		.byte	0x3
 170 00f6 39       		.byte	0x39
 171 00f7 C5000000 		.4byte	0xc5
ARM GAS  C:\Users\Nazar\AppData\Local\Temp\ccphr1iU.s 			page 4


 172 00fb 08       		.byte	0x8
 173 00fc 06       		.uleb128 0x6
 174 00fd 93060000 		.4byte	.LASF23
 175 0101 03       		.byte	0x3
 176 0102 3A       		.byte	0x3a
 177 0103 C5000000 		.4byte	0xc5
 178 0107 0C       		.byte	0xc
 179 0108 06       		.uleb128 0x6
 180 0109 B0010000 		.4byte	.LASF24
 181 010d 03       		.byte	0x3
 182 010e 3B       		.byte	0x3b
 183 010f C5000000 		.4byte	0xc5
 184 0113 10       		.byte	0x10
 185 0114 06       		.uleb128 0x6
 186 0115 F9010000 		.4byte	.LASF25
 187 0119 03       		.byte	0x3
 188 011a 3C       		.byte	0x3c
 189 011b C5000000 		.4byte	0xc5
 190 011f 14       		.byte	0x14
 191 0120 06       		.uleb128 0x6
 192 0121 0D040000 		.4byte	.LASF26
 193 0125 03       		.byte	0x3
 194 0126 3D       		.byte	0x3d
 195 0127 C5000000 		.4byte	0xc5
 196 012b 18       		.byte	0x18
 197 012c 06       		.uleb128 0x6
 198 012d 89000000 		.4byte	.LASF27
 199 0131 03       		.byte	0x3
 200 0132 3E       		.byte	0x3e
 201 0133 C5000000 		.4byte	0xc5
 202 0137 1C       		.byte	0x1c
 203 0138 06       		.uleb128 0x6
 204 0139 CA090000 		.4byte	.LASF28
 205 013d 03       		.byte	0x3
 206 013e 3F       		.byte	0x3f
 207 013f C5000000 		.4byte	0xc5
 208 0143 20       		.byte	0x20
 209 0144 06       		.uleb128 0x6
 210 0145 04060000 		.4byte	.LASF29
 211 0149 03       		.byte	0x3
 212 014a 40       		.byte	0x40
 213 014b C5000000 		.4byte	0xc5
 214 014f 24       		.byte	0x24
 215 0150 06       		.uleb128 0x6
 216 0151 FB040000 		.4byte	.LASF30
 217 0155 03       		.byte	0x3
 218 0156 43       		.byte	0x43
 219 0157 A4000000 		.4byte	0xa4
 220 015b 28       		.byte	0x28
 221 015c 06       		.uleb128 0x6
 222 015d 4D000000 		.4byte	.LASF31
 223 0161 03       		.byte	0x3
 224 0162 44       		.byte	0x44
 225 0163 A4000000 		.4byte	0xa4
 226 0167 29       		.byte	0x29
 227 0168 06       		.uleb128 0x6
 228 0169 C0090000 		.4byte	.LASF32
ARM GAS  C:\Users\Nazar\AppData\Local\Temp\ccphr1iU.s 			page 5


 229 016d 03       		.byte	0x3
 230 016e 45       		.byte	0x45
 231 016f A4000000 		.4byte	0xa4
 232 0173 2A       		.byte	0x2a
 233 0174 06       		.uleb128 0x6
 234 0175 F6050000 		.4byte	.LASF33
 235 0179 03       		.byte	0x3
 236 017a 46       		.byte	0x46
 237 017b A4000000 		.4byte	0xa4
 238 017f 2B       		.byte	0x2b
 239 0180 06       		.uleb128 0x6
 240 0181 8B040000 		.4byte	.LASF34
 241 0185 03       		.byte	0x3
 242 0186 47       		.byte	0x47
 243 0187 A4000000 		.4byte	0xa4
 244 018b 2C       		.byte	0x2c
 245 018c 06       		.uleb128 0x6
 246 018d 7B080000 		.4byte	.LASF35
 247 0191 03       		.byte	0x3
 248 0192 48       		.byte	0x48
 249 0193 A4000000 		.4byte	0xa4
 250 0197 2D       		.byte	0x2d
 251 0198 06       		.uleb128 0x6
 252 0199 B9010000 		.4byte	.LASF36
 253 019d 03       		.byte	0x3
 254 019e 49       		.byte	0x49
 255 019f A4000000 		.4byte	0xa4
 256 01a3 2E       		.byte	0x2e
 257 01a4 06       		.uleb128 0x6
 258 01a5 25050000 		.4byte	.LASF37
 259 01a9 03       		.byte	0x3
 260 01aa 4A       		.byte	0x4a
 261 01ab A4000000 		.4byte	0xa4
 262 01af 2F       		.byte	0x2f
 263 01b0 06       		.uleb128 0x6
 264 01b1 33080000 		.4byte	.LASF38
 265 01b5 03       		.byte	0x3
 266 01b6 4B       		.byte	0x4b
 267 01b7 A4000000 		.4byte	0xa4
 268 01bb 30       		.byte	0x30
 269 01bc 06       		.uleb128 0x6
 270 01bd 02040000 		.4byte	.LASF39
 271 01c1 03       		.byte	0x3
 272 01c2 4E       		.byte	0x4e
 273 01c3 A4000000 		.4byte	0xa4
 274 01c7 31       		.byte	0x31
 275 01c8 06       		.uleb128 0x6
 276 01c9 9A000000 		.4byte	.LASF40
 277 01cd 03       		.byte	0x3
 278 01ce 4F       		.byte	0x4f
 279 01cf A4000000 		.4byte	0xa4
 280 01d3 32       		.byte	0x32
 281 01d4 06       		.uleb128 0x6
 282 01d5 75030000 		.4byte	.LASF41
 283 01d9 03       		.byte	0x3
 284 01da 50       		.byte	0x50
 285 01db A4000000 		.4byte	0xa4
ARM GAS  C:\Users\Nazar\AppData\Local\Temp\ccphr1iU.s 			page 6


 286 01df 33       		.byte	0x33
 287 01e0 06       		.uleb128 0x6
 288 01e1 5A050000 		.4byte	.LASF42
 289 01e5 03       		.byte	0x3
 290 01e6 51       		.byte	0x51
 291 01e7 A4000000 		.4byte	0xa4
 292 01eb 34       		.byte	0x34
 293 01ec 06       		.uleb128 0x6
 294 01ed C6080000 		.4byte	.LASF43
 295 01f1 03       		.byte	0x3
 296 01f2 52       		.byte	0x52
 297 01f3 AF000000 		.4byte	0xaf
 298 01f7 36       		.byte	0x36
 299 01f8 06       		.uleb128 0x6
 300 01f9 61020000 		.4byte	.LASF44
 301 01fd 03       		.byte	0x3
 302 01fe 53       		.byte	0x53
 303 01ff AF000000 		.4byte	0xaf
 304 0203 38       		.byte	0x38
 305 0204 06       		.uleb128 0x6
 306 0205 15090000 		.4byte	.LASF45
 307 0209 03       		.byte	0x3
 308 020a 54       		.byte	0x54
 309 020b AF000000 		.4byte	0xaf
 310 020f 3A       		.byte	0x3a
 311 0210 06       		.uleb128 0x6
 312 0211 B1090000 		.4byte	.LASF46
 313 0215 03       		.byte	0x3
 314 0216 55       		.byte	0x55
 315 0217 A4000000 		.4byte	0xa4
 316 021b 3C       		.byte	0x3c
 317 021c 06       		.uleb128 0x6
 318 021d 88020000 		.4byte	.LASF47
 319 0221 03       		.byte	0x3
 320 0222 56       		.byte	0x56
 321 0223 A4000000 		.4byte	0xa4
 322 0227 3D       		.byte	0x3d
 323 0228 06       		.uleb128 0x6
 324 0229 69070000 		.4byte	.LASF48
 325 022d 03       		.byte	0x3
 326 022e 57       		.byte	0x57
 327 022f A4000000 		.4byte	0xa4
 328 0233 3E       		.byte	0x3e
 329 0234 06       		.uleb128 0x6
 330 0235 0A010000 		.4byte	.LASF49
 331 0239 03       		.byte	0x3
 332 023a 58       		.byte	0x58
 333 023b A4000000 		.4byte	0xa4
 334 023f 3F       		.byte	0x3f
 335 0240 06       		.uleb128 0x6
 336 0241 0F060000 		.4byte	.LASF50
 337 0245 03       		.byte	0x3
 338 0246 59       		.byte	0x59
 339 0247 A4000000 		.4byte	0xa4
 340 024b 40       		.byte	0x40
 341 024c 06       		.uleb128 0x6
 342 024d 08030000 		.4byte	.LASF51
ARM GAS  C:\Users\Nazar\AppData\Local\Temp\ccphr1iU.s 			page 7


 343 0251 03       		.byte	0x3
 344 0252 5A       		.byte	0x5a
 345 0253 A4000000 		.4byte	0xa4
 346 0257 41       		.byte	0x41
 347 0258 06       		.uleb128 0x6
 348 0259 A7040000 		.4byte	.LASF52
 349 025d 03       		.byte	0x3
 350 025e 5B       		.byte	0x5b
 351 025f A4000000 		.4byte	0xa4
 352 0263 42       		.byte	0x42
 353 0264 06       		.uleb128 0x6
 354 0265 D4050000 		.4byte	.LASF53
 355 0269 03       		.byte	0x3
 356 026a 5C       		.byte	0x5c
 357 026b A4000000 		.4byte	0xa4
 358 026f 43       		.byte	0x43
 359 0270 06       		.uleb128 0x6
 360 0271 50020000 		.4byte	.LASF54
 361 0275 03       		.byte	0x3
 362 0276 5D       		.byte	0x5d
 363 0277 A4000000 		.4byte	0xa4
 364 027b 44       		.byte	0x44
 365 027c 06       		.uleb128 0x6
 366 027d 00000000 		.4byte	.LASF55
 367 0281 03       		.byte	0x3
 368 0282 5E       		.byte	0x5e
 369 0283 C5000000 		.4byte	0xc5
 370 0287 48       		.byte	0x48
 371 0288 06       		.uleb128 0x6
 372 0289 23020000 		.4byte	.LASF56
 373 028d 03       		.byte	0x3
 374 028e 5F       		.byte	0x5f
 375 028f C5000000 		.4byte	0xc5
 376 0293 4C       		.byte	0x4c
 377 0294 06       		.uleb128 0x6
 378 0295 400A0000 		.4byte	.LASF57
 379 0299 03       		.byte	0x3
 380 029a 60       		.byte	0x60
 381 029b A4000000 		.4byte	0xa4
 382 029f 50       		.byte	0x50
 383 02a0 06       		.uleb128 0x6
 384 02a1 53010000 		.4byte	.LASF58
 385 02a5 03       		.byte	0x3
 386 02a6 61       		.byte	0x61
 387 02a7 A4000000 		.4byte	0xa4
 388 02ab 51       		.byte	0x51
 389 02ac 06       		.uleb128 0x6
 390 02ad 1C060000 		.4byte	.LASF59
 391 02b1 03       		.byte	0x3
 392 02b2 62       		.byte	0x62
 393 02b3 A4000000 		.4byte	0xa4
 394 02b7 52       		.byte	0x52
 395 02b8 06       		.uleb128 0x6
 396 02b9 E8090000 		.4byte	.LASF60
 397 02bd 03       		.byte	0x3
 398 02be 63       		.byte	0x63
 399 02bf A4000000 		.4byte	0xa4
ARM GAS  C:\Users\Nazar\AppData\Local\Temp\ccphr1iU.s 			page 8


 400 02c3 53       		.byte	0x53
 401 02c4 06       		.uleb128 0x6
 402 02c5 77070000 		.4byte	.LASF61
 403 02c9 03       		.byte	0x3
 404 02ca 64       		.byte	0x64
 405 02cb A4000000 		.4byte	0xa4
 406 02cf 54       		.byte	0x54
 407 02d0 06       		.uleb128 0x6
 408 02d1 65010000 		.4byte	.LASF62
 409 02d5 03       		.byte	0x3
 410 02d6 65       		.byte	0x65
 411 02d7 A4000000 		.4byte	0xa4
 412 02db 55       		.byte	0x55
 413 02dc 06       		.uleb128 0x6
 414 02dd 88080000 		.4byte	.LASF63
 415 02e1 03       		.byte	0x3
 416 02e2 66       		.byte	0x66
 417 02e3 A4000000 		.4byte	0xa4
 418 02e7 56       		.byte	0x56
 419 02e8 06       		.uleb128 0x6
 420 02e9 25070000 		.4byte	.LASF64
 421 02ed 03       		.byte	0x3
 422 02ee 67       		.byte	0x67
 423 02ef A4000000 		.4byte	0xa4
 424 02f3 57       		.byte	0x57
 425 02f4 06       		.uleb128 0x6
 426 02f5 12000000 		.4byte	.LASF65
 427 02f9 03       		.byte	0x3
 428 02fa 68       		.byte	0x68
 429 02fb A4000000 		.4byte	0xa4
 430 02ff 58       		.byte	0x58
 431 0300 06       		.uleb128 0x6
 432 0301 D9060000 		.4byte	.LASF66
 433 0305 03       		.byte	0x3
 434 0306 69       		.byte	0x69
 435 0307 A4000000 		.4byte	0xa4
 436 030b 59       		.byte	0x59
 437 030c 06       		.uleb128 0x6
 438 030d 4F050000 		.4byte	.LASF67
 439 0311 03       		.byte	0x3
 440 0312 6E       		.byte	0x6e
 441 0313 BA000000 		.4byte	0xba
 442 0317 5A       		.byte	0x5a
 443 0318 06       		.uleb128 0x6
 444 0319 AF080000 		.4byte	.LASF68
 445 031d 03       		.byte	0x3
 446 031e 6F       		.byte	0x6f
 447 031f BA000000 		.4byte	0xba
 448 0323 5C       		.byte	0x5c
 449 0324 06       		.uleb128 0x6
 450 0325 FB000000 		.4byte	.LASF69
 451 0329 03       		.byte	0x3
 452 032a 70       		.byte	0x70
 453 032b A4000000 		.4byte	0xa4
 454 032f 5E       		.byte	0x5e
 455 0330 06       		.uleb128 0x6
 456 0331 7D060000 		.4byte	.LASF70
ARM GAS  C:\Users\Nazar\AppData\Local\Temp\ccphr1iU.s 			page 9


 457 0335 03       		.byte	0x3
 458 0336 71       		.byte	0x71
 459 0337 A4000000 		.4byte	0xa4
 460 033b 5F       		.byte	0x5f
 461 033c 06       		.uleb128 0x6
 462 033d C3050000 		.4byte	.LASF71
 463 0341 03       		.byte	0x3
 464 0342 72       		.byte	0x72
 465 0343 A4000000 		.4byte	0xa4
 466 0347 60       		.byte	0x60
 467 0348 06       		.uleb128 0x6
 468 0349 56060000 		.4byte	.LASF72
 469 034d 03       		.byte	0x3
 470 034e 73       		.byte	0x73
 471 034f C5000000 		.4byte	0xc5
 472 0353 64       		.byte	0x64
 473 0354 06       		.uleb128 0x6
 474 0355 2D010000 		.4byte	.LASF73
 475 0359 03       		.byte	0x3
 476 035a 76       		.byte	0x76
 477 035b BA000000 		.4byte	0xba
 478 035f 68       		.byte	0x68
 479 0360 06       		.uleb128 0x6
 480 0361 DE030000 		.4byte	.LASF74
 481 0365 03       		.byte	0x3
 482 0366 77       		.byte	0x77
 483 0367 BA000000 		.4byte	0xba
 484 036b 6A       		.byte	0x6a
 485 036c 06       		.uleb128 0x6
 486 036d 41040000 		.4byte	.LASF75
 487 0371 03       		.byte	0x3
 488 0372 78       		.byte	0x78
 489 0373 BA000000 		.4byte	0xba
 490 0377 6C       		.byte	0x6c
 491 0378 06       		.uleb128 0x6
 492 0379 7E040000 		.4byte	.LASF76
 493 037d 03       		.byte	0x3
 494 037e 79       		.byte	0x79
 495 037f BA000000 		.4byte	0xba
 496 0383 6E       		.byte	0x6e
 497 0384 06       		.uleb128 0x6
 498 0385 11070000 		.4byte	.LASF77
 499 0389 03       		.byte	0x3
 500 038a 7B       		.byte	0x7b
 501 038b A4000000 		.4byte	0xa4
 502 038f 70       		.byte	0x70
 503 0390 06       		.uleb128 0x6
 504 0391 9B010000 		.4byte	.LASF78
 505 0395 03       		.byte	0x3
 506 0396 7C       		.byte	0x7c
 507 0397 A4000000 		.4byte	0xa4
 508 039b 71       		.byte	0x71
 509 039c 06       		.uleb128 0x6
 510 039d D2090000 		.4byte	.LASF79
 511 03a1 03       		.byte	0x3
 512 03a2 7D       		.byte	0x7d
 513 03a3 A4000000 		.4byte	0xa4
ARM GAS  C:\Users\Nazar\AppData\Local\Temp\ccphr1iU.s 			page 10


 514 03a7 72       		.byte	0x72
 515 03a8 06       		.uleb128 0x6
 516 03a9 8A050000 		.4byte	.LASF80
 517 03ad 03       		.byte	0x3
 518 03ae 7E       		.byte	0x7e
 519 03af A4000000 		.4byte	0xa4
 520 03b3 73       		.byte	0x73
 521 03b4 06       		.uleb128 0x6
 522 03b5 93020000 		.4byte	.LASF81
 523 03b9 03       		.byte	0x3
 524 03ba 80       		.byte	0x80
 525 03bb BA000000 		.4byte	0xba
 526 03bf 74       		.byte	0x74
 527 03c0 06       		.uleb128 0x6
 528 03c1 58080000 		.4byte	.LASF82
 529 03c5 03       		.byte	0x3
 530 03c6 81       		.byte	0x81
 531 03c7 BA000000 		.4byte	0xba
 532 03cb 76       		.byte	0x76
 533 03cc 06       		.uleb128 0x6
 534 03cd 73020000 		.4byte	.LASF83
 535 03d1 03       		.byte	0x3
 536 03d2 82       		.byte	0x82
 537 03d3 BA000000 		.4byte	0xba
 538 03d7 78       		.byte	0x78
 539 03d8 06       		.uleb128 0x6
 540 03d9 B2000000 		.4byte	.LASF84
 541 03dd 03       		.byte	0x3
 542 03de 83       		.byte	0x83
 543 03df BA000000 		.4byte	0xba
 544 03e3 7A       		.byte	0x7a
 545 03e4 06       		.uleb128 0x6
 546 03e5 7D090000 		.4byte	.LASF85
 547 03e9 03       		.byte	0x3
 548 03ea 86       		.byte	0x86
 549 03eb A4000000 		.4byte	0xa4
 550 03ef 7C       		.byte	0x7c
 551 03f0 06       		.uleb128 0x6
 552 03f1 D3080000 		.4byte	.LASF86
 553 03f5 03       		.byte	0x3
 554 03f6 87       		.byte	0x87
 555 03f7 A4000000 		.4byte	0xa4
 556 03fb 7D       		.byte	0x7d
 557 03fc 06       		.uleb128 0x6
 558 03fd 26000000 		.4byte	.LASF87
 559 0401 03       		.byte	0x3
 560 0402 88       		.byte	0x88
 561 0403 A4000000 		.4byte	0xa4
 562 0407 7E       		.byte	0x7e
 563 0408 06       		.uleb128 0x6
 564 0409 CF020000 		.4byte	.LASF88
 565 040d 03       		.byte	0x3
 566 040e 89       		.byte	0x89
 567 040f A4000000 		.4byte	0xa4
 568 0413 7F       		.byte	0x7f
 569 0414 06       		.uleb128 0x6
 570 0415 61030000 		.4byte	.LASF89
ARM GAS  C:\Users\Nazar\AppData\Local\Temp\ccphr1iU.s 			page 11


 571 0419 03       		.byte	0x3
 572 041a 8A       		.byte	0x8a
 573 041b A4000000 		.4byte	0xa4
 574 041f 80       		.byte	0x80
 575 0420 06       		.uleb128 0x6
 576 0421 DE040000 		.4byte	.LASF90
 577 0425 03       		.byte	0x3
 578 0426 8D       		.byte	0x8d
 579 0427 C5000000 		.4byte	0xc5
 580 042b 84       		.byte	0x84
 581 042c 06       		.uleb128 0x6
 582 042d 0C020000 		.4byte	.LASF91
 583 0431 03       		.byte	0x3
 584 0432 8E       		.byte	0x8e
 585 0433 C5000000 		.4byte	0xc5
 586 0437 88       		.byte	0x88
 587 0438 06       		.uleb128 0x6
 588 0439 68090000 		.4byte	.LASF92
 589 043d 03       		.byte	0x3
 590 043e 8F       		.byte	0x8f
 591 043f C5000000 		.4byte	0xc5
 592 0443 8C       		.byte	0x8c
 593 0444 06       		.uleb128 0x6
 594 0445 31050000 		.4byte	.LASF93
 595 0449 03       		.byte	0x3
 596 044a 90       		.byte	0x90
 597 044b C5000000 		.4byte	0xc5
 598 044f 90       		.byte	0x90
 599 0450 06       		.uleb128 0x6
 600 0451 22030000 		.4byte	.LASF94
 601 0455 03       		.byte	0x3
 602 0456 91       		.byte	0x91
 603 0457 C5000000 		.4byte	0xc5
 604 045b 94       		.byte	0x94
 605 045c 06       		.uleb128 0x6
 606 045d C8040000 		.4byte	.LASF95
 607 0461 03       		.byte	0x3
 608 0462 92       		.byte	0x92
 609 0463 C5000000 		.4byte	0xc5
 610 0467 98       		.byte	0x98
 611 0468 06       		.uleb128 0x6
 612 0469 92090000 		.4byte	.LASF96
 613 046d 03       		.byte	0x3
 614 046e 93       		.byte	0x93
 615 046f C5000000 		.4byte	0xc5
 616 0473 9C       		.byte	0x9c
 617 0474 06       		.uleb128 0x6
 618 0475 3D010000 		.4byte	.LASF97
 619 0479 03       		.byte	0x3
 620 047a 94       		.byte	0x94
 621 047b C5000000 		.4byte	0xc5
 622 047f A0       		.byte	0xa0
 623 0480 06       		.uleb128 0x6
 624 0481 C4010000 		.4byte	.LASF98
 625 0485 03       		.byte	0x3
 626 0486 95       		.byte	0x95
 627 0487 BA000000 		.4byte	0xba
ARM GAS  C:\Users\Nazar\AppData\Local\Temp\ccphr1iU.s 			page 12


 628 048b A4       		.byte	0xa4
 629 048c 06       		.uleb128 0x6
 630 048d B3040000 		.4byte	.LASF99
 631 0491 03       		.byte	0x3
 632 0492 96       		.byte	0x96
 633 0493 BA000000 		.4byte	0xba
 634 0497 A6       		.byte	0xa6
 635 0498 06       		.uleb128 0x6
 636 0499 71060000 		.4byte	.LASF100
 637 049d 03       		.byte	0x3
 638 049e 97       		.byte	0x97
 639 049f BA000000 		.4byte	0xba
 640 04a3 A8       		.byte	0xa8
 641 04a4 06       		.uleb128 0x6
 642 04a5 3F080000 		.4byte	.LASF101
 643 04a9 03       		.byte	0x3
 644 04aa 98       		.byte	0x98
 645 04ab BA000000 		.4byte	0xba
 646 04af AA       		.byte	0xaa
 647 04b0 06       		.uleb128 0x6
 648 04b1 50040000 		.4byte	.LASF102
 649 04b5 03       		.byte	0x3
 650 04b6 99       		.byte	0x99
 651 04b7 BA000000 		.4byte	0xba
 652 04bb AC       		.byte	0xac
 653 04bc 06       		.uleb128 0x6
 654 04bd A1050000 		.4byte	.LASF103
 655 04c1 03       		.byte	0x3
 656 04c2 9A       		.byte	0x9a
 657 04c3 BA000000 		.4byte	0xba
 658 04c7 AE       		.byte	0xae
 659 04c8 06       		.uleb128 0x6
 660 04c9 B8080000 		.4byte	.LASF104
 661 04cd 03       		.byte	0x3
 662 04ce 9D       		.byte	0x9d
 663 04cf BA000000 		.4byte	0xba
 664 04d3 B0       		.byte	0xb0
 665 04d4 06       		.uleb128 0x6
 666 04d5 39000000 		.4byte	.LASF105
 667 04d9 03       		.byte	0x3
 668 04da 9E       		.byte	0x9e
 669 04db C5000000 		.4byte	0xc5
 670 04df B4       		.byte	0xb4
 671 04e0 00       		.byte	0
 672 04e1 04       		.uleb128 0x4
 673 04e2 97040000 		.4byte	.LASF106
 674 04e6 03       		.byte	0x3
 675 04e7 9F       		.byte	0x9f
 676 04e8 D0000000 		.4byte	0xd0
 677 04ec 03       		.uleb128 0x3
 678 04ed 04       		.byte	0x4
 679 04ee 04       		.byte	0x4
 680 04ef 50060000 		.4byte	.LASF107
 681 04f3 03       		.uleb128 0x3
 682 04f4 08       		.byte	0x8
 683 04f5 04       		.byte	0x4
 684 04f6 6C020000 		.4byte	.LASF108
ARM GAS  C:\Users\Nazar\AppData\Local\Temp\ccphr1iU.s 			page 13


 685 04fa 07       		.uleb128 0x7
 686 04fb 02       		.byte	0x2
 687 04fc 04       		.byte	0x4
 688 04fd 6401     		.2byte	0x164
 689 04ff 1E050000 		.4byte	0x51e
 690 0503 08       		.uleb128 0x8
 691 0504 A8090000 		.4byte	.LASF109
 692 0508 04       		.byte	0x4
 693 0509 6E01     		.2byte	0x16e
 694 050b A4000000 		.4byte	0xa4
 695 050f 00       		.byte	0
 696 0510 08       		.uleb128 0x8
 697 0511 F5040000 		.4byte	.LASF110
 698 0515 04       		.byte	0x4
 699 0516 7201     		.2byte	0x172
 700 0518 A4000000 		.4byte	0xa4
 701 051c 01       		.byte	0x1
 702 051d 00       		.byte	0
 703 051e 09       		.uleb128 0x9
 704 051f C7000000 		.4byte	.LASF111
 705 0523 04       		.byte	0x4
 706 0524 7401     		.2byte	0x174
 707 0526 FA040000 		.4byte	0x4fa
 708 052a 09       		.uleb128 0x9
 709 052b 08050000 		.4byte	.LASF112
 710 052f 05       		.byte	0x5
 711 0530 7F01     		.2byte	0x17f
 712 0532 BA000000 		.4byte	0xba
 713 0536 0A       		.uleb128 0xa
 714 0537 01       		.byte	0x1
 715 0538 4B000000 		.4byte	0x4b
 716 053c 06       		.byte	0x6
 717 053d 7E       		.byte	0x7e
 718 053e 5B050000 		.4byte	0x55b
 719 0542 0B       		.uleb128 0xb
 720 0543 47090000 		.4byte	.LASF113
 721 0547 00       		.byte	0
 722 0548 0B       		.uleb128 0xb
 723 0549 6B050000 		.4byte	.LASF114
 724 054d 01       		.byte	0x1
 725 054e 0B       		.uleb128 0xb
 726 054f 2A090000 		.4byte	.LASF115
 727 0553 02       		.byte	0x2
 728 0554 0B       		.uleb128 0xb
 729 0555 D9010000 		.4byte	.LASF116
 730 0559 03       		.byte	0x3
 731 055a 00       		.byte	0
 732 055b 04       		.uleb128 0x4
 733 055c 31020000 		.4byte	.LASF117
 734 0560 06       		.byte	0x6
 735 0561 83       		.byte	0x83
 736 0562 36050000 		.4byte	0x536
 737 0566 0A       		.uleb128 0xa
 738 0567 01       		.byte	0x1
 739 0568 4B000000 		.4byte	0x4b
 740 056c 06       		.byte	0x6
 741 056d 87       		.byte	0x87
ARM GAS  C:\Users\Nazar\AppData\Local\Temp\ccphr1iU.s 			page 14


 742 056e A3050000 		.4byte	0x5a3
 743 0572 0B       		.uleb128 0xb
 744 0573 E4080000 		.4byte	.LASF118
 745 0577 00       		.byte	0
 746 0578 0B       		.uleb128 0xb
 747 0579 0F0A0000 		.4byte	.LASF119
 748 057d 01       		.byte	0x1
 749 057e 0B       		.uleb128 0xb
 750 057f 8E030000 		.4byte	.LASF120
 751 0583 02       		.byte	0x2
 752 0584 0B       		.uleb128 0xb
 753 0585 37030000 		.4byte	.LASF121
 754 0589 03       		.byte	0x3
 755 058a 0B       		.uleb128 0xb
 756 058b A5020000 		.4byte	.LASF122
 757 058f 04       		.byte	0x4
 758 0590 0B       		.uleb128 0xb
 759 0591 9B060000 		.4byte	.LASF123
 760 0595 05       		.byte	0x5
 761 0596 0B       		.uleb128 0xb
 762 0597 AA030000 		.4byte	.LASF124
 763 059b 06       		.byte	0x6
 764 059c 0B       		.uleb128 0xb
 765 059d 2C060000 		.4byte	.LASF125
 766 05a1 07       		.byte	0x7
 767 05a2 00       		.byte	0
 768 05a3 04       		.uleb128 0x4
 769 05a4 DF050000 		.4byte	.LASF126
 770 05a8 06       		.byte	0x6
 771 05a9 90       		.byte	0x90
 772 05aa 66050000 		.4byte	0x566
 773 05ae 03       		.uleb128 0x3
 774 05af 01       		.byte	0x1
 775 05b0 02       		.byte	0x2
 776 05b1 C5060000 		.4byte	.LASF127
 777 05b5 05       		.uleb128 0x5
 778 05b6 04       		.byte	0x4
 779 05b7 07       		.byte	0x7
 780 05b8 3B       		.byte	0x3b
 781 05b9 D6050000 		.4byte	0x5d6
 782 05bd 06       		.uleb128 0x6
 783 05be FA090000 		.4byte	.LASF128
 784 05c2 07       		.byte	0x7
 785 05c3 3E       		.byte	0x3e
 786 05c4 2A050000 		.4byte	0x52a
 787 05c8 00       		.byte	0
 788 05c9 06       		.uleb128 0x6
 789 05ca 510A0000 		.4byte	.LASF129
 790 05ce 07       		.byte	0x7
 791 05cf 41       		.byte	0x41
 792 05d0 D6050000 		.4byte	0x5d6
 793 05d4 02       		.byte	0x2
 794 05d5 00       		.byte	0
 795 05d6 0C       		.uleb128 0xc
 796 05d7 2A050000 		.4byte	0x52a
 797 05db E6050000 		.4byte	0x5e6
 798 05df 0D       		.uleb128 0xd
ARM GAS  C:\Users\Nazar\AppData\Local\Temp\ccphr1iU.s 			page 15


 799 05e0 96000000 		.4byte	0x96
 800 05e4 00       		.byte	0
 801 05e5 00       		.byte	0
 802 05e6 04       		.uleb128 0x4
 803 05e7 F7060000 		.4byte	.LASF130
 804 05eb 07       		.byte	0x7
 805 05ec 43       		.byte	0x43
 806 05ed B5050000 		.4byte	0x5b5
 807 05f1 05       		.uleb128 0x5
 808 05f2 0A       		.byte	0xa
 809 05f3 07       		.byte	0x7
 810 05f4 46       		.byte	0x46
 811 05f5 12060000 		.4byte	0x612
 812 05f9 06       		.uleb128 0x6
 813 05fa E0000000 		.4byte	.LASF131
 814 05fe 07       		.byte	0x7
 815 05ff 49       		.byte	0x49
 816 0600 2A050000 		.4byte	0x52a
 817 0604 00       		.byte	0
 818 0605 06       		.uleb128 0x6
 819 0606 F9020000 		.4byte	.LASF132
 820 060a 07       		.byte	0x7
 821 060b 4C       		.byte	0x4c
 822 060c 12060000 		.4byte	0x612
 823 0610 02       		.byte	0x2
 824 0611 00       		.byte	0
 825 0612 0C       		.uleb128 0xc
 826 0613 E6050000 		.4byte	0x5e6
 827 0617 22060000 		.4byte	0x622
 828 061b 0D       		.uleb128 0xd
 829 061c 96000000 		.4byte	0x96
 830 0620 01       		.byte	0x1
 831 0621 00       		.byte	0
 832 0622 04       		.uleb128 0x4
 833 0623 54070000 		.4byte	.LASF133
 834 0627 07       		.byte	0x7
 835 0628 4E       		.byte	0x4e
 836 0629 F1050000 		.4byte	0x5f1
 837 062d 05       		.uleb128 0x5
 838 062e 04       		.byte	0x4
 839 062f 07       		.byte	0x7
 840 0630 90       		.byte	0x90
 841 0631 42060000 		.4byte	0x642
 842 0635 06       		.uleb128 0x6
 843 0636 92000000 		.4byte	.LASF134
 844 063a 07       		.byte	0x7
 845 063b 94       		.byte	0x94
 846 063c 42060000 		.4byte	0x642
 847 0640 00       		.byte	0
 848 0641 00       		.byte	0
 849 0642 0E       		.uleb128 0xe
 850 0643 04       		.byte	0x4
 851 0644 48060000 		.4byte	0x648
 852 0648 0F       		.uleb128 0xf
 853 0649 22060000 		.4byte	0x622
 854 064d 04       		.uleb128 0x4
 855 064e 39070000 		.4byte	.LASF135
ARM GAS  C:\Users\Nazar\AppData\Local\Temp\ccphr1iU.s 			page 16


 856 0652 07       		.byte	0x7
 857 0653 9B       		.byte	0x9b
 858 0654 2D060000 		.4byte	0x62d
 859 0658 0C       		.uleb128 0xc
 860 0659 48060000 		.4byte	0x648
 861 065d 68060000 		.4byte	0x668
 862 0661 0D       		.uleb128 0xd
 863 0662 96000000 		.4byte	0x96
 864 0666 00       		.byte	0
 865 0667 00       		.byte	0
 866 0668 10       		.uleb128 0x10
 867 0669 6F040000 		.4byte	.LASF144
 868 066d 08       		.byte	0x8
 869 066e 1A       		.byte	0x1a
 870 066f 79060000 		.4byte	0x679
 871 0673 05       		.uleb128 0x5
 872 0674 03       		.byte	0x3
 873 0675 00000000 		.4byte	cy_ble_customs
 874 0679 0F       		.uleb128 0xf
 875 067a 58060000 		.4byte	0x658
 876 067e 11       		.uleb128 0x11
 877 067f 67060000 		.4byte	.LASF136
 878 0683 03       		.byte	0x3
 879 0684 A7       		.byte	0xa7
 880 0685 89060000 		.4byte	0x689
 881 0689 0E       		.uleb128 0xe
 882 068a 04       		.byte	0x4
 883 068b 8F060000 		.4byte	0x68f
 884 068f 0F       		.uleb128 0xf
 885 0690 E1040000 		.4byte	0x4e1
 886 0694 12       		.uleb128 0x12
 887 0695 6B080000 		.4byte	.LASF137
 888 0699 06       		.byte	0x6
 889 069a 2202     		.2byte	0x222
 890 069c 5B050000 		.4byte	0x55b
 891 06a0 0C       		.uleb128 0xc
 892 06a1 1E050000 		.4byte	0x51e
 893 06a5 B0060000 		.4byte	0x6b0
 894 06a9 0D       		.uleb128 0xd
 895 06aa 96000000 		.4byte	0x96
 896 06ae 00       		.byte	0
 897 06af 00       		.byte	0
 898 06b0 12       		.uleb128 0x12
 899 06b1 03090000 		.4byte	.LASF138
 900 06b5 06       		.byte	0x6
 901 06b6 2C02     		.2byte	0x22c
 902 06b8 A0060000 		.4byte	0x6a0
 903 06bc 0C       		.uleb128 0xc
 904 06bd A3050000 		.4byte	0x5a3
 905 06c1 CC060000 		.4byte	0x6cc
 906 06c5 0D       		.uleb128 0xd
 907 06c6 96000000 		.4byte	0x96
 908 06ca 00       		.byte	0
 909 06cb 00       		.byte	0
 910 06cc 12       		.uleb128 0x12
 911 06cd 5E040000 		.4byte	.LASF139
 912 06d1 06       		.byte	0x6
ARM GAS  C:\Users\Nazar\AppData\Local\Temp\ccphr1iU.s 			page 17


 913 06d2 2D02     		.2byte	0x22d
 914 06d4 BC060000 		.4byte	0x6bc
 915 06d8 13       		.uleb128 0x13
 916 06d9 AF050000 		.4byte	.LASF140
 917 06dd 08       		.byte	0x8
 918 06de 46       		.byte	0x46
 919 06df 4D060000 		.4byte	0x64d
 920 06e3 05       		.uleb128 0x5
 921 06e4 03       		.byte	0x3
 922 06e5 00000000 		.4byte	cy_ble_customConfig
 923 06e9 00       		.byte	0
 924              		.section	.debug_abbrev,"",%progbits
 925              	.Ldebug_abbrev0:
 926 0000 01       		.uleb128 0x1
 927 0001 11       		.uleb128 0x11
 928 0002 01       		.byte	0x1
 929 0003 25       		.uleb128 0x25
 930 0004 0E       		.uleb128 0xe
 931 0005 13       		.uleb128 0x13
 932 0006 0B       		.uleb128 0xb
 933 0007 03       		.uleb128 0x3
 934 0008 0E       		.uleb128 0xe
 935 0009 1B       		.uleb128 0x1b
 936 000a 0E       		.uleb128 0xe
 937 000b 10       		.uleb128 0x10
 938 000c 17       		.uleb128 0x17
 939 000d 00       		.byte	0
 940 000e 00       		.byte	0
 941 000f 02       		.uleb128 0x2
 942 0010 24       		.uleb128 0x24
 943 0011 00       		.byte	0
 944 0012 0B       		.uleb128 0xb
 945 0013 0B       		.uleb128 0xb
 946 0014 3E       		.uleb128 0x3e
 947 0015 0B       		.uleb128 0xb
 948 0016 03       		.uleb128 0x3
 949 0017 08       		.uleb128 0x8
 950 0018 00       		.byte	0
 951 0019 00       		.byte	0
 952 001a 03       		.uleb128 0x3
 953 001b 24       		.uleb128 0x24
 954 001c 00       		.byte	0
 955 001d 0B       		.uleb128 0xb
 956 001e 0B       		.uleb128 0xb
 957 001f 3E       		.uleb128 0x3e
 958 0020 0B       		.uleb128 0xb
 959 0021 03       		.uleb128 0x3
 960 0022 0E       		.uleb128 0xe
 961 0023 00       		.byte	0
 962 0024 00       		.byte	0
 963 0025 04       		.uleb128 0x4
 964 0026 16       		.uleb128 0x16
 965 0027 00       		.byte	0
 966 0028 03       		.uleb128 0x3
 967 0029 0E       		.uleb128 0xe
 968 002a 3A       		.uleb128 0x3a
 969 002b 0B       		.uleb128 0xb
ARM GAS  C:\Users\Nazar\AppData\Local\Temp\ccphr1iU.s 			page 18


 970 002c 3B       		.uleb128 0x3b
 971 002d 0B       		.uleb128 0xb
 972 002e 49       		.uleb128 0x49
 973 002f 13       		.uleb128 0x13
 974 0030 00       		.byte	0
 975 0031 00       		.byte	0
 976 0032 05       		.uleb128 0x5
 977 0033 13       		.uleb128 0x13
 978 0034 01       		.byte	0x1
 979 0035 0B       		.uleb128 0xb
 980 0036 0B       		.uleb128 0xb
 981 0037 3A       		.uleb128 0x3a
 982 0038 0B       		.uleb128 0xb
 983 0039 3B       		.uleb128 0x3b
 984 003a 0B       		.uleb128 0xb
 985 003b 01       		.uleb128 0x1
 986 003c 13       		.uleb128 0x13
 987 003d 00       		.byte	0
 988 003e 00       		.byte	0
 989 003f 06       		.uleb128 0x6
 990 0040 0D       		.uleb128 0xd
 991 0041 00       		.byte	0
 992 0042 03       		.uleb128 0x3
 993 0043 0E       		.uleb128 0xe
 994 0044 3A       		.uleb128 0x3a
 995 0045 0B       		.uleb128 0xb
 996 0046 3B       		.uleb128 0x3b
 997 0047 0B       		.uleb128 0xb
 998 0048 49       		.uleb128 0x49
 999 0049 13       		.uleb128 0x13
 1000 004a 38       		.uleb128 0x38
 1001 004b 0B       		.uleb128 0xb
 1002 004c 00       		.byte	0
 1003 004d 00       		.byte	0
 1004 004e 07       		.uleb128 0x7
 1005 004f 13       		.uleb128 0x13
 1006 0050 01       		.byte	0x1
 1007 0051 0B       		.uleb128 0xb
 1008 0052 0B       		.uleb128 0xb
 1009 0053 3A       		.uleb128 0x3a
 1010 0054 0B       		.uleb128 0xb
 1011 0055 3B       		.uleb128 0x3b
 1012 0056 05       		.uleb128 0x5
 1013 0057 01       		.uleb128 0x1
 1014 0058 13       		.uleb128 0x13
 1015 0059 00       		.byte	0
 1016 005a 00       		.byte	0
 1017 005b 08       		.uleb128 0x8
 1018 005c 0D       		.uleb128 0xd
 1019 005d 00       		.byte	0
 1020 005e 03       		.uleb128 0x3
 1021 005f 0E       		.uleb128 0xe
 1022 0060 3A       		.uleb128 0x3a
 1023 0061 0B       		.uleb128 0xb
 1024 0062 3B       		.uleb128 0x3b
 1025 0063 05       		.uleb128 0x5
 1026 0064 49       		.uleb128 0x49
ARM GAS  C:\Users\Nazar\AppData\Local\Temp\ccphr1iU.s 			page 19


 1027 0065 13       		.uleb128 0x13
 1028 0066 38       		.uleb128 0x38
 1029 0067 0B       		.uleb128 0xb
 1030 0068 00       		.byte	0
 1031 0069 00       		.byte	0
 1032 006a 09       		.uleb128 0x9
 1033 006b 16       		.uleb128 0x16
 1034 006c 00       		.byte	0
 1035 006d 03       		.uleb128 0x3
 1036 006e 0E       		.uleb128 0xe
 1037 006f 3A       		.uleb128 0x3a
 1038 0070 0B       		.uleb128 0xb
 1039 0071 3B       		.uleb128 0x3b
 1040 0072 05       		.uleb128 0x5
 1041 0073 49       		.uleb128 0x49
 1042 0074 13       		.uleb128 0x13
 1043 0075 00       		.byte	0
 1044 0076 00       		.byte	0
 1045 0077 0A       		.uleb128 0xa
 1046 0078 04       		.uleb128 0x4
 1047 0079 01       		.byte	0x1
 1048 007a 0B       		.uleb128 0xb
 1049 007b 0B       		.uleb128 0xb
 1050 007c 49       		.uleb128 0x49
 1051 007d 13       		.uleb128 0x13
 1052 007e 3A       		.uleb128 0x3a
 1053 007f 0B       		.uleb128 0xb
 1054 0080 3B       		.uleb128 0x3b
 1055 0081 0B       		.uleb128 0xb
 1056 0082 01       		.uleb128 0x1
 1057 0083 13       		.uleb128 0x13
 1058 0084 00       		.byte	0
 1059 0085 00       		.byte	0
 1060 0086 0B       		.uleb128 0xb
 1061 0087 28       		.uleb128 0x28
 1062 0088 00       		.byte	0
 1063 0089 03       		.uleb128 0x3
 1064 008a 0E       		.uleb128 0xe
 1065 008b 1C       		.uleb128 0x1c
 1066 008c 0B       		.uleb128 0xb
 1067 008d 00       		.byte	0
 1068 008e 00       		.byte	0
 1069 008f 0C       		.uleb128 0xc
 1070 0090 01       		.uleb128 0x1
 1071 0091 01       		.byte	0x1
 1072 0092 49       		.uleb128 0x49
 1073 0093 13       		.uleb128 0x13
 1074 0094 01       		.uleb128 0x1
 1075 0095 13       		.uleb128 0x13
 1076 0096 00       		.byte	0
 1077 0097 00       		.byte	0
 1078 0098 0D       		.uleb128 0xd
 1079 0099 21       		.uleb128 0x21
 1080 009a 00       		.byte	0
 1081 009b 49       		.uleb128 0x49
 1082 009c 13       		.uleb128 0x13
 1083 009d 2F       		.uleb128 0x2f
ARM GAS  C:\Users\Nazar\AppData\Local\Temp\ccphr1iU.s 			page 20


 1084 009e 0B       		.uleb128 0xb
 1085 009f 00       		.byte	0
 1086 00a0 00       		.byte	0
 1087 00a1 0E       		.uleb128 0xe
 1088 00a2 0F       		.uleb128 0xf
 1089 00a3 00       		.byte	0
 1090 00a4 0B       		.uleb128 0xb
 1091 00a5 0B       		.uleb128 0xb
 1092 00a6 49       		.uleb128 0x49
 1093 00a7 13       		.uleb128 0x13
 1094 00a8 00       		.byte	0
 1095 00a9 00       		.byte	0
 1096 00aa 0F       		.uleb128 0xf
 1097 00ab 26       		.uleb128 0x26
 1098 00ac 00       		.byte	0
 1099 00ad 49       		.uleb128 0x49
 1100 00ae 13       		.uleb128 0x13
 1101 00af 00       		.byte	0
 1102 00b0 00       		.byte	0
 1103 00b1 10       		.uleb128 0x10
 1104 00b2 34       		.uleb128 0x34
 1105 00b3 00       		.byte	0
 1106 00b4 03       		.uleb128 0x3
 1107 00b5 0E       		.uleb128 0xe
 1108 00b6 3A       		.uleb128 0x3a
 1109 00b7 0B       		.uleb128 0xb
 1110 00b8 3B       		.uleb128 0x3b
 1111 00b9 0B       		.uleb128 0xb
 1112 00ba 49       		.uleb128 0x49
 1113 00bb 13       		.uleb128 0x13
 1114 00bc 02       		.uleb128 0x2
 1115 00bd 18       		.uleb128 0x18
 1116 00be 00       		.byte	0
 1117 00bf 00       		.byte	0
 1118 00c0 11       		.uleb128 0x11
 1119 00c1 34       		.uleb128 0x34
 1120 00c2 00       		.byte	0
 1121 00c3 03       		.uleb128 0x3
 1122 00c4 0E       		.uleb128 0xe
 1123 00c5 3A       		.uleb128 0x3a
 1124 00c6 0B       		.uleb128 0xb
 1125 00c7 3B       		.uleb128 0x3b
 1126 00c8 0B       		.uleb128 0xb
 1127 00c9 49       		.uleb128 0x49
 1128 00ca 13       		.uleb128 0x13
 1129 00cb 3F       		.uleb128 0x3f
 1130 00cc 19       		.uleb128 0x19
 1131 00cd 3C       		.uleb128 0x3c
 1132 00ce 19       		.uleb128 0x19
 1133 00cf 00       		.byte	0
 1134 00d0 00       		.byte	0
 1135 00d1 12       		.uleb128 0x12
 1136 00d2 34       		.uleb128 0x34
 1137 00d3 00       		.byte	0
 1138 00d4 03       		.uleb128 0x3
 1139 00d5 0E       		.uleb128 0xe
 1140 00d6 3A       		.uleb128 0x3a
ARM GAS  C:\Users\Nazar\AppData\Local\Temp\ccphr1iU.s 			page 21


 1141 00d7 0B       		.uleb128 0xb
 1142 00d8 3B       		.uleb128 0x3b
 1143 00d9 05       		.uleb128 0x5
 1144 00da 49       		.uleb128 0x49
 1145 00db 13       		.uleb128 0x13
 1146 00dc 3F       		.uleb128 0x3f
 1147 00dd 19       		.uleb128 0x19
 1148 00de 3C       		.uleb128 0x3c
 1149 00df 19       		.uleb128 0x19
 1150 00e0 00       		.byte	0
 1151 00e1 00       		.byte	0
 1152 00e2 13       		.uleb128 0x13
 1153 00e3 34       		.uleb128 0x34
 1154 00e4 00       		.byte	0
 1155 00e5 03       		.uleb128 0x3
 1156 00e6 0E       		.uleb128 0xe
 1157 00e7 3A       		.uleb128 0x3a
 1158 00e8 0B       		.uleb128 0xb
 1159 00e9 3B       		.uleb128 0x3b
 1160 00ea 0B       		.uleb128 0xb
 1161 00eb 49       		.uleb128 0x49
 1162 00ec 13       		.uleb128 0x13
 1163 00ed 3F       		.uleb128 0x3f
 1164 00ee 19       		.uleb128 0x19
 1165 00ef 02       		.uleb128 0x2
 1166 00f0 18       		.uleb128 0x18
 1167 00f1 00       		.byte	0
 1168 00f2 00       		.byte	0
 1169 00f3 00       		.byte	0
 1170              		.section	.debug_aranges,"",%progbits
 1171 0000 14000000 		.4byte	0x14
 1172 0004 0200     		.2byte	0x2
 1173 0006 00000000 		.4byte	.Ldebug_info0
 1174 000a 04       		.byte	0x4
 1175 000b 00       		.byte	0
 1176 000c 0000     		.2byte	0
 1177 000e 0000     		.2byte	0
 1178 0010 00000000 		.4byte	0
 1179 0014 00000000 		.4byte	0
 1180              		.section	.debug_line,"",%progbits
 1181              	.Ldebug_line0:
 1182 0000 F8010000 		.section	.debug_str,"MS",%progbits,1
 1182      0200F201 
 1182      00000201 
 1182      FB0E0D00 
 1182      01010101 
 1183              	.LASF55:
 1184 0000 70726F74 		.ascii	"protBusMasterMask\000"
 1184      4275734D 
 1184      61737465 
 1184      724D6173 
 1184      6B00
 1185              	.LASF65:
 1186 0012 666C6173 		.ascii	"flashCtlMainWs3Freq\000"
 1186      6843746C 
 1186      4D61696E 
 1186      57733346 
ARM GAS  C:\Users\Nazar\AppData\Local\Temp\ccphr1iU.s 			page 22


 1186      72657100 
 1187              	.LASF87:
 1188 0026 6770696F 		.ascii	"gpioPrtCfgInOffset\000"
 1188      50727443 
 1188      6667496E 
 1188      4F666673 
 1188      657400
 1189              	.LASF105:
 1190 0039 6970634C 		.ascii	"ipcLockStatusOffset\000"
 1190      6F636B53 
 1190      74617475 
 1190      734F6666 
 1190      73657400 
 1191              	.LASF31:
 1192 004d 63727970 		.ascii	"cryptoVersion\000"
 1192      746F5665 
 1192      7273696F 
 1192      6E00
 1193              	.LASF143:
 1194 005b 433A5C49 		.ascii	"C:\\Infineon\\Hackathon-Infineon\\Hackaton.cydsn\000"
 1194      6E66696E 
 1194      656F6E5C 
 1194      4861636B 
 1194      6174686F 
 1195              	.LASF27:
 1196 0089 70617373 		.ascii	"passBase\000"
 1196      42617365 
 1196      00
 1197              	.LASF134:
 1198 0092 63757374 		.ascii	"customs\000"
 1198      6F6D7300 
 1199              	.LASF40:
 1200 009a 63707573 		.ascii	"cpussIpcIrqNr\000"
 1200      73497063 
 1200      4972714E 
 1200      7200
 1201              	.LASF5:
 1202 00a8 5F5F7569 		.ascii	"__uint8_t\000"
 1202      6E74385F 
 1202      7400
 1203              	.LASF84:
 1204 00b2 70657269 		.ascii	"periDiv24_5CtlOffset\000"
 1204      44697632 
 1204      345F3543 
 1204      746C4F66 
 1204      66736574 
 1205              	.LASF111:
 1206 00c7 63795F73 		.ascii	"cy_stc_ble_conn_handle_t\000"
 1206      74635F62 
 1206      6C655F63 
 1206      6F6E6E5F 
 1206      68616E64 
 1207              	.LASF131:
 1208 00e0 63757374 		.ascii	"customServHandle\000"
 1208      6F6D5365 
 1208      72764861 
 1208      6E646C65 
ARM GAS  C:\Users\Nazar\AppData\Local\Temp\ccphr1iU.s 			page 23


 1208      00
 1209              	.LASF20:
 1210 00f1 63707573 		.ascii	"cpussBase\000"
 1210      73426173 
 1210      6500
 1211              	.LASF69:
 1212 00fb 64774368 		.ascii	"dwChCtlPrioPos\000"
 1212      43746C50 
 1212      72696F50 
 1212      6F7300
 1213              	.LASF49:
 1214 010a 70657269 		.ascii	"periClockNr\000"
 1214      436C6F63 
 1214      6B4E7200 
 1215              	.LASF13:
 1216 0116 6C6F6E67 		.ascii	"long long unsigned int\000"
 1216      206C6F6E 
 1216      6720756E 
 1216      7369676E 
 1216      65642069 
 1217              	.LASF73:
 1218 012d 70657269 		.ascii	"periTrCmdOffset\000"
 1218      5472436D 
 1218      644F6666 
 1218      73657400 
 1219              	.LASF97:
 1220 013d 63707573 		.ascii	"cpussSysTickCtlOffset\000"
 1220      73537973 
 1220      5469636B 
 1220      43746C4F 
 1220      66667365 
 1221              	.LASF58:
 1222 0153 666C6173 		.ascii	"flashPipeRequired\000"
 1222      68506970 
 1222      65526571 
 1222      75697265 
 1222      6400
 1223              	.LASF62:
 1224 0165 666C6173 		.ascii	"flashCtlMainWs0Freq\000"
 1224      6843746C 
 1224      4D61696E 
 1224      57733046 
 1224      72657100 
 1225              	.LASF17:
 1226 0179 696E7431 		.ascii	"int16_t\000"
 1226      365F7400 
 1227              	.LASF1:
 1228 0181 6C6F6E67 		.ascii	"long long int\000"
 1228      206C6F6E 
 1228      6720696E 
 1228      7400
 1229              	.LASF3:
 1230 018f 7369676E 		.ascii	"signed char\000"
 1230      65642063 
 1230      68617200 
 1231              	.LASF78:
 1232 019b 70657269 		.ascii	"periDivCmdTypeSelPos\000"
ARM GAS  C:\Users\Nazar\AppData\Local\Temp\ccphr1iU.s 			page 24


 1232      44697643 
 1232      6D645479 
 1232      70655365 
 1232      6C506F73 
 1233              	.LASF24:
 1234 01b0 70726F74 		.ascii	"protBase\000"
 1234      42617365 
 1234      00
 1235              	.LASF36:
 1236 01b9 69706356 		.ascii	"ipcVersion\000"
 1236      65727369 
 1236      6F6E00
 1237              	.LASF98:
 1238 01c4 63707573 		.ascii	"cpussCm0NmiCtlOffset\000"
 1238      73436D30 
 1238      4E6D6943 
 1238      746C4F66 
 1238      66736574 
 1239              	.LASF116:
 1240 01d9 43595F42 		.ascii	"CY_BLE_ADV_STATE_STOP_INITIATED\000"
 1240      4C455F41 
 1240      44565F53 
 1240      54415445 
 1240      5F53544F 
 1241              	.LASF25:
 1242 01f9 6873696F 		.ascii	"hsiomBase\000"
 1242      6D426173 
 1242      6500
 1243              	.LASF10:
 1244 0203 6C6F6E67 		.ascii	"long int\000"
 1244      20696E74 
 1244      00
 1245              	.LASF91:
 1246 020c 63707573 		.ascii	"cpussCm4ClockCtlOffset\000"
 1246      73436D34 
 1246      436C6F63 
 1246      6B43746C 
 1246      4F666673 
 1247              	.LASF56:
 1248 0223 63727970 		.ascii	"cryptoMemSize\000"
 1248      746F4D65 
 1248      6D53697A 
 1248      6500
 1249              	.LASF117:
 1250 0231 63795F65 		.ascii	"cy_en_ble_adv_state_t\000"
 1250      6E5F626C 
 1250      655F6164 
 1250      765F7374 
 1250      6174655F 
 1251              	.LASF22:
 1252 0247 70657269 		.ascii	"periBase\000"
 1252      42617365 
 1252      00
 1253              	.LASF54:
 1254 0250 73797350 		.ascii	"sysPmSimoPresent\000"
 1254      6D53696D 
 1254      6F507265 
ARM GAS  C:\Users\Nazar\AppData\Local\Temp\ccphr1iU.s 			page 25


 1254      73656E74 
 1254      00
 1255              	.LASF44:
 1256 0261 63707573 		.ascii	"cpussFmIrq\000"
 1256      73466D49 
 1256      727100
 1257              	.LASF108:
 1258 026c 646F7562 		.ascii	"double\000"
 1258      6C6500
 1259              	.LASF83:
 1260 0273 70657269 		.ascii	"periDiv16_5CtlOffset\000"
 1260      44697631 
 1260      365F3543 
 1260      746C4F66 
 1260      66736574 
 1261              	.LASF47:
 1262 0288 73727373 		.ascii	"srssNumPll\000"
 1262      4E756D50 
 1262      6C6C00
 1263              	.LASF81:
 1264 0293 70657269 		.ascii	"periDiv8CtlOffset\000"
 1264      44697638 
 1264      43746C4F 
 1264      66667365 
 1264      7400
 1265              	.LASF122:
 1266 02a5 43595F42 		.ascii	"CY_BLE_CONN_STATE_CLIENT_INCL_DISCOVERING\000"
 1266      4C455F43 
 1266      4F4E4E5F 
 1266      53544154 
 1266      455F434C 
 1267              	.LASF88:
 1268 02cf 6770696F 		.ascii	"gpioPrtCfgOutOffset\000"
 1268      50727443 
 1268      66674F75 
 1268      744F6666 
 1268      73657400 
 1269              	.LASF21:
 1270 02e3 666C6173 		.ascii	"flashcBase\000"
 1270      68634261 
 1270      736500
 1271              	.LASF11:
 1272 02ee 5F5F7569 		.ascii	"__uint32_t\000"
 1272      6E743332 
 1272      5F7400
 1273              	.LASF132:
 1274 02f9 63757374 		.ascii	"customServInfo\000"
 1274      6F6D5365 
 1274      7276496E 
 1274      666F00
 1275              	.LASF51:
 1276 0308 70617373 		.ascii	"passSarChannels\000"
 1276      53617243 
 1276      68616E6E 
 1276      656C7300 
 1277              	.LASF6:
 1278 0318 5F5F696E 		.ascii	"__int16_t\000"
ARM GAS  C:\Users\Nazar\AppData\Local\Temp\ccphr1iU.s 			page 26


 1278      7431365F 
 1278      7400
 1279              	.LASF94:
 1280 0322 63707573 		.ascii	"cpussCm4PwrCtlOffset\000"
 1280      73436D34 
 1280      50777243 
 1280      746C4F66 
 1280      66736574 
 1281              	.LASF121:
 1282 0337 43595F42 		.ascii	"CY_BLE_CONN_STATE_CLIENT_SRVC_DISCOVERING\000"
 1282      4C455F43 
 1282      4F4E4E5F 
 1282      53544154 
 1282      455F434C 
 1283              	.LASF89:
 1284 0361 6770696F 		.ascii	"gpioPrtCfgSioOffset\000"
 1284      50727443 
 1284      66675369 
 1284      6F4F6666 
 1284      73657400 
 1285              	.LASF41:
 1286 0375 63707573 		.ascii	"cpussDwChNr\000"
 1286      73447743 
 1286      684E7200 
 1287              	.LASF0:
 1288 0381 756E7369 		.ascii	"unsigned int\000"
 1288      676E6564 
 1288      20696E74 
 1288      00
 1289              	.LASF120:
 1290 038e 43595F42 		.ascii	"CY_BLE_CONN_STATE_CONNECTED\000"
 1290      4C455F43 
 1290      4F4E4E5F 
 1290      53544154 
 1290      455F434F 
 1291              	.LASF124:
 1292 03aa 43595F42 		.ascii	"CY_BLE_CONN_STATE_CLIENT_DESCR_DISCOVERING\000"
 1292      4C455F43 
 1292      4F4E4E5F 
 1292      53544154 
 1292      455F434C 
 1293              	.LASF18:
 1294 03d5 75696E74 		.ascii	"uint16_t\000"
 1294      31365F74 
 1294      00
 1295              	.LASF74:
 1296 03de 70657269 		.ascii	"periTrCmdGrSelMsk\000"
 1296      5472436D 
 1296      64477253 
 1296      656C4D73 
 1296      6B00
 1297              	.LASF12:
 1298 03f0 6C6F6E67 		.ascii	"long unsigned int\000"
 1298      20756E73 
 1298      69676E65 
 1298      6420696E 
 1298      7400
ARM GAS  C:\Users\Nazar\AppData\Local\Temp\ccphr1iU.s 			page 27


 1299              	.LASF39:
 1300 0402 63707573 		.ascii	"cpussIpcNr\000"
 1300      73497063 
 1300      4E7200
 1301              	.LASF26:
 1302 040d 6770696F 		.ascii	"gpioBase\000"
 1302      42617365 
 1302      00
 1303              	.LASF142:
 1304 0416 47656E65 		.ascii	"Generated_Source\\PSoC6\\BLE_custom_config.c\000"
 1304      72617465 
 1304      645F536F 
 1304      75726365 
 1304      5C50536F 
 1305              	.LASF75:
 1306 0441 70657269 		.ascii	"periTrGrOffset\000"
 1306      54724772 
 1306      4F666673 
 1306      657400
 1307              	.LASF102:
 1308 0450 63707573 		.ascii	"cpussRam1Ctl0\000"
 1308      7352616D 
 1308      3143746C 
 1308      3000
 1309              	.LASF139:
 1310 045e 63795F62 		.ascii	"cy_ble_connState\000"
 1310      6C655F63 
 1310      6F6E6E53 
 1310      74617465 
 1310      00
 1311              	.LASF144:
 1312 046f 63795F62 		.ascii	"cy_ble_customs\000"
 1312      6C655F63 
 1312      7573746F 
 1312      6D7300
 1313              	.LASF76:
 1314 047e 70657269 		.ascii	"periTrGrSize\000"
 1314      54724772 
 1314      53697A65 
 1314      00
 1315              	.LASF34:
 1316 048b 6770696F 		.ascii	"gpioVersion\000"
 1316      56657273 
 1316      696F6E00 
 1317              	.LASF106:
 1318 0497 63795F73 		.ascii	"cy_stc_device_t\000"
 1318      74635F64 
 1318      65766963 
 1318      655F7400 
 1319              	.LASF52:
 1320 04a7 65704D6F 		.ascii	"epMonitorNr\000"
 1320      6E69746F 
 1320      724E7200 
 1321              	.LASF99:
 1322 04b3 63707573 		.ascii	"cpussCm4NmiCtlOffset\000"
 1322      73436D34 
 1322      4E6D6943 
ARM GAS  C:\Users\Nazar\AppData\Local\Temp\ccphr1iU.s 			page 28


 1322      746C4F66 
 1322      66736574 
 1323              	.LASF95:
 1324 04c8 63707573 		.ascii	"cpussTrimRamCtlOffset\000"
 1324      73547269 
 1324      6D52616D 
 1324      43746C4F 
 1324      66667365 
 1325              	.LASF90:
 1326 04de 63707573 		.ascii	"cpussCm0ClockCtlOffset\000"
 1326      73436D30 
 1326      436C6F63 
 1326      6B43746C 
 1326      4F666673 
 1327              	.LASF110:
 1328 04f5 61747449 		.ascii	"attId\000"
 1328      6400
 1329              	.LASF30:
 1330 04fb 63707573 		.ascii	"cpussVersion\000"
 1330      73566572 
 1330      73696F6E 
 1330      00
 1331              	.LASF112:
 1332 0508 63795F62 		.ascii	"cy_ble_gatt_db_attr_handle_t\000"
 1332      6C655F67 
 1332      6174745F 
 1332      64625F61 
 1332      7474725F 
 1333              	.LASF37:
 1334 0525 70657269 		.ascii	"periVersion\000"
 1334      56657273 
 1334      696F6E00 
 1335              	.LASF93:
 1336 0531 63707573 		.ascii	"cpussCm0StatusOffset\000"
 1336      73436D30 
 1336      53746174 
 1336      75734F66 
 1336      66736574 
 1337              	.LASF14:
 1338 0546 73697A65 		.ascii	"sizetype\000"
 1338      74797065 
 1338      00
 1339              	.LASF67:
 1340 054f 64774368 		.ascii	"dwChOffset\000"
 1340      4F666673 
 1340      657400
 1341              	.LASF42:
 1342 055a 63707573 		.ascii	"cpussFlashPaSize\000"
 1342      73466C61 
 1342      73685061 
 1342      53697A65 
 1342      00
 1343              	.LASF114:
 1344 056b 43595F42 		.ascii	"CY_BLE_ADV_STATE_ADV_INITIATED\000"
 1344      4C455F41 
 1344      44565F53 
 1344      54415445 
ARM GAS  C:\Users\Nazar\AppData\Local\Temp\ccphr1iU.s 			page 29


 1344      5F414456 
 1345              	.LASF80:
 1346 058a 70657269 		.ascii	"periDivCmdPaTypeSelPos\000"
 1346      44697643 
 1346      6D645061 
 1346      54797065 
 1346      53656C50 
 1347              	.LASF103:
 1348 05a1 63707573 		.ascii	"cpussRam2Ctl0\000"
 1348      7352616D 
 1348      3243746C 
 1348      3000
 1349              	.LASF140:
 1350 05af 63795F62 		.ascii	"cy_ble_customConfig\000"
 1350      6C655F63 
 1350      7573746F 
 1350      6D436F6E 
 1350      66696700 
 1351              	.LASF71:
 1352 05c3 64775374 		.ascii	"dwStatusChIdxPos\000"
 1352      61747573 
 1352      43684964 
 1352      78506F73 
 1352      00
 1353              	.LASF53:
 1354 05d4 75646250 		.ascii	"udbPresent\000"
 1354      72657365 
 1354      6E7400
 1355              	.LASF126:
 1356 05df 63795F65 		.ascii	"cy_en_ble_conn_state_t\000"
 1356      6E5F626C 
 1356      655F636F 
 1356      6E6E5F73 
 1356      74617465 
 1357              	.LASF33:
 1358 05f6 666C6173 		.ascii	"flashcVersion\000"
 1358      68635665 
 1358      7273696F 
 1358      6E00
 1359              	.LASF29:
 1360 0604 63727970 		.ascii	"cryptoBase\000"
 1360      746F4261 
 1360      736500
 1361              	.LASF50:
 1362 060f 736D6966 		.ascii	"smifDeviceNr\000"
 1362      44657669 
 1362      63654E72 
 1362      00
 1363              	.LASF59:
 1364 061c 666C6173 		.ascii	"flashWriteDelay\000"
 1364      68577269 
 1364      74654465 
 1364      6C617900 
 1365              	.LASF125:
 1366 062c 43595F42 		.ascii	"CY_BLE_CONN_STATE_CLIENT_DISCOVERED\000"
 1366      4C455F43 
 1366      4F4E4E5F 
ARM GAS  C:\Users\Nazar\AppData\Local\Temp\ccphr1iU.s 			page 30


 1366      53544154 
 1366      455F434C 
 1367              	.LASF107:
 1368 0650 666C6F61 		.ascii	"float\000"
 1368      7400
 1369              	.LASF72:
 1370 0656 64775374 		.ascii	"dwStatusChIdxMsk\000"
 1370      61747573 
 1370      43684964 
 1370      784D736B 
 1370      00
 1371              	.LASF136:
 1372 0667 63795F64 		.ascii	"cy_device\000"
 1372      65766963 
 1372      6500
 1373              	.LASF100:
 1374 0671 63707573 		.ascii	"cpussRomCtl\000"
 1374      73526F6D 
 1374      43746C00 
 1375              	.LASF70:
 1376 067d 64774368 		.ascii	"dwChCtlPreemptablePos\000"
 1376      43746C50 
 1376      7265656D 
 1376      70746162 
 1376      6C65506F 
 1377              	.LASF23:
 1378 0693 75646242 		.ascii	"udbBase\000"
 1378      61736500 
 1379              	.LASF123:
 1380 069b 43595F42 		.ascii	"CY_BLE_CONN_STATE_CLIENT_CHAR_DISCOVERING\000"
 1380      4C455F43 
 1380      4F4E4E5F 
 1380      53544154 
 1380      455F434C 
 1381              	.LASF127:
 1382 06c5 5F426F6F 		.ascii	"_Bool\000"
 1382      6C00
 1383              	.LASF4:
 1384 06cb 756E7369 		.ascii	"unsigned char\000"
 1384      676E6564 
 1384      20636861 
 1384      7200
 1385              	.LASF66:
 1386 06d9 666C6173 		.ascii	"flashCtlMainWs4Freq\000"
 1386      6843746C 
 1386      4D61696E 
 1386      57733446 
 1386      72657100 
 1387              	.LASF7:
 1388 06ed 73686F72 		.ascii	"short int\000"
 1388      7420696E 
 1388      7400
 1389              	.LASF130:
 1390 06f7 63795F73 		.ascii	"cy_stc_ble_customs_info_t\000"
 1390      74635F62 
 1390      6C655F63 
 1390      7573746F 
ARM GAS  C:\Users\Nazar\AppData\Local\Temp\ccphr1iU.s 			page 31


 1390      6D735F69 
 1391              	.LASF77:
 1392 0711 70657269 		.ascii	"periDivCmdDivSelMsk\000"
 1392      44697643 
 1392      6D644469 
 1392      7653656C 
 1392      4D736B00 
 1393              	.LASF64:
 1394 0725 666C6173 		.ascii	"flashCtlMainWs2Freq\000"
 1394      6843746C 
 1394      4D61696E 
 1394      57733246 
 1394      72657100 
 1395              	.LASF135:
 1396 0739 63795F73 		.ascii	"cy_stc_ble_custom_config_t\000"
 1396      74635F62 
 1396      6C655F63 
 1396      7573746F 
 1396      6D5F636F 
 1397              	.LASF133:
 1398 0754 63795F73 		.ascii	"cy_stc_ble_customs_t\000"
 1398      74635F62 
 1398      6C655F63 
 1398      7573746F 
 1398      6D735F74 
 1399              	.LASF48:
 1400 0769 73727373 		.ascii	"srssNumHfroot\000"
 1400      4E756D48 
 1400      66726F6F 
 1400      7400
 1401              	.LASF61:
 1402 0777 666C6173 		.ascii	"flashEraseDelay\000"
 1402      68457261 
 1402      73654465 
 1402      6C617900 
 1403              	.LASF19:
 1404 0787 75696E74 		.ascii	"uint32_t\000"
 1404      33325F74 
 1404      00
 1405              	.LASF141:
 1406 0790 474E5520 		.ascii	"GNU C11 5.4.1 20160609 (release) [ARM/embedded-5-br"
 1406      43313120 
 1406      352E342E 
 1406      31203230 
 1406      31363036 
 1407 07c3 616E6368 		.ascii	"anch revision 237715] -mcpu=cortex-m0plus -mthumb -"
 1407      20726576 
 1407      6973696F 
 1407      6E203233 
 1407      37373135 
 1408 07f6 67202D4F 		.ascii	"g -Og -ffunction-sections -ffat-lto-objects\000"
 1408      67202D66 
 1408      66756E63 
 1408      74696F6E 
 1408      2D736563 
 1409              	.LASF2:
 1410 0822 6C6F6E67 		.ascii	"long double\000"
ARM GAS  C:\Users\Nazar\AppData\Local\Temp\ccphr1iU.s 			page 32


 1410      20646F75 
 1410      626C6500 
 1411              	.LASF15:
 1412 082e 63686172 		.ascii	"char\000"
 1412      00
 1413              	.LASF38:
 1414 0833 70726F74 		.ascii	"protVersion\000"
 1414      56657273 
 1414      696F6E00 
 1415              	.LASF101:
 1416 083f 63707573 		.ascii	"cpussRam0Ctl0\000"
 1416      7352616D 
 1416      3043746C 
 1416      3000
 1417              	.LASF8:
 1418 084d 5F5F7569 		.ascii	"__uint16_t\000"
 1418      6E743136 
 1418      5F7400
 1419              	.LASF82:
 1420 0858 70657269 		.ascii	"periDiv16CtlOffset\000"
 1420      44697631 
 1420      3643746C 
 1420      4F666673 
 1420      657400
 1421              	.LASF137:
 1422 086b 63795F62 		.ascii	"cy_ble_advState\000"
 1422      6C655F61 
 1422      64765374 
 1422      61746500 
 1423              	.LASF35:
 1424 087b 6873696F 		.ascii	"hsiomVersion\000"
 1424      6D566572 
 1424      73696F6E 
 1424      00
 1425              	.LASF63:
 1426 0888 666C6173 		.ascii	"flashCtlMainWs1Freq\000"
 1426      6843746C 
 1426      4D61696E 
 1426      57733146 
 1426      72657100 
 1427              	.LASF9:
 1428 089c 73686F72 		.ascii	"short unsigned int\000"
 1428      7420756E 
 1428      7369676E 
 1428      65642069 
 1428      6E7400
 1429              	.LASF68:
 1430 08af 64774368 		.ascii	"dwChSize\000"
 1430      53697A65 
 1430      00
 1431              	.LASF104:
 1432 08b8 69706353 		.ascii	"ipcStructSize\000"
 1432      74727563 
 1432      7453697A 
 1432      6500
 1433              	.LASF43:
 1434 08c6 63707573 		.ascii	"cpussIpc0Irq\000"
ARM GAS  C:\Users\Nazar\AppData\Local\Temp\ccphr1iU.s 			page 33


 1434      73497063 
 1434      30497271 
 1434      00
 1435              	.LASF86:
 1436 08d3 6770696F 		.ascii	"gpioPrtCfgOffset\000"
 1436      50727443 
 1436      66674F66 
 1436      66736574 
 1436      00
 1437              	.LASF118:
 1438 08e4 43595F42 		.ascii	"CY_BLE_CONN_STATE_DISCONNECTED\000"
 1438      4C455F43 
 1438      4F4E4E5F 
 1438      53544154 
 1438      455F4449 
 1439              	.LASF138:
 1440 0903 63795F62 		.ascii	"cy_ble_connHandle\000"
 1440      6C655F63 
 1440      6F6E6E48 
 1440      616E646C 
 1440      6500
 1441              	.LASF45:
 1442 0915 63707573 		.ascii	"cpussNotConnectedIrq\000"
 1442      734E6F74 
 1442      436F6E6E 
 1442      65637465 
 1442      64497271 
 1443              	.LASF115:
 1444 092a 43595F42 		.ascii	"CY_BLE_ADV_STATE_ADVERTISING\000"
 1444      4C455F41 
 1444      44565F53 
 1444      54415445 
 1444      5F414456 
 1445              	.LASF113:
 1446 0947 43595F42 		.ascii	"CY_BLE_ADV_STATE_STOPPED\000"
 1446      4C455F41 
 1446      44565F53 
 1446      54415445 
 1446      5F53544F 
 1447              	.LASF16:
 1448 0960 75696E74 		.ascii	"uint8_t\000"
 1448      385F7400 
 1449              	.LASF92:
 1450 0968 63707573 		.ascii	"cpussCm4StatusOffset\000"
 1450      73436D34 
 1450      53746174 
 1450      75734F66 
 1450      66736574 
 1451              	.LASF85:
 1452 097d 6770696F 		.ascii	"gpioPrtIntrCfgOffset\000"
 1452      50727449 
 1452      6E747243 
 1452      66674F66 
 1452      66736574 
 1453              	.LASF96:
 1454 0992 63707573 		.ascii	"cpussTrimRomCtlOffset\000"
 1454      73547269 
ARM GAS  C:\Users\Nazar\AppData\Local\Temp\ccphr1iU.s 			page 34


 1454      6D526F6D 
 1454      43746C4F 
 1454      66667365 
 1455              	.LASF109:
 1456 09a8 62644861 		.ascii	"bdHandle\000"
 1456      6E646C65 
 1456      00
 1457              	.LASF46:
 1458 09b1 73727373 		.ascii	"srssNumClkpath\000"
 1458      4E756D43 
 1458      6C6B7061 
 1458      746800
 1459              	.LASF32:
 1460 09c0 64775665 		.ascii	"dwVersion\000"
 1460      7273696F 
 1460      6E00
 1461              	.LASF28:
 1462 09ca 69706342 		.ascii	"ipcBase\000"
 1462      61736500 
 1463              	.LASF79:
 1464 09d2 70657269 		.ascii	"periDivCmdPaDivSelPos\000"
 1464      44697643 
 1464      6D645061 
 1464      44697653 
 1464      656C506F 
 1465              	.LASF60:
 1466 09e8 666C6173 		.ascii	"flashProgramDelay\000"
 1466      6850726F 
 1466      6772616D 
 1466      44656C61 
 1466      7900
 1467              	.LASF128:
 1468 09fa 63757374 		.ascii	"customServCharHandle\000"
 1468      6F6D5365 
 1468      72764368 
 1468      61724861 
 1468      6E646C65 
 1469              	.LASF119:
 1470 0a0f 43595F42 		.ascii	"CY_BLE_CONN_STATE_CLIENT_DISCONNECTED_DISCOVERED\000"
 1470      4C455F43 
 1470      4F4E4E5F 
 1470      53544154 
 1470      455F434C 
 1471              	.LASF57:
 1472 0a40 666C6173 		.ascii	"flashRwwRequired\000"
 1472      68527777 
 1472      52657175 
 1472      69726564 
 1472      00
 1473              	.LASF129:
 1474 0a51 63757374 		.ascii	"customServCharDesc\000"
 1474      6F6D5365 
 1474      72764368 
 1474      61724465 
 1474      736300
 1475              		.ident	"GCC: (GNU Tools for ARM Embedded Processors) 5.4.1 20160609 (release) [ARM/embedded-5-bran
