ARM GAS  C:\Users\Nazar\AppData\Local\Temp\ccBHhWIi.s 			page 1


   1              		.syntax unified
   2              		.cpu cortex-m0plus
   3              		.fpu softvfp
   4              		.eabi_attribute 20, 1
   5              		.eabi_attribute 21, 1
   6              		.eabi_attribute 23, 3
   7              		.eabi_attribute 24, 1
   8              		.eabi_attribute 25, 1
   9              		.eabi_attribute 26, 1
  10              		.eabi_attribute 30, 1
  11              		.eabi_attribute 34, 0
  12              		.eabi_attribute 18, 4
  13              		.thumb
  14              		.syntax unified
  15              		.file	"cy_ble_hal_int.c"
  16              		.text
  17              	.Ltext0:
  18              		.cfi_sections	.debug_frame
  19              		.section	.text.Cy_BLE_BlessInterrupt,"ax",%progbits
  20              		.align	2
  21              		.global	Cy_BLE_BlessInterrupt
  22              		.code	16
  23              		.thumb_func
  24              		.type	Cy_BLE_BlessInterrupt, %function
  25              	Cy_BLE_BlessInterrupt:
  26              	.LFB164:
  27              		.file 1 "Generated_Source\\PSoC6\\pdl\\middleware\\ble\\cy_ble_hal_int.c"
   1:Generated_Source\PSoC6\pdl\middleware\ble/cy_ble_hal_int.c **** /***************************************************************************//**
   2:Generated_Source\PSoC6\pdl\middleware\ble/cy_ble_hal_int.c **** * \file cy_ble_hal_int.c
   3:Generated_Source\PSoC6\pdl\middleware\ble/cy_ble_hal_int.c **** * \version 2.90
   4:Generated_Source\PSoC6\pdl\middleware\ble/cy_ble_hal_int.c **** *
   5:Generated_Source\PSoC6\pdl\middleware\ble/cy_ble_hal_int.c **** * \brief
   6:Generated_Source\PSoC6\pdl\middleware\ble/cy_ble_hal_int.c **** *  This file contains the source code for the Interrupt Service Routine for the
   7:Generated_Source\PSoC6\pdl\middleware\ble/cy_ble_hal_int.c **** *  HAL section of the BLE Middleware.
   8:Generated_Source\PSoC6\pdl\middleware\ble/cy_ble_hal_int.c **** *
   9:Generated_Source\PSoC6\pdl\middleware\ble/cy_ble_hal_int.c **** ********************************************************************************
  10:Generated_Source\PSoC6\pdl\middleware\ble/cy_ble_hal_int.c **** * \copyright
  11:Generated_Source\PSoC6\pdl\middleware\ble/cy_ble_hal_int.c **** * Copyright 2017-2023, Cypress Semiconductor Corporation.  All rights reserved.
  12:Generated_Source\PSoC6\pdl\middleware\ble/cy_ble_hal_int.c **** * You may use this file only in accordance with the license, terms, conditions,
  13:Generated_Source\PSoC6\pdl\middleware\ble/cy_ble_hal_int.c **** * disclaimers, and limitations in the end user license agreement accompanying
  14:Generated_Source\PSoC6\pdl\middleware\ble/cy_ble_hal_int.c **** * the software package with which this file was provided.
  15:Generated_Source\PSoC6\pdl\middleware\ble/cy_ble_hal_int.c **** *******************************************************************************/
  16:Generated_Source\PSoC6\pdl\middleware\ble/cy_ble_hal_int.c **** #include "cy_ble.h"
  17:Generated_Source\PSoC6\pdl\middleware\ble/cy_ble_hal_int.c **** #include "cy_ble_hal_pvt.h"
  18:Generated_Source\PSoC6\pdl\middleware\ble/cy_ble_hal_int.c **** #include "ipc/cy_ipc_sema.h"
  19:Generated_Source\PSoC6\pdl\middleware\ble/cy_ble_hal_int.c **** 
  20:Generated_Source\PSoC6\pdl\middleware\ble/cy_ble_hal_int.c **** /* C binding of definitions if building with C++ compiler */
  21:Generated_Source\PSoC6\pdl\middleware\ble/cy_ble_hal_int.c **** #ifdef __cplusplus
  22:Generated_Source\PSoC6\pdl\middleware\ble/cy_ble_hal_int.c **** extern "C" {
  23:Generated_Source\PSoC6\pdl\middleware\ble/cy_ble_hal_int.c **** #endif /* __cplusplus */
  24:Generated_Source\PSoC6\pdl\middleware\ble/cy_ble_hal_int.c **** 
  25:Generated_Source\PSoC6\pdl\middleware\ble/cy_ble_hal_int.c **** 
  26:Generated_Source\PSoC6\pdl\middleware\ble/cy_ble_hal_int.c **** #if (CY_BLE_INTR_NOTIFY_FEATURE_ENABLED) && (CY_BLE_STACK_MODE_IPC) && (CY_BLE_MODE_PROFILE)
  27:Generated_Source\PSoC6\pdl\middleware\ble/cy_ble_hal_int.c **** 
  28:Generated_Source\PSoC6\pdl\middleware\ble/cy_ble_hal_int.c **** /*******************************************************************************
  29:Generated_Source\PSoC6\pdl\middleware\ble/cy_ble_hal_int.c **** * Function Name: Cy_BLE_HAL_IntrNotifyIpcHandler
  30:Generated_Source\PSoC6\pdl\middleware\ble/cy_ble_hal_int.c **** ****************************************************************************//**
ARM GAS  C:\Users\Nazar\AppData\Local\Temp\ccBHhWIi.s 			page 2


  31:Generated_Source\PSoC6\pdl\middleware\ble/cy_ble_hal_int.c **** *
  32:Generated_Source\PSoC6\pdl\middleware\ble/cy_ble_hal_int.c **** *  Handles the IPC notification for Interrupt Notification Feature.
  33:Generated_Source\PSoC6\pdl\middleware\ble/cy_ble_hal_int.c **** *
  34:Generated_Source\PSoC6\pdl\middleware\ble/cy_ble_hal_int.c **** * \return
  35:Generated_Source\PSoC6\pdl\middleware\ble/cy_ble_hal_int.c **** *  None
  36:Generated_Source\PSoC6\pdl\middleware\ble/cy_ble_hal_int.c **** *
  37:Generated_Source\PSoC6\pdl\middleware\ble/cy_ble_hal_int.c **** *******************************************************************************/
  38:Generated_Source\PSoC6\pdl\middleware\ble/cy_ble_hal_int.c **** void Cy_BLE_HAL_IntrNotifyIpcHandler(void)
  39:Generated_Source\PSoC6\pdl\middleware\ble/cy_ble_hal_int.c **** {
  40:Generated_Source\PSoC6\pdl\middleware\ble/cy_ble_hal_int.c ****     uint32_t interruptMasked;
  41:Generated_Source\PSoC6\pdl\middleware\ble/cy_ble_hal_int.c ****     IPC_INTR_STRUCT_Type *intrTypePtr = Cy_IPC_Drv_GetIntrBaseAddr(CY_BLE_INTR_NOTIFY_IPC_INTR);
  42:Generated_Source\PSoC6\pdl\middleware\ble/cy_ble_hal_int.c ****    /**
  43:Generated_Source\PSoC6\pdl\middleware\ble/cy_ble_hal_int.c ****     * Check that there is really the IPC Notify interrupt,
  44:Generated_Source\PSoC6\pdl\middleware\ble/cy_ble_hal_int.c ****     * because the same line can be used for the IPC Release interrupt.
  45:Generated_Source\PSoC6\pdl\middleware\ble/cy_ble_hal_int.c ****     */
  46:Generated_Source\PSoC6\pdl\middleware\ble/cy_ble_hal_int.c **** 
  47:Generated_Source\PSoC6\pdl\middleware\ble/cy_ble_hal_int.c ****     interruptMasked = Cy_IPC_Drv_ExtractAcquireMask(Cy_IPC_Drv_GetInterruptStatusMasked(intrTypePtr
  48:Generated_Source\PSoC6\pdl\middleware\ble/cy_ble_hal_int.c **** 
  49:Generated_Source\PSoC6\pdl\middleware\ble/cy_ble_hal_int.c ****     if ((1uL << (CY_BLE_INTR_NOTIFY_IPC_CHAN)) == interruptMasked )
  50:Generated_Source\PSoC6\pdl\middleware\ble/cy_ble_hal_int.c ****     {
  51:Generated_Source\PSoC6\pdl\middleware\ble/cy_ble_hal_int.c ****         Cy_IPC_Drv_ClearInterrupt(intrTypePtr, CY_IPC_NO_NOTIFICATION, interruptMasked);
  52:Generated_Source\PSoC6\pdl\middleware\ble/cy_ble_hal_int.c **** 
  53:Generated_Source\PSoC6\pdl\middleware\ble/cy_ble_hal_int.c ****         if(Cy_BLE_InterruptCallback != NULL)
  54:Generated_Source\PSoC6\pdl\middleware\ble/cy_ble_hal_int.c ****         {
  55:Generated_Source\PSoC6\pdl\middleware\ble/cy_ble_hal_int.c ****             /* Call the BLE interrupt feature handler */
  56:Generated_Source\PSoC6\pdl\middleware\ble/cy_ble_hal_int.c ****             Cy_BLE_InterruptCallback(intrNotify.data);
  57:Generated_Source\PSoC6\pdl\middleware\ble/cy_ble_hal_int.c ****         }
  58:Generated_Source\PSoC6\pdl\middleware\ble/cy_ble_hal_int.c **** 
  59:Generated_Source\PSoC6\pdl\middleware\ble/cy_ble_hal_int.c ****         /* Release the IPC channel with the Release interrupt */
  60:Generated_Source\PSoC6\pdl\middleware\ble/cy_ble_hal_int.c ****         (void)Cy_IPC_Drv_LockRelease(Cy_IPC_Drv_GetIpcBaseAddress(CY_BLE_INTR_NOTIFY_IPC_CHAN),
  61:Generated_Source\PSoC6\pdl\middleware\ble/cy_ble_hal_int.c ****                                     (1uL << CY_BLE_INTR_NOTIFY_IPC_INTR));
  62:Generated_Source\PSoC6\pdl\middleware\ble/cy_ble_hal_int.c ****     }
  63:Generated_Source\PSoC6\pdl\middleware\ble/cy_ble_hal_int.c **** }
  64:Generated_Source\PSoC6\pdl\middleware\ble/cy_ble_hal_int.c **** #endif /* (CY_BLE_INTR_NOTIFY_FEATURE_ENABLED) && (CY_BLE_STACK_MODE_IPC) && (CY_BLE_MODE_PROFILE) 
  65:Generated_Source\PSoC6\pdl\middleware\ble/cy_ble_hal_int.c **** 
  66:Generated_Source\PSoC6\pdl\middleware\ble/cy_ble_hal_int.c **** #if (CY_BLE_HOST_CONTR_CORE)
  67:Generated_Source\PSoC6\pdl\middleware\ble/cy_ble_hal_int.c **** #if (CY_BLE_STACK_CONTR_CORE)
  68:Generated_Source\PSoC6\pdl\middleware\ble/cy_ble_hal_int.c **** 
  69:Generated_Source\PSoC6\pdl\middleware\ble/cy_ble_hal_int.c **** #if (CY_BLE_INTR_NOTIFY_FEATURE_ENABLED)
  70:Generated_Source\PSoC6\pdl\middleware\ble/cy_ble_hal_int.c **** /* Globals */
  71:Generated_Source\PSoC6\pdl\middleware\ble/cy_ble_hal_int.c **** cy_stc_ble_intr_notify_t *intrNotifyPtr = NULL;
  72:Generated_Source\PSoC6\pdl\middleware\ble/cy_ble_hal_int.c **** 
  73:Generated_Source\PSoC6\pdl\middleware\ble/cy_ble_hal_int.c **** /* Private Function Prototypes  */
  74:Generated_Source\PSoC6\pdl\middleware\ble/cy_ble_hal_int.c **** static void Cy_BLE_HAL_SendInterruptNotification(void);
  75:Generated_Source\PSoC6\pdl\middleware\ble/cy_ble_hal_int.c **** 
  76:Generated_Source\PSoC6\pdl\middleware\ble/cy_ble_hal_int.c **** /*******************************************************************************
  77:Generated_Source\PSoC6\pdl\middleware\ble/cy_ble_hal_int.c **** * Function Name: Cy_BLE_HAL_SendInterruptNotification
  78:Generated_Source\PSoC6\pdl\middleware\ble/cy_ble_hal_int.c **** ****************************************************************************//**
  79:Generated_Source\PSoC6\pdl\middleware\ble/cy_ble_hal_int.c **** *
  80:Generated_Source\PSoC6\pdl\middleware\ble/cy_ble_hal_int.c **** *  This function sends notification (with interrupt type information) to user
  81:Generated_Source\PSoC6\pdl\middleware\ble/cy_ble_hal_int.c **** *  callback for the BLE interrupts subscribed by user. The list of supported
  82:Generated_Source\PSoC6\pdl\middleware\ble/cy_ble_hal_int.c **** *  interrupts described in the enumeration cy_en_ble_interrupt_callback_feature_t.
  83:Generated_Source\PSoC6\pdl\middleware\ble/cy_ble_hal_int.c **** *  Cy_BLE_RegisterInterruptCallback() API used to register callback for receiving
  84:Generated_Source\PSoC6\pdl\middleware\ble/cy_ble_hal_int.c **** *  the BLE interrupts.
  85:Generated_Source\PSoC6\pdl\middleware\ble/cy_ble_hal_int.c **** *
  86:Generated_Source\PSoC6\pdl\middleware\ble/cy_ble_hal_int.c **** *******************************************************************************/
  87:Generated_Source\PSoC6\pdl\middleware\ble/cy_ble_hal_int.c **** static void Cy_BLE_HAL_SendInterruptNotification(void)
ARM GAS  C:\Users\Nazar\AppData\Local\Temp\ccBHhWIi.s 			page 3


  88:Generated_Source\PSoC6\pdl\middleware\ble/cy_ble_hal_int.c **** {
  89:Generated_Source\PSoC6\pdl\middleware\ble/cy_ble_hal_int.c ****     if((intrNotifyPtr != NULL) && (intrNotifyPtr->mask != 0u))
  90:Generated_Source\PSoC6\pdl\middleware\ble/cy_ble_hal_int.c ****     {
  91:Generated_Source\PSoC6\pdl\middleware\ble/cy_ble_hal_int.c ****         uint32_t interruptType = (uint32_t)CY_BLE_INTR_CALLBACK_NONE;
  92:Generated_Source\PSoC6\pdl\middleware\ble/cy_ble_hal_int.c **** 
  93:Generated_Source\PSoC6\pdl\middleware\ble/cy_ble_hal_int.c ****         /* Read BLE_BLELL->EVENT_INTR */
  94:Generated_Source\PSoC6\pdl\middleware\ble/cy_ble_hal_int.c ****         if((intrNotifyPtr->mask & CY_BLE_INTR_CALLBACK_BLESS_STACK_ISR) != 0u)
  95:Generated_Source\PSoC6\pdl\middleware\ble/cy_ble_hal_int.c ****         {
  96:Generated_Source\PSoC6\pdl\middleware\ble/cy_ble_hal_int.c ****             interruptType |= CY_BLE_INTR_CALLBACK_BLESS_STACK_ISR;
  97:Generated_Source\PSoC6\pdl\middleware\ble/cy_ble_hal_int.c ****         }
  98:Generated_Source\PSoC6\pdl\middleware\ble/cy_ble_hal_int.c ****         else
  99:Generated_Source\PSoC6\pdl\middleware\ble/cy_ble_hal_int.c ****         {
 100:Generated_Source\PSoC6\pdl\middleware\ble/cy_ble_hal_int.c ****             if(((BLE_BLESS->INTR_STAT & BLE_BLESS_INTR_STAT_DSM_ENTERED_INTR_Msk) != 0u) &&
 101:Generated_Source\PSoC6\pdl\middleware\ble/cy_ble_hal_int.c ****                ((intrNotifyPtr->mask & CY_BLE_INTR_CALLBACK_BLESS_INTR_STAT_DSM_ENTERED)!= 0u))
 102:Generated_Source\PSoC6\pdl\middleware\ble/cy_ble_hal_int.c ****             {
 103:Generated_Source\PSoC6\pdl\middleware\ble/cy_ble_hal_int.c ****                 interruptType |= CY_BLE_INTR_CALLBACK_BLESS_INTR_STAT_DSM_ENTERED;
 104:Generated_Source\PSoC6\pdl\middleware\ble/cy_ble_hal_int.c ****             }
 105:Generated_Source\PSoC6\pdl\middleware\ble/cy_ble_hal_int.c **** 
 106:Generated_Source\PSoC6\pdl\middleware\ble/cy_ble_hal_int.c ****             if(((BLE_BLESS->INTR_STAT & BLE_BLESS_INTR_STAT_DSM_EXITED_INTR_Msk) != 0u) &&
 107:Generated_Source\PSoC6\pdl\middleware\ble/cy_ble_hal_int.c ****                ((intrNotifyPtr->mask & CY_BLE_INTR_CALLBACK_BLESS_INTR_STAT_DSM_EXITED) != 0u))
 108:Generated_Source\PSoC6\pdl\middleware\ble/cy_ble_hal_int.c ****             {
 109:Generated_Source\PSoC6\pdl\middleware\ble/cy_ble_hal_int.c ****                 interruptType |= CY_BLE_INTR_CALLBACK_BLESS_INTR_STAT_DSM_EXITED;
 110:Generated_Source\PSoC6\pdl\middleware\ble/cy_ble_hal_int.c ****             }
 111:Generated_Source\PSoC6\pdl\middleware\ble/cy_ble_hal_int.c **** 
 112:Generated_Source\PSoC6\pdl\middleware\ble/cy_ble_hal_int.c ****             if(((BLE_BLESS->INTR_STAT & BLE_BLESS_INTR_STAT_LL_INTR_Msk) != 0u))
 113:Generated_Source\PSoC6\pdl\middleware\ble/cy_ble_hal_int.c ****             {
 114:Generated_Source\PSoC6\pdl\middleware\ble/cy_ble_hal_int.c ****                 /**
 115:Generated_Source\PSoC6\pdl\middleware\ble/cy_ble_hal_int.c ****                  *  Updates the firmware and hardware to exit sleep mode, when
 116:Generated_Source\PSoC6\pdl\middleware\ble/cy_ble_hal_int.c ****                  *  called from the interrupt mode, after checking the state machine.
 117:Generated_Source\PSoC6\pdl\middleware\ble/cy_ble_hal_int.c ****                  */
 118:Generated_Source\PSoC6\pdl\middleware\ble/cy_ble_hal_int.c ****                 Cy_BLE_LlIsrExitLowPowerMode();
 119:Generated_Source\PSoC6\pdl\middleware\ble/cy_ble_hal_int.c **** 
 120:Generated_Source\PSoC6\pdl\middleware\ble/cy_ble_hal_int.c ****                 if(BLE_BLELL->EVENT_INTR != 0x0u)
 121:Generated_Source\PSoC6\pdl\middleware\ble/cy_ble_hal_int.c ****                 {
 122:Generated_Source\PSoC6\pdl\middleware\ble/cy_ble_hal_int.c ****                     if((BLE_BLELL->EVENT_INTR & BLE_BLELL_EVENT_INTR_CONN_INTR_Msk) != 0u)
 123:Generated_Source\PSoC6\pdl\middleware\ble/cy_ble_hal_int.c ****                     {
 124:Generated_Source\PSoC6\pdl\middleware\ble/cy_ble_hal_int.c ****                         if(((BLE_BLELL->CONN_INTR & BLE_BLELL_CONN_INTR_CLOSE_CE_Msk) != 0u) &&
 125:Generated_Source\PSoC6\pdl\middleware\ble/cy_ble_hal_int.c ****                             ((intrNotifyPtr->mask & CY_BLE_INTR_CALLBACK_BLELL_CONN_INTR_CLOSE_CE) 
 126:Generated_Source\PSoC6\pdl\middleware\ble/cy_ble_hal_int.c ****                         {
 127:Generated_Source\PSoC6\pdl\middleware\ble/cy_ble_hal_int.c ****                             /* Return interrupt type CY_BLE_INTR_CALLBACK_BLELL_CONN_INTR_CLOSE_CE 
 128:Generated_Source\PSoC6\pdl\middleware\ble/cy_ble_hal_int.c ****                             interruptType |= CY_BLE_INTR_CALLBACK_BLELL_CONN_INTR_CLOSE_CE;
 129:Generated_Source\PSoC6\pdl\middleware\ble/cy_ble_hal_int.c ****                         }
 130:Generated_Source\PSoC6\pdl\middleware\ble/cy_ble_hal_int.c **** 
 131:Generated_Source\PSoC6\pdl\middleware\ble/cy_ble_hal_int.c ****                         if(((BLE_BLELL->CONN_INTR & BLE_BLELL_CONN_INTR_CE_TX_ACK_Msk) != 0u) &&
 132:Generated_Source\PSoC6\pdl\middleware\ble/cy_ble_hal_int.c ****                            ((intrNotifyPtr->mask & CY_BLE_INTR_CALLBACK_BLELL_CONN_INTR_CE_TX_ACK) 
 133:Generated_Source\PSoC6\pdl\middleware\ble/cy_ble_hal_int.c ****                         {
 134:Generated_Source\PSoC6\pdl\middleware\ble/cy_ble_hal_int.c ****                             /* Return interrupt type CY_BLE_INTR_CALLBACK_BLELL_CONN_INTR_CE_TX_ACK
 135:Generated_Source\PSoC6\pdl\middleware\ble/cy_ble_hal_int.c ****                             interruptType |= CY_BLE_INTR_CALLBACK_BLELL_CONN_INTR_CE_TX_ACK;
 136:Generated_Source\PSoC6\pdl\middleware\ble/cy_ble_hal_int.c ****                         }
 137:Generated_Source\PSoC6\pdl\middleware\ble/cy_ble_hal_int.c **** 
 138:Generated_Source\PSoC6\pdl\middleware\ble/cy_ble_hal_int.c ****                         if(((BLE_BLELL->CONN_EXT_INTR & BLE_BLELL_CONN_EXT_INTR_EARLY_INTR_Msk) != 
 139:Generated_Source\PSoC6\pdl\middleware\ble/cy_ble_hal_int.c ****                            ((intrNotifyPtr->mask & CY_BLE_INTR_CALLBACK_BLELL_CONN_EXT_INTR_EARLY) 
 140:Generated_Source\PSoC6\pdl\middleware\ble/cy_ble_hal_int.c ****                         {
 141:Generated_Source\PSoC6\pdl\middleware\ble/cy_ble_hal_int.c ****                             /* Return interrupt type CY_BLE_INTR_CALLBACK_BLELL_CONN_EXT_INTR_EARLY
 142:Generated_Source\PSoC6\pdl\middleware\ble/cy_ble_hal_int.c ****                             interruptType |= CY_BLE_INTR_CALLBACK_BLELL_CONN_EXT_INTR_EARLY;
 143:Generated_Source\PSoC6\pdl\middleware\ble/cy_ble_hal_int.c ****                         }
 144:Generated_Source\PSoC6\pdl\middleware\ble/cy_ble_hal_int.c **** 
ARM GAS  C:\Users\Nazar\AppData\Local\Temp\ccBHhWIi.s 			page 4


 145:Generated_Source\PSoC6\pdl\middleware\ble/cy_ble_hal_int.c ****                         if(((BLE_BLELL->CONN_INTR & BLE_BLELL_CONN_INTR_CE_RX_Msk) != 0u) &&
 146:Generated_Source\PSoC6\pdl\middleware\ble/cy_ble_hal_int.c ****                             ((intrNotifyPtr->mask & CY_BLE_INTR_CALLBACK_BLELL_CONN_INTR_CE_RX) != 
 147:Generated_Source\PSoC6\pdl\middleware\ble/cy_ble_hal_int.c ****                         {
 148:Generated_Source\PSoC6\pdl\middleware\ble/cy_ble_hal_int.c ****                             /* Return interrupt type CY_BLE_INTR_CALLBACK_BLELL_CONN_INTR_CE_RX */
 149:Generated_Source\PSoC6\pdl\middleware\ble/cy_ble_hal_int.c ****                             interruptType |= CY_BLE_INTR_CALLBACK_BLELL_CONN_INTR_CE_RX;
 150:Generated_Source\PSoC6\pdl\middleware\ble/cy_ble_hal_int.c ****                         }
 151:Generated_Source\PSoC6\pdl\middleware\ble/cy_ble_hal_int.c ****                     }
 152:Generated_Source\PSoC6\pdl\middleware\ble/cy_ble_hal_int.c **** 
 153:Generated_Source\PSoC6\pdl\middleware\ble/cy_ble_hal_int.c ****                     if((BLE_BLELL->EVENT_INTR & BLE_BLELL_EVENT_INTR_SCAN_INTR_Msk) != 0u)
 154:Generated_Source\PSoC6\pdl\middleware\ble/cy_ble_hal_int.c ****                     {
 155:Generated_Source\PSoC6\pdl\middleware\ble/cy_ble_hal_int.c ****                         if(((BLE_BLELL->SCAN_INTR & BLE_BLELL_SCAN_INTR_ADV_RX_INTR_Msk) != 0u) &&
 156:Generated_Source\PSoC6\pdl\middleware\ble/cy_ble_hal_int.c ****                            ((intrNotifyPtr->mask & CY_BLE_INTR_CALLBACK_BLELL_SCAN_INTR_ADV_RX) != 
 157:Generated_Source\PSoC6\pdl\middleware\ble/cy_ble_hal_int.c ****                         {
 158:Generated_Source\PSoC6\pdl\middleware\ble/cy_ble_hal_int.c ****                             /* Return interrupt type Return interrupt type CY_BLE_INTR_CALLBACK_BLE
 159:Generated_Source\PSoC6\pdl\middleware\ble/cy_ble_hal_int.c ****                             interruptType |= CY_BLE_INTR_CALLBACK_BLELL_SCAN_INTR_ADV_RX;
 160:Generated_Source\PSoC6\pdl\middleware\ble/cy_ble_hal_int.c ****                         }
 161:Generated_Source\PSoC6\pdl\middleware\ble/cy_ble_hal_int.c **** 
 162:Generated_Source\PSoC6\pdl\middleware\ble/cy_ble_hal_int.c ****                         if(((BLE_BLELL->SCAN_INTR & BLE_BLELL_SCAN_INTR_SCAN_RSP_RX_INTR_Msk) != 0u
 163:Generated_Source\PSoC6\pdl\middleware\ble/cy_ble_hal_int.c ****                            ((intrNotifyPtr->mask & CY_BLE_INTR_CALLBACK_BLELL_SCAN_INTR_SCAN_RSP_RX
 164:Generated_Source\PSoC6\pdl\middleware\ble/cy_ble_hal_int.c ****                         {
 165:Generated_Source\PSoC6\pdl\middleware\ble/cy_ble_hal_int.c ****                             /* Return interrupt type CY_BLE_INTR_CALLBACK_BLELL_SCAN_INTR_SCAN_RSP_
 166:Generated_Source\PSoC6\pdl\middleware\ble/cy_ble_hal_int.c ****                             interruptType |= CY_BLE_INTR_CALLBACK_BLELL_SCAN_INTR_SCAN_RSP_RX;
 167:Generated_Source\PSoC6\pdl\middleware\ble/cy_ble_hal_int.c ****                         }
 168:Generated_Source\PSoC6\pdl\middleware\ble/cy_ble_hal_int.c ****                     }
 169:Generated_Source\PSoC6\pdl\middleware\ble/cy_ble_hal_int.c **** 
 170:Generated_Source\PSoC6\pdl\middleware\ble/cy_ble_hal_int.c ****                     if((BLE_BLELL->EVENT_INTR & BLE_BLELL_EVENT_INTR_ADV_INTR_Msk) != 0u)
 171:Generated_Source\PSoC6\pdl\middleware\ble/cy_ble_hal_int.c ****                     {
 172:Generated_Source\PSoC6\pdl\middleware\ble/cy_ble_hal_int.c ****                         if(((BLE_BLELL->ADV_INTR & BLE_BLELL_ADV_INTR_CONN_REQ_RX_INTR_Msk) != 0u) 
 173:Generated_Source\PSoC6\pdl\middleware\ble/cy_ble_hal_int.c ****                            ((intrNotifyPtr->mask & CY_BLE_INTR_CALLBACK_BLELL_ADV_INTR_CONN_REQ_RX)
 174:Generated_Source\PSoC6\pdl\middleware\ble/cy_ble_hal_int.c ****                         {
 175:Generated_Source\PSoC6\pdl\middleware\ble/cy_ble_hal_int.c ****                             /* Return interrupt type CY_BLE_INTR_CALLBACK_BLELL_ADV_INTR_CONN_REQ_R
 176:Generated_Source\PSoC6\pdl\middleware\ble/cy_ble_hal_int.c ****                             interruptType |= CY_BLE_INTR_CALLBACK_BLELL_ADV_INTR_CONN_REQ_RX;
 177:Generated_Source\PSoC6\pdl\middleware\ble/cy_ble_hal_int.c ****                         }
 178:Generated_Source\PSoC6\pdl\middleware\ble/cy_ble_hal_int.c ****                     }
 179:Generated_Source\PSoC6\pdl\middleware\ble/cy_ble_hal_int.c ****                 }
 180:Generated_Source\PSoC6\pdl\middleware\ble/cy_ble_hal_int.c ****             }
 181:Generated_Source\PSoC6\pdl\middleware\ble/cy_ble_hal_int.c ****         }
 182:Generated_Source\PSoC6\pdl\middleware\ble/cy_ble_hal_int.c **** 
 183:Generated_Source\PSoC6\pdl\middleware\ble/cy_ble_hal_int.c ****         /* Send interrupt type information to registered callback */
 184:Generated_Source\PSoC6\pdl\middleware\ble/cy_ble_hal_int.c ****         if(interruptType != (uint32_t)CY_BLE_INTR_CALLBACK_NONE)
 185:Generated_Source\PSoC6\pdl\middleware\ble/cy_ble_hal_int.c ****         {
 186:Generated_Source\PSoC6\pdl\middleware\ble/cy_ble_hal_int.c ****             #if (CY_BLE_MODE_PROFILE)
 187:Generated_Source\PSoC6\pdl\middleware\ble/cy_ble_hal_int.c ****                 if(Cy_BLE_InterruptCallback != NULL)
 188:Generated_Source\PSoC6\pdl\middleware\ble/cy_ble_hal_int.c ****                 {
 189:Generated_Source\PSoC6\pdl\middleware\ble/cy_ble_hal_int.c ****                     Cy_BLE_InterruptCallback((uint32_t)interruptType);
 190:Generated_Source\PSoC6\pdl\middleware\ble/cy_ble_hal_int.c ****                 }
 191:Generated_Source\PSoC6\pdl\middleware\ble/cy_ble_hal_int.c ****             #else
 192:Generated_Source\PSoC6\pdl\middleware\ble/cy_ble_hal_int.c ****                 {
 193:Generated_Source\PSoC6\pdl\middleware\ble/cy_ble_hal_int.c ****                     uint32_t rTimeout = 100u; /* us */
 194:Generated_Source\PSoC6\pdl\middleware\ble/cy_ble_hal_int.c ****                     intrNotifyPtr->data = (uint32_t)interruptType;
 195:Generated_Source\PSoC6\pdl\middleware\ble/cy_ble_hal_int.c **** 
 196:Generated_Source\PSoC6\pdl\middleware\ble/cy_ble_hal_int.c ****                     /* Check if IPC is released */
 197:Generated_Source\PSoC6\pdl\middleware\ble/cy_ble_hal_int.c ****                     while((Cy_IPC_Drv_IsLockAcquired(Cy_IPC_Drv_GetIpcBaseAddress(CY_BLE_INTR_NOTIF
 198:Generated_Source\PSoC6\pdl\middleware\ble/cy_ble_hal_int.c ****                           (rTimeout !=0u))
 199:Generated_Source\PSoC6\pdl\middleware\ble/cy_ble_hal_int.c ****                     {
 200:Generated_Source\PSoC6\pdl\middleware\ble/cy_ble_hal_int.c ****                         Cy_SysLib_DelayUs(1u);
 201:Generated_Source\PSoC6\pdl\middleware\ble/cy_ble_hal_int.c ****                         rTimeout--;
ARM GAS  C:\Users\Nazar\AppData\Local\Temp\ccBHhWIi.s 			page 5


 202:Generated_Source\PSoC6\pdl\middleware\ble/cy_ble_hal_int.c ****                     }
 203:Generated_Source\PSoC6\pdl\middleware\ble/cy_ble_hal_int.c **** 
 204:Generated_Source\PSoC6\pdl\middleware\ble/cy_ble_hal_int.c ****                     /* Generates a notify event by IPC interrupt structures */
 205:Generated_Source\PSoC6\pdl\middleware\ble/cy_ble_hal_int.c ****                     if(rTimeout != 0u)
 206:Generated_Source\PSoC6\pdl\middleware\ble/cy_ble_hal_int.c ****                     {
 207:Generated_Source\PSoC6\pdl\middleware\ble/cy_ble_hal_int.c ****                         (void)Cy_IPC_Drv_AcquireNotify(Cy_IPC_Drv_GetIpcBaseAddress(CY_BLE_INTR_NOT
 208:Generated_Source\PSoC6\pdl\middleware\ble/cy_ble_hal_int.c ****                                        (1uL << (uint32_t)CY_BLE_INTR_NOTIFY_IPC_INTR));
 209:Generated_Source\PSoC6\pdl\middleware\ble/cy_ble_hal_int.c ****                     }
 210:Generated_Source\PSoC6\pdl\middleware\ble/cy_ble_hal_int.c **** 
 211:Generated_Source\PSoC6\pdl\middleware\ble/cy_ble_hal_int.c ****                 }
 212:Generated_Source\PSoC6\pdl\middleware\ble/cy_ble_hal_int.c ****             #endif /* (CY_BLE_MODE_PROFILE) */
 213:Generated_Source\PSoC6\pdl\middleware\ble/cy_ble_hal_int.c ****         }
 214:Generated_Source\PSoC6\pdl\middleware\ble/cy_ble_hal_int.c ****     }
 215:Generated_Source\PSoC6\pdl\middleware\ble/cy_ble_hal_int.c **** }
 216:Generated_Source\PSoC6\pdl\middleware\ble/cy_ble_hal_int.c **** #endif /* (CY_BLE_INTR_NOTIFY_FEATURE_ENABLED) */
 217:Generated_Source\PSoC6\pdl\middleware\ble/cy_ble_hal_int.c **** 
 218:Generated_Source\PSoC6\pdl\middleware\ble/cy_ble_hal_int.c **** 
 219:Generated_Source\PSoC6\pdl\middleware\ble/cy_ble_hal_int.c **** /*******************************************************************************
 220:Generated_Source\PSoC6\pdl\middleware\ble/cy_ble_hal_int.c **** * Function Name: Cy_BLE_BlessInterrupt
 221:Generated_Source\PSoC6\pdl\middleware\ble/cy_ble_hal_int.c **** ****************************************************************************//**
 222:Generated_Source\PSoC6\pdl\middleware\ble/cy_ble_hal_int.c **** *
 223:Generated_Source\PSoC6\pdl\middleware\ble/cy_ble_hal_int.c **** *  Handles the Interrupt Service Routine for the BLE sub-system.
 224:Generated_Source\PSoC6\pdl\middleware\ble/cy_ble_hal_int.c **** *
 225:Generated_Source\PSoC6\pdl\middleware\ble/cy_ble_hal_int.c **** * \return
 226:Generated_Source\PSoC6\pdl\middleware\ble/cy_ble_hal_int.c **** *  None
 227:Generated_Source\PSoC6\pdl\middleware\ble/cy_ble_hal_int.c **** *
 228:Generated_Source\PSoC6\pdl\middleware\ble/cy_ble_hal_int.c **** *******************************************************************************/
 229:Generated_Source\PSoC6\pdl\middleware\ble/cy_ble_hal_int.c **** void Cy_BLE_BlessInterrupt(void)
 230:Generated_Source\PSoC6\pdl\middleware\ble/cy_ble_hal_int.c **** {
  28              		.loc 1 230 0
  29              		.cfi_startproc
  30              		@ args = 0, pretend = 0, frame = 0
  31              		@ frame_needed = 0, uses_anonymous_args = 0
  32 0000 10B5     		push	{r4, lr}
  33              		.cfi_def_cfa_offset 8
  34              		.cfi_offset 4, -8
  35              		.cfi_offset 14, -4
  36              	.LVL0:
 231:Generated_Source\PSoC6\pdl\middleware\ble/cy_ble_hal_int.c **** #if (CY_BLE_MODE_PROFILE)
 232:Generated_Source\PSoC6\pdl\middleware\ble/cy_ble_hal_int.c ****     bool sendNotification = false;
 233:Generated_Source\PSoC6\pdl\middleware\ble/cy_ble_hal_int.c **** #endif /* (CY_BLE_MODE_PROFILE) */
 234:Generated_Source\PSoC6\pdl\middleware\ble/cy_ble_hal_int.c **** 
 235:Generated_Source\PSoC6\pdl\middleware\ble/cy_ble_hal_int.c **** #if (CY_BLE_INTR_NOTIFY_FEATURE_ENABLED)
 236:Generated_Source\PSoC6\pdl\middleware\ble/cy_ble_hal_int.c ****     /**
 237:Generated_Source\PSoC6\pdl\middleware\ble/cy_ble_hal_int.c ****      * Send notification (with interrupt type) to user callback for the
 238:Generated_Source\PSoC6\pdl\middleware\ble/cy_ble_hal_int.c ****      * BLE interrupts subscribed by user. Cy_BLE_RegisterInterruptCallback API
 239:Generated_Source\PSoC6\pdl\middleware\ble/cy_ble_hal_int.c ****      * used to register callback for receiving BLE interrupts.
 240:Generated_Source\PSoC6\pdl\middleware\ble/cy_ble_hal_int.c ****      */
 241:Generated_Source\PSoC6\pdl\middleware\ble/cy_ble_hal_int.c ****     Cy_BLE_HAL_SendInterruptNotification();
 242:Generated_Source\PSoC6\pdl\middleware\ble/cy_ble_hal_int.c **** #endif /* (CY_BLE_INTR_NOTIFY_FEATURE_ENABLED) */
 243:Generated_Source\PSoC6\pdl\middleware\ble/cy_ble_hal_int.c **** 
 244:Generated_Source\PSoC6\pdl\middleware\ble/cy_ble_hal_int.c ****     /* Call BLE Stack manager bless function handler */
 245:Generated_Source\PSoC6\pdl\middleware\ble/cy_ble_hal_int.c **** #if (CY_BLE_MODE_PROFILE)
 246:Generated_Source\PSoC6\pdl\middleware\ble/cy_ble_hal_int.c ****     sendNotification = Cy_BLE_HAL_BlessInterruptHandler();
  37              		.loc 1 246 0
  38 0002 FFF7FEFF 		bl	Cy_BLE_HAL_BlessInterruptHandler
  39              	.LVL1:
ARM GAS  C:\Users\Nazar\AppData\Local\Temp\ccBHhWIi.s 			page 6


 247:Generated_Source\PSoC6\pdl\middleware\ble/cy_ble_hal_int.c **** #else
 248:Generated_Source\PSoC6\pdl\middleware\ble/cy_ble_hal_int.c ****     (void)Cy_BLE_HAL_BlessInterruptHandler();
 249:Generated_Source\PSoC6\pdl\middleware\ble/cy_ble_hal_int.c **** #endif /* (CY_BLE_MODE_PROFILE) */
 250:Generated_Source\PSoC6\pdl\middleware\ble/cy_ble_hal_int.c ****     /* Host stack takes care of clearing interrupts */
 251:Generated_Source\PSoC6\pdl\middleware\ble/cy_ble_hal_int.c **** 
 252:Generated_Source\PSoC6\pdl\middleware\ble/cy_ble_hal_int.c **** #if (CY_BLE_MODE_PROFILE)
 253:Generated_Source\PSoC6\pdl\middleware\ble/cy_ble_hal_int.c ****     /**
 254:Generated_Source\PSoC6\pdl\middleware\ble/cy_ble_hal_int.c ****      * Call the application application Host callback. This notification indicates
 255:Generated_Source\PSoC6\pdl\middleware\ble/cy_ble_hal_int.c ****      * that user should call Cy_BLE_ProcessEvents() to process
 256:Generated_Source\PSoC6\pdl\middleware\ble/cy_ble_hal_int.c ****      * pending Stack events.
 257:Generated_Source\PSoC6\pdl\middleware\ble/cy_ble_hal_int.c ****      */
 258:Generated_Source\PSoC6\pdl\middleware\ble/cy_ble_hal_int.c ****     if((Cy_BLE_HostRegisteredCallback != NULL) && sendNotification)
  40              		.loc 1 258 0
  41 0006 044B     		ldr	r3, .L3
  42 0008 1B68     		ldr	r3, [r3]
  43 000a 002B     		cmp	r3, #0
  44 000c 02D0     		beq	.L1
  45              		.loc 1 258 0 is_stmt 0 discriminator 1
  46 000e 0028     		cmp	r0, #0
  47 0010 00D0     		beq	.L1
 259:Generated_Source\PSoC6\pdl\middleware\ble/cy_ble_hal_int.c ****     {
 260:Generated_Source\PSoC6\pdl\middleware\ble/cy_ble_hal_int.c ****         Cy_BLE_HostRegisteredCallback();
  48              		.loc 1 260 0 is_stmt 1
  49 0012 9847     		blx	r3
  50              	.LVL2:
  51              	.L1:
 261:Generated_Source\PSoC6\pdl\middleware\ble/cy_ble_hal_int.c ****     }
 262:Generated_Source\PSoC6\pdl\middleware\ble/cy_ble_hal_int.c **** #endif /* (CY_BLE_MODE_PROFILE) */
 263:Generated_Source\PSoC6\pdl\middleware\ble/cy_ble_hal_int.c **** }
  52              		.loc 1 263 0
  53              		@ sp needed
  54 0014 10BD     		pop	{r4, pc}
  55              	.L4:
  56 0016 C046     		.align	2
  57              	.L3:
  58 0018 00000000 		.word	Cy_BLE_HostRegisteredCallback
  59              		.cfi_endproc
  60              	.LFE164:
  61              		.size	Cy_BLE_BlessInterrupt, .-Cy_BLE_BlessInterrupt
  62              		.text
  63              	.Letext0:
  64              		.file 2 "c:\\program files (x86)\\cypress\\psoc creator\\4.4\\psoc creator\\import\\gnu\\arm\\5.4.
  65              		.file 3 "c:\\program files (x86)\\cypress\\psoc creator\\4.4\\psoc creator\\import\\gnu\\arm\\5.4.
  66              		.file 4 "Generated_Source\\PSoC6\\pdl\\drivers/peripheral/device/cy_device.h"
  67              		.file 5 "Generated_Source\\PSoC6\\pdl\\middleware\\ble\\cy_ble_stack_host_main.h"
  68              		.file 6 "Generated_Source\\PSoC6\\pdl\\middleware\\ble\\cy_ble_gap.h"
  69              		.file 7 "Generated_Source\\PSoC6\\pdl\\middleware\\ble\\cy_ble.h"
  70              		.file 8 "Generated_Source\\PSoC6\\pdl\\middleware\\ble\\cy_ble_stack_pvt.h"
  71              		.section	.debug_info,"",%progbits
  72              	.Ldebug_info0:
  73 0000 60060000 		.4byte	0x660
  74 0004 0400     		.2byte	0x4
  75 0006 00000000 		.4byte	.Ldebug_abbrev0
  76 000a 04       		.byte	0x4
  77 000b 01       		.uleb128 0x1
  78 000c 3D070000 		.4byte	.LASF133
  79 0010 0C       		.byte	0xc
ARM GAS  C:\Users\Nazar\AppData\Local\Temp\ccBHhWIi.s 			page 7


  80 0011 DB060000 		.4byte	.LASF134
  81 0015 5B000000 		.4byte	.LASF135
  82 0019 00000000 		.4byte	.Ldebug_ranges0+0
  83 001d 00000000 		.4byte	0
  84 0021 00000000 		.4byte	.Ldebug_line0
  85 0025 02       		.uleb128 0x2
  86 0026 04       		.byte	0x4
  87 0027 05       		.byte	0x5
  88 0028 696E7400 		.ascii	"int\000"
  89 002c 03       		.uleb128 0x3
  90 002d 04       		.byte	0x4
  91 002e 07       		.byte	0x7
  92 002f 94030000 		.4byte	.LASF0
  93 0033 03       		.uleb128 0x3
  94 0034 08       		.byte	0x8
  95 0035 05       		.byte	0x5
  96 0036 85010000 		.4byte	.LASF1
  97 003a 03       		.uleb128 0x3
  98 003b 08       		.byte	0x8
  99 003c 04       		.byte	0x4
 100 003d CF070000 		.4byte	.LASF2
 101 0041 03       		.uleb128 0x3
 102 0042 01       		.byte	0x1
 103 0043 06       		.byte	0x6
 104 0044 93010000 		.4byte	.LASF3
 105 0048 04       		.uleb128 0x4
 106 0049 A0000000 		.4byte	.LASF5
 107 004d 02       		.byte	0x2
 108 004e 1D       		.byte	0x1d
 109 004f 53000000 		.4byte	0x53
 110 0053 03       		.uleb128 0x3
 111 0054 01       		.byte	0x1
 112 0055 08       		.byte	0x8
 113 0056 9B060000 		.4byte	.LASF4
 114 005a 04       		.uleb128 0x4
 115 005b 2B030000 		.4byte	.LASF6
 116 005f 02       		.byte	0x2
 117 0060 29       		.byte	0x29
 118 0061 65000000 		.4byte	0x65
 119 0065 03       		.uleb128 0x3
 120 0066 02       		.byte	0x2
 121 0067 05       		.byte	0x5
 122 0068 BD060000 		.4byte	.LASF7
 123 006c 04       		.uleb128 0x4
 124 006d FA070000 		.4byte	.LASF8
 125 0071 02       		.byte	0x2
 126 0072 2B       		.byte	0x2b
 127 0073 77000000 		.4byte	0x77
 128 0077 03       		.uleb128 0x3
 129 0078 02       		.byte	0x2
 130 0079 07       		.byte	0x7
 131 007a 56080000 		.4byte	.LASF9
 132 007e 03       		.uleb128 0x3
 133 007f 04       		.byte	0x4
 134 0080 05       		.byte	0x5
 135 0081 25020000 		.4byte	.LASF10
 136 0085 04       		.uleb128 0x4
ARM GAS  C:\Users\Nazar\AppData\Local\Temp\ccBHhWIi.s 			page 8


 137 0086 10030000 		.4byte	.LASF11
 138 008a 02       		.byte	0x2
 139 008b 41       		.byte	0x41
 140 008c 90000000 		.4byte	0x90
 141 0090 03       		.uleb128 0x3
 142 0091 04       		.byte	0x4
 143 0092 07       		.byte	0x7
 144 0093 17040000 		.4byte	.LASF12
 145 0097 03       		.uleb128 0x3
 146 0098 08       		.byte	0x8
 147 0099 07       		.byte	0x7
 148 009a FD000000 		.4byte	.LASF13
 149 009e 03       		.uleb128 0x3
 150 009f 04       		.byte	0x4
 151 00a0 07       		.byte	0x7
 152 00a1 2A050000 		.4byte	.LASF14
 153 00a5 03       		.uleb128 0x3
 154 00a6 01       		.byte	0x1
 155 00a7 08       		.byte	0x8
 156 00a8 DB070000 		.4byte	.LASF15
 157 00ac 05       		.uleb128 0x5
 158 00ad 04       		.byte	0x4
 159 00ae B2000000 		.4byte	0xb2
 160 00b2 06       		.uleb128 0x6
 161 00b3 04       		.uleb128 0x4
 162 00b4 30090000 		.4byte	.LASF16
 163 00b8 03       		.byte	0x3
 164 00b9 18       		.byte	0x18
 165 00ba 48000000 		.4byte	0x48
 166 00be 04       		.uleb128 0x4
 167 00bf 7D010000 		.4byte	.LASF17
 168 00c3 03       		.byte	0x3
 169 00c4 20       		.byte	0x20
 170 00c5 5A000000 		.4byte	0x5a
 171 00c9 04       		.uleb128 0x4
 172 00ca E8030000 		.4byte	.LASF18
 173 00ce 03       		.byte	0x3
 174 00cf 24       		.byte	0x24
 175 00d0 6C000000 		.4byte	0x6c
 176 00d4 04       		.uleb128 0x4
 177 00d5 34070000 		.4byte	.LASF19
 178 00d9 03       		.byte	0x3
 179 00da 30       		.byte	0x30
 180 00db 85000000 		.4byte	0x85
 181 00df 07       		.uleb128 0x7
 182 00e0 B8       		.byte	0xb8
 183 00e1 04       		.byte	0x4
 184 00e2 34       		.byte	0x34
 185 00e3 F0040000 		.4byte	0x4f0
 186 00e7 08       		.uleb128 0x8
 187 00e8 D8000000 		.4byte	.LASF20
 188 00ec 04       		.byte	0x4
 189 00ed 37       		.byte	0x37
 190 00ee D4000000 		.4byte	0xd4
 191 00f2 00       		.byte	0
 192 00f3 08       		.uleb128 0x8
 193 00f4 05030000 		.4byte	.LASF21
ARM GAS  C:\Users\Nazar\AppData\Local\Temp\ccBHhWIi.s 			page 9


 194 00f8 04       		.byte	0x4
 195 00f9 38       		.byte	0x38
 196 00fa D4000000 		.4byte	0xd4
 197 00fe 04       		.byte	0x4
 198 00ff 08       		.uleb128 0x8
 199 0100 69020000 		.4byte	.LASF22
 200 0104 04       		.byte	0x4
 201 0105 39       		.byte	0x39
 202 0106 D4000000 		.4byte	0xd4
 203 010a 08       		.byte	0x8
 204 010b 08       		.uleb128 0x8
 205 010c 63060000 		.4byte	.LASF23
 206 0110 04       		.byte	0x4
 207 0111 3A       		.byte	0x3a
 208 0112 D4000000 		.4byte	0xd4
 209 0116 0C       		.byte	0xc
 210 0117 08       		.uleb128 0x8
 211 0118 D2010000 		.4byte	.LASF24
 212 011c 04       		.byte	0x4
 213 011d 3B       		.byte	0x3b
 214 011e D4000000 		.4byte	0xd4
 215 0122 10       		.byte	0x10
 216 0123 08       		.uleb128 0x8
 217 0124 1B020000 		.4byte	.LASF25
 218 0128 04       		.byte	0x4
 219 0129 3C       		.byte	0x3c
 220 012a D4000000 		.4byte	0xd4
 221 012e 14       		.byte	0x14
 222 012f 08       		.uleb128 0x8
 223 0130 34040000 		.4byte	.LASF26
 224 0134 04       		.byte	0x4
 225 0135 3D       		.byte	0x3d
 226 0136 D4000000 		.4byte	0xd4
 227 013a 18       		.byte	0x18
 228 013b 08       		.uleb128 0x8
 229 013c 89000000 		.4byte	.LASF27
 230 0140 04       		.byte	0x4
 231 0141 3E       		.byte	0x3e
 232 0142 D4000000 		.4byte	0xd4
 233 0146 1C       		.byte	0x1c
 234 0147 08       		.uleb128 0x8
 235 0148 AB090000 		.4byte	.LASF28
 236 014c 04       		.byte	0x4
 237 014d 3F       		.byte	0x3f
 238 014e D4000000 		.4byte	0xd4
 239 0152 20       		.byte	0x20
 240 0153 08       		.uleb128 0x8
 241 0154 D4050000 		.4byte	.LASF29
 242 0158 04       		.byte	0x4
 243 0159 40       		.byte	0x40
 244 015a D4000000 		.4byte	0xd4
 245 015e 24       		.byte	0x24
 246 015f 08       		.uleb128 0x8
 247 0160 FC040000 		.4byte	.LASF30
 248 0164 04       		.byte	0x4
 249 0165 43       		.byte	0x43
 250 0166 B3000000 		.4byte	0xb3
ARM GAS  C:\Users\Nazar\AppData\Local\Temp\ccBHhWIi.s 			page 10


 251 016a 28       		.byte	0x28
 252 016b 08       		.uleb128 0x8
 253 016c 4D000000 		.4byte	.LASF31
 254 0170 04       		.byte	0x4
 255 0171 44       		.byte	0x44
 256 0172 B3000000 		.4byte	0xb3
 257 0176 29       		.byte	0x29
 258 0177 08       		.uleb128 0x8
 259 0178 A1090000 		.4byte	.LASF32
 260 017c 04       		.byte	0x4
 261 017d 45       		.byte	0x45
 262 017e B3000000 		.4byte	0xb3
 263 0182 2A       		.byte	0x2a
 264 0183 08       		.uleb128 0x8
 265 0184 C6050000 		.4byte	.LASF33
 266 0188 04       		.byte	0x4
 267 0189 46       		.byte	0x46
 268 018a B3000000 		.4byte	0xb3
 269 018e 2B       		.byte	0x2b
 270 018f 08       		.uleb128 0x8
 271 0190 8C040000 		.4byte	.LASF34
 272 0194 04       		.byte	0x4
 273 0195 47       		.byte	0x47
 274 0196 B3000000 		.4byte	0xb3
 275 019a 2C       		.byte	0x2c
 276 019b 08       		.uleb128 0x8
 277 019c 28080000 		.4byte	.LASF35
 278 01a0 04       		.byte	0x4
 279 01a1 48       		.byte	0x48
 280 01a2 B3000000 		.4byte	0xb3
 281 01a6 2D       		.byte	0x2d
 282 01a7 08       		.uleb128 0x8
 283 01a8 DB010000 		.4byte	.LASF36
 284 01ac 04       		.byte	0x4
 285 01ad 49       		.byte	0x49
 286 01ae B3000000 		.4byte	0xb3
 287 01b2 2E       		.byte	0x2e
 288 01b3 08       		.uleb128 0x8
 289 01b4 09050000 		.4byte	.LASF37
 290 01b8 04       		.byte	0x4
 291 01b9 4A       		.byte	0x4a
 292 01ba B3000000 		.4byte	0xb3
 293 01be 2F       		.byte	0x2f
 294 01bf 08       		.uleb128 0x8
 295 01c0 E0070000 		.4byte	.LASF38
 296 01c4 04       		.byte	0x4
 297 01c5 4B       		.byte	0x4b
 298 01c6 B3000000 		.4byte	0xb3
 299 01ca 30       		.byte	0x30
 300 01cb 08       		.uleb128 0x8
 301 01cc 29040000 		.4byte	.LASF39
 302 01d0 04       		.byte	0x4
 303 01d1 4E       		.byte	0x4e
 304 01d2 B3000000 		.4byte	0xb3
 305 01d6 31       		.byte	0x31
 306 01d7 08       		.uleb128 0x8
 307 01d8 92000000 		.4byte	.LASF40
ARM GAS  C:\Users\Nazar\AppData\Local\Temp\ccBHhWIi.s 			page 11


 308 01dc 04       		.byte	0x4
 309 01dd 4F       		.byte	0x4f
 310 01de B3000000 		.4byte	0xb3
 311 01e2 32       		.byte	0x32
 312 01e3 08       		.uleb128 0x8
 313 01e4 88030000 		.4byte	.LASF41
 314 01e8 04       		.byte	0x4
 315 01e9 50       		.byte	0x50
 316 01ea B3000000 		.4byte	0xb3
 317 01ee 33       		.byte	0x33
 318 01ef 08       		.uleb128 0x8
 319 01f0 3E050000 		.4byte	.LASF42
 320 01f4 04       		.byte	0x4
 321 01f5 51       		.byte	0x51
 322 01f6 B3000000 		.4byte	0xb3
 323 01fa 34       		.byte	0x34
 324 01fb 08       		.uleb128 0x8
 325 01fc 96080000 		.4byte	.LASF43
 326 0200 04       		.byte	0x4
 327 0201 52       		.byte	0x52
 328 0202 BE000000 		.4byte	0xbe
 329 0206 36       		.byte	0x36
 330 0207 08       		.uleb128 0x8
 331 0208 83020000 		.4byte	.LASF44
 332 020c 04       		.byte	0x4
 333 020d 53       		.byte	0x53
 334 020e BE000000 		.4byte	0xbe
 335 0212 38       		.byte	0x38
 336 0213 08       		.uleb128 0x8
 337 0214 E5080000 		.4byte	.LASF45
 338 0218 04       		.byte	0x4
 339 0219 54       		.byte	0x54
 340 021a BE000000 		.4byte	0xbe
 341 021e 3A       		.byte	0x3a
 342 021f 08       		.uleb128 0x8
 343 0220 92090000 		.4byte	.LASF46
 344 0224 04       		.byte	0x4
 345 0225 55       		.byte	0x55
 346 0226 B3000000 		.4byte	0xb3
 347 022a 3C       		.byte	0x3c
 348 022b 08       		.uleb128 0x8
 349 022c AA020000 		.4byte	.LASF47
 350 0230 04       		.byte	0x4
 351 0231 56       		.byte	0x56
 352 0232 B3000000 		.4byte	0xb3
 353 0236 3D       		.byte	0x3d
 354 0237 08       		.uleb128 0x8
 355 0238 16070000 		.4byte	.LASF48
 356 023c 04       		.byte	0x4
 357 023d 57       		.byte	0x57
 358 023e B3000000 		.4byte	0xb3
 359 0242 3E       		.byte	0x3e
 360 0243 08       		.uleb128 0x8
 361 0244 F1000000 		.4byte	.LASF49
 362 0248 04       		.byte	0x4
 363 0249 58       		.byte	0x58
 364 024a B3000000 		.4byte	0xb3
ARM GAS  C:\Users\Nazar\AppData\Local\Temp\ccBHhWIi.s 			page 12


 365 024e 3F       		.byte	0x3f
 366 024f 08       		.uleb128 0x8
 367 0250 DF050000 		.4byte	.LASF50
 368 0254 04       		.byte	0x4
 369 0255 59       		.byte	0x59
 370 0256 B3000000 		.4byte	0xb3
 371 025a 40       		.byte	0x40
 372 025b 08       		.uleb128 0x8
 373 025c 1B030000 		.4byte	.LASF51
 374 0260 04       		.byte	0x4
 375 0261 5A       		.byte	0x5a
 376 0262 B3000000 		.4byte	0xb3
 377 0266 41       		.byte	0x41
 378 0267 08       		.uleb128 0x8
 379 0268 A8040000 		.4byte	.LASF52
 380 026c 04       		.byte	0x4
 381 026d 5B       		.byte	0x5b
 382 026e B3000000 		.4byte	0xb3
 383 0272 42       		.byte	0x42
 384 0273 08       		.uleb128 0x8
 385 0274 A4050000 		.4byte	.LASF53
 386 0278 04       		.byte	0x4
 387 0279 5C       		.byte	0x5c
 388 027a B3000000 		.4byte	0xb3
 389 027e 43       		.byte	0x43
 390 027f 08       		.uleb128 0x8
 391 0280 72020000 		.4byte	.LASF54
 392 0284 04       		.byte	0x4
 393 0285 5D       		.byte	0x5d
 394 0286 B3000000 		.4byte	0xb3
 395 028a 44       		.byte	0x44
 396 028b 08       		.uleb128 0x8
 397 028c 00000000 		.4byte	.LASF55
 398 0290 04       		.byte	0x4
 399 0291 5E       		.byte	0x5e
 400 0292 D4000000 		.4byte	0xd4
 401 0296 48       		.byte	0x48
 402 0297 08       		.uleb128 0x8
 403 0298 45020000 		.4byte	.LASF56
 404 029c 04       		.byte	0x4
 405 029d 5F       		.byte	0x5f
 406 029e D4000000 		.4byte	0xd4
 407 02a2 4C       		.byte	0x4c
 408 02a3 08       		.uleb128 0x8
 409 02a4 0C0A0000 		.4byte	.LASF57
 410 02a8 04       		.byte	0x4
 411 02a9 60       		.byte	0x60
 412 02aa B3000000 		.4byte	0xb3
 413 02ae 50       		.byte	0x50
 414 02af 08       		.uleb128 0x8
 415 02b0 57010000 		.4byte	.LASF58
 416 02b4 04       		.byte	0x4
 417 02b5 61       		.byte	0x61
 418 02b6 B3000000 		.4byte	0xb3
 419 02ba 51       		.byte	0x51
 420 02bb 08       		.uleb128 0x8
 421 02bc EC050000 		.4byte	.LASF59
ARM GAS  C:\Users\Nazar\AppData\Local\Temp\ccBHhWIi.s 			page 13


 422 02c0 04       		.byte	0x4
 423 02c1 62       		.byte	0x62
 424 02c2 B3000000 		.4byte	0xb3
 425 02c6 52       		.byte	0x52
 426 02c7 08       		.uleb128 0x8
 427 02c8 C9090000 		.4byte	.LASF60
 428 02cc 04       		.byte	0x4
 429 02cd 63       		.byte	0x63
 430 02ce B3000000 		.4byte	0xb3
 431 02d2 53       		.byte	0x53
 432 02d3 08       		.uleb128 0x8
 433 02d4 24070000 		.4byte	.LASF61
 434 02d8 04       		.byte	0x4
 435 02d9 64       		.byte	0x64
 436 02da B3000000 		.4byte	0xb3
 437 02de 54       		.byte	0x54
 438 02df 08       		.uleb128 0x8
 439 02e0 69010000 		.4byte	.LASF62
 440 02e4 04       		.byte	0x4
 441 02e5 65       		.byte	0x65
 442 02e6 B3000000 		.4byte	0xb3
 443 02ea 55       		.byte	0x55
 444 02eb 08       		.uleb128 0x8
 445 02ec 03040000 		.4byte	.LASF63
 446 02f0 04       		.byte	0x4
 447 02f1 66       		.byte	0x66
 448 02f2 B3000000 		.4byte	0xb3
 449 02f6 56       		.byte	0x56
 450 02f7 08       		.uleb128 0x8
 451 02f8 3D040000 		.4byte	.LASF64
 452 02fc 04       		.byte	0x4
 453 02fd 67       		.byte	0x67
 454 02fe B3000000 		.4byte	0xb3
 455 0302 57       		.byte	0x57
 456 0303 08       		.uleb128 0x8
 457 0304 12000000 		.4byte	.LASF65
 458 0308 04       		.byte	0x4
 459 0309 68       		.byte	0x68
 460 030a B3000000 		.4byte	0xb3
 461 030e 58       		.byte	0x58
 462 030f 08       		.uleb128 0x8
 463 0310 A9060000 		.4byte	.LASF66
 464 0314 04       		.byte	0x4
 465 0315 69       		.byte	0x69
 466 0316 B3000000 		.4byte	0xb3
 467 031a 59       		.byte	0x59
 468 031b 08       		.uleb128 0x8
 469 031c 33050000 		.4byte	.LASF67
 470 0320 04       		.byte	0x4
 471 0321 6E       		.byte	0x6e
 472 0322 C9000000 		.4byte	0xc9
 473 0326 5A       		.byte	0x5a
 474 0327 08       		.uleb128 0x8
 475 0328 69080000 		.4byte	.LASF68
 476 032c 04       		.byte	0x4
 477 032d 6F       		.byte	0x6f
 478 032e C9000000 		.4byte	0xc9
ARM GAS  C:\Users\Nazar\AppData\Local\Temp\ccBHhWIi.s 			page 14


 479 0332 5C       		.byte	0x5c
 480 0333 08       		.uleb128 0x8
 481 0334 E2000000 		.4byte	.LASF69
 482 0338 04       		.byte	0x4
 483 0339 70       		.byte	0x70
 484 033a B3000000 		.4byte	0xb3
 485 033e 5E       		.byte	0x5e
 486 033f 08       		.uleb128 0x8
 487 0340 4D060000 		.4byte	.LASF70
 488 0344 04       		.byte	0x4
 489 0345 71       		.byte	0x71
 490 0346 B3000000 		.4byte	0xb3
 491 034a 5F       		.byte	0x5f
 492 034b 08       		.uleb128 0x8
 493 034c 93050000 		.4byte	.LASF71
 494 0350 04       		.byte	0x4
 495 0351 72       		.byte	0x72
 496 0352 B3000000 		.4byte	0xb3
 497 0356 60       		.byte	0x60
 498 0357 08       		.uleb128 0x8
 499 0358 26060000 		.4byte	.LASF72
 500 035c 04       		.byte	0x4
 501 035d 73       		.byte	0x73
 502 035e D4000000 		.4byte	0xd4
 503 0362 64       		.byte	0x64
 504 0363 08       		.uleb128 0x8
 505 0364 14010000 		.4byte	.LASF73
 506 0368 04       		.byte	0x4
 507 0369 76       		.byte	0x76
 508 036a C9000000 		.4byte	0xc9
 509 036e 68       		.byte	0x68
 510 036f 08       		.uleb128 0x8
 511 0370 F1030000 		.4byte	.LASF74
 512 0374 04       		.byte	0x4
 513 0375 77       		.byte	0x77
 514 0376 C9000000 		.4byte	0xc9
 515 037a 6A       		.byte	0x6a
 516 037b 08       		.uleb128 0x8
 517 037c 51040000 		.4byte	.LASF75
 518 0380 04       		.byte	0x4
 519 0381 78       		.byte	0x78
 520 0382 C9000000 		.4byte	0xc9
 521 0386 6C       		.byte	0x6c
 522 0387 08       		.uleb128 0x8
 523 0388 7F040000 		.4byte	.LASF76
 524 038c 04       		.byte	0x4
 525 038d 79       		.byte	0x79
 526 038e C9000000 		.4byte	0xc9
 527 0392 6E       		.byte	0x6e
 528 0393 08       		.uleb128 0x8
 529 0394 C7060000 		.4byte	.LASF77
 530 0398 04       		.byte	0x4
 531 0399 7B       		.byte	0x7b
 532 039a B3000000 		.4byte	0xb3
 533 039e 70       		.byte	0x70
 534 039f 08       		.uleb128 0x8
 535 03a0 BD010000 		.4byte	.LASF78
ARM GAS  C:\Users\Nazar\AppData\Local\Temp\ccBHhWIi.s 			page 15


 536 03a4 04       		.byte	0x4
 537 03a5 7C       		.byte	0x7c
 538 03a6 B3000000 		.4byte	0xb3
 539 03aa 71       		.byte	0x71
 540 03ab 08       		.uleb128 0x8
 541 03ac B3090000 		.4byte	.LASF79
 542 03b0 04       		.byte	0x4
 543 03b1 7D       		.byte	0x7d
 544 03b2 B3000000 		.4byte	0xb3
 545 03b6 72       		.byte	0x72
 546 03b7 08       		.uleb128 0x8
 547 03b8 6E050000 		.4byte	.LASF80
 548 03bc 04       		.byte	0x4
 549 03bd 7E       		.byte	0x7e
 550 03be B3000000 		.4byte	0xb3
 551 03c2 73       		.byte	0x73
 552 03c3 08       		.uleb128 0x8
 553 03c4 B5020000 		.4byte	.LASF81
 554 03c8 04       		.byte	0x4
 555 03c9 80       		.byte	0x80
 556 03ca C9000000 		.4byte	0xc9
 557 03ce 74       		.byte	0x74
 558 03cf 08       		.uleb128 0x8
 559 03d0 05080000 		.4byte	.LASF82
 560 03d4 04       		.byte	0x4
 561 03d5 81       		.byte	0x81
 562 03d6 C9000000 		.4byte	0xc9
 563 03da 76       		.byte	0x76
 564 03db 08       		.uleb128 0x8
 565 03dc 95020000 		.4byte	.LASF83
 566 03e0 04       		.byte	0x4
 567 03e1 82       		.byte	0x82
 568 03e2 C9000000 		.4byte	0xc9
 569 03e6 78       		.byte	0x78
 570 03e7 08       		.uleb128 0x8
 571 03e8 AA000000 		.4byte	.LASF84
 572 03ec 04       		.byte	0x4
 573 03ed 83       		.byte	0x83
 574 03ee C9000000 		.4byte	0xc9
 575 03f2 7A       		.byte	0x7a
 576 03f3 08       		.uleb128 0x8
 577 03f4 4D090000 		.4byte	.LASF85
 578 03f8 04       		.byte	0x4
 579 03f9 86       		.byte	0x86
 580 03fa B3000000 		.4byte	0xb3
 581 03fe 7C       		.byte	0x7c
 582 03ff 08       		.uleb128 0x8
 583 0400 A3080000 		.4byte	.LASF86
 584 0404 04       		.byte	0x4
 585 0405 87       		.byte	0x87
 586 0406 B3000000 		.4byte	0xb3
 587 040a 7D       		.byte	0x7d
 588 040b 08       		.uleb128 0x8
 589 040c 26000000 		.4byte	.LASF87
 590 0410 04       		.byte	0x4
 591 0411 88       		.byte	0x88
 592 0412 B3000000 		.4byte	0xb3
ARM GAS  C:\Users\Nazar\AppData\Local\Temp\ccBHhWIi.s 			page 16


 593 0416 7E       		.byte	0x7e
 594 0417 08       		.uleb128 0x8
 595 0418 F1020000 		.4byte	.LASF88
 596 041c 04       		.byte	0x4
 597 041d 89       		.byte	0x89
 598 041e B3000000 		.4byte	0xb3
 599 0422 7F       		.byte	0x7f
 600 0423 08       		.uleb128 0x8
 601 0424 74030000 		.4byte	.LASF89
 602 0428 04       		.byte	0x4
 603 0429 8A       		.byte	0x8a
 604 042a B3000000 		.4byte	0xb3
 605 042e 80       		.byte	0x80
 606 042f 08       		.uleb128 0x8
 607 0430 DF040000 		.4byte	.LASF90
 608 0434 04       		.byte	0x4
 609 0435 8D       		.byte	0x8d
 610 0436 D4000000 		.4byte	0xd4
 611 043a 84       		.byte	0x84
 612 043b 08       		.uleb128 0x8
 613 043c 2E020000 		.4byte	.LASF91
 614 0440 04       		.byte	0x4
 615 0441 8E       		.byte	0x8e
 616 0442 D4000000 		.4byte	0xd4
 617 0446 88       		.byte	0x88
 618 0447 08       		.uleb128 0x8
 619 0448 38090000 		.4byte	.LASF92
 620 044c 04       		.byte	0x4
 621 044d 8F       		.byte	0x8f
 622 044e D4000000 		.4byte	0xd4
 623 0452 8C       		.byte	0x8c
 624 0453 08       		.uleb128 0x8
 625 0454 15050000 		.4byte	.LASF93
 626 0458 04       		.byte	0x4
 627 0459 90       		.byte	0x90
 628 045a D4000000 		.4byte	0xd4
 629 045e 90       		.byte	0x90
 630 045f 08       		.uleb128 0x8
 631 0460 35030000 		.4byte	.LASF94
 632 0464 04       		.byte	0x4
 633 0465 91       		.byte	0x91
 634 0466 D4000000 		.4byte	0xd4
 635 046a 94       		.byte	0x94
 636 046b 08       		.uleb128 0x8
 637 046c C9040000 		.4byte	.LASF95
 638 0470 04       		.byte	0x4
 639 0471 92       		.byte	0x92
 640 0472 D4000000 		.4byte	0xd4
 641 0476 98       		.byte	0x98
 642 0477 08       		.uleb128 0x8
 643 0478 73090000 		.4byte	.LASF96
 644 047c 04       		.byte	0x4
 645 047d 93       		.byte	0x93
 646 047e D4000000 		.4byte	0xd4
 647 0482 9C       		.byte	0x9c
 648 0483 08       		.uleb128 0x8
 649 0484 41010000 		.4byte	.LASF97
ARM GAS  C:\Users\Nazar\AppData\Local\Temp\ccBHhWIi.s 			page 17


 650 0488 04       		.byte	0x4
 651 0489 94       		.byte	0x94
 652 048a D4000000 		.4byte	0xd4
 653 048e A0       		.byte	0xa0
 654 048f 08       		.uleb128 0x8
 655 0490 E6010000 		.4byte	.LASF98
 656 0494 04       		.byte	0x4
 657 0495 95       		.byte	0x95
 658 0496 C9000000 		.4byte	0xc9
 659 049a A4       		.byte	0xa4
 660 049b 08       		.uleb128 0x8
 661 049c B4040000 		.4byte	.LASF99
 662 04a0 04       		.byte	0x4
 663 04a1 96       		.byte	0x96
 664 04a2 C9000000 		.4byte	0xc9
 665 04a6 A6       		.byte	0xa6
 666 04a7 08       		.uleb128 0x8
 667 04a8 41060000 		.4byte	.LASF100
 668 04ac 04       		.byte	0x4
 669 04ad 97       		.byte	0x97
 670 04ae C9000000 		.4byte	0xc9
 671 04b2 A8       		.byte	0xa8
 672 04b3 08       		.uleb128 0x8
 673 04b4 EC070000 		.4byte	.LASF101
 674 04b8 04       		.byte	0x4
 675 04b9 98       		.byte	0x98
 676 04ba C9000000 		.4byte	0xc9
 677 04be AA       		.byte	0xaa
 678 04bf 08       		.uleb128 0x8
 679 04c0 60040000 		.4byte	.LASF102
 680 04c4 04       		.byte	0x4
 681 04c5 99       		.byte	0x99
 682 04c6 C9000000 		.4byte	0xc9
 683 04ca AC       		.byte	0xac
 684 04cb 08       		.uleb128 0x8
 685 04cc 85050000 		.4byte	.LASF103
 686 04d0 04       		.byte	0x4
 687 04d1 9A       		.byte	0x9a
 688 04d2 C9000000 		.4byte	0xc9
 689 04d6 AE       		.byte	0xae
 690 04d7 08       		.uleb128 0x8
 691 04d8 88080000 		.4byte	.LASF104
 692 04dc 04       		.byte	0x4
 693 04dd 9D       		.byte	0x9d
 694 04de C9000000 		.4byte	0xc9
 695 04e2 B0       		.byte	0xb0
 696 04e3 08       		.uleb128 0x8
 697 04e4 39000000 		.4byte	.LASF105
 698 04e8 04       		.byte	0x4
 699 04e9 9E       		.byte	0x9e
 700 04ea D4000000 		.4byte	0xd4
 701 04ee B4       		.byte	0xb4
 702 04ef 00       		.byte	0
 703 04f0 04       		.uleb128 0x4
 704 04f1 98040000 		.4byte	.LASF106
 705 04f5 04       		.byte	0x4
 706 04f6 9F       		.byte	0x9f
ARM GAS  C:\Users\Nazar\AppData\Local\Temp\ccBHhWIi.s 			page 18


 707 04f7 DF000000 		.4byte	0xdf
 708 04fb 03       		.uleb128 0x3
 709 04fc 04       		.byte	0x4
 710 04fd 04       		.byte	0x4
 711 04fe 20060000 		.4byte	.LASF107
 712 0502 03       		.uleb128 0x3
 713 0503 08       		.byte	0x8
 714 0504 04       		.byte	0x4
 715 0505 8E020000 		.4byte	.LASF108
 716 0509 09       		.uleb128 0x9
 717 050a 02       		.byte	0x2
 718 050b 05       		.byte	0x5
 719 050c 6401     		.2byte	0x164
 720 050e 2D050000 		.4byte	0x52d
 721 0512 0A       		.uleb128 0xa
 722 0513 89090000 		.4byte	.LASF109
 723 0517 05       		.byte	0x5
 724 0518 6E01     		.2byte	0x16e
 725 051a B3000000 		.4byte	0xb3
 726 051e 00       		.byte	0
 727 051f 0A       		.uleb128 0xa
 728 0520 F6040000 		.4byte	.LASF110
 729 0524 05       		.byte	0x5
 730 0525 7201     		.2byte	0x172
 731 0527 B3000000 		.4byte	0xb3
 732 052b 01       		.byte	0x1
 733 052c 00       		.byte	0
 734 052d 0B       		.uleb128 0xb
 735 052e BF000000 		.4byte	.LASF111
 736 0532 05       		.byte	0x5
 737 0533 7401     		.2byte	0x174
 738 0535 09050000 		.4byte	0x509
 739 0539 0C       		.uleb128 0xc
 740 053a 01       		.byte	0x1
 741 053b 53000000 		.4byte	0x53
 742 053f 06       		.byte	0x6
 743 0540 7E       		.byte	0x7e
 744 0541 5E050000 		.4byte	0x55e
 745 0545 0D       		.uleb128 0xd
 746 0546 17090000 		.4byte	.LASF112
 747 054a 00       		.byte	0
 748 054b 0D       		.uleb128 0xd
 749 054c 4F050000 		.4byte	.LASF113
 750 0550 01       		.byte	0x1
 751 0551 0D       		.uleb128 0xd
 752 0552 FA080000 		.4byte	.LASF114
 753 0556 02       		.byte	0x2
 754 0557 0D       		.uleb128 0xd
 755 0558 FB010000 		.4byte	.LASF115
 756 055c 03       		.byte	0x3
 757 055d 00       		.byte	0
 758 055e 04       		.uleb128 0x4
 759 055f 53020000 		.4byte	.LASF116
 760 0563 06       		.byte	0x6
 761 0564 83       		.byte	0x83
 762 0565 39050000 		.4byte	0x539
 763 0569 0C       		.uleb128 0xc
ARM GAS  C:\Users\Nazar\AppData\Local\Temp\ccBHhWIi.s 			page 19


 764 056a 01       		.byte	0x1
 765 056b 53000000 		.4byte	0x53
 766 056f 06       		.byte	0x6
 767 0570 87       		.byte	0x87
 768 0571 A6050000 		.4byte	0x5a6
 769 0575 0D       		.uleb128 0xd
 770 0576 B4080000 		.4byte	.LASF117
 771 057a 00       		.byte	0
 772 057b 0D       		.uleb128 0xd
 773 057c DB090000 		.4byte	.LASF118
 774 0580 01       		.byte	0x1
 775 0581 0D       		.uleb128 0xd
 776 0582 A1030000 		.4byte	.LASF119
 777 0586 02       		.byte	0x2
 778 0587 0D       		.uleb128 0xd
 779 0588 4A030000 		.4byte	.LASF120
 780 058c 03       		.byte	0x3
 781 058d 0D       		.uleb128 0xd
 782 058e C7020000 		.4byte	.LASF121
 783 0592 04       		.byte	0x4
 784 0593 0D       		.uleb128 0xd
 785 0594 6B060000 		.4byte	.LASF122
 786 0598 05       		.byte	0x5
 787 0599 0D       		.uleb128 0xd
 788 059a BD030000 		.4byte	.LASF123
 789 059e 06       		.byte	0x6
 790 059f 0D       		.uleb128 0xd
 791 05a0 FC050000 		.4byte	.LASF124
 792 05a4 07       		.byte	0x7
 793 05a5 00       		.byte	0
 794 05a6 04       		.uleb128 0x4
 795 05a7 AF050000 		.4byte	.LASF125
 796 05ab 06       		.byte	0x6
 797 05ac 90       		.byte	0x90
 798 05ad 69050000 		.4byte	0x569
 799 05b1 03       		.uleb128 0x3
 800 05b2 01       		.byte	0x1
 801 05b3 02       		.byte	0x2
 802 05b4 95060000 		.4byte	.LASF126
 803 05b8 0B       		.uleb128 0xb
 804 05b9 24010000 		.4byte	.LASF127
 805 05bd 07       		.byte	0x7
 806 05be 4F02     		.2byte	0x24f
 807 05c0 AC000000 		.4byte	0xac
 808 05c4 0E       		.uleb128 0xe
 809 05c5 72080000 		.4byte	.LASF136
 810 05c9 01       		.byte	0x1
 811 05ca E5       		.byte	0xe5
 812 05cb 00000000 		.4byte	.LFB164
 813 05cf 1C000000 		.4byte	.LFE164-.LFB164
 814 05d3 01       		.uleb128 0x1
 815 05d4 9C       		.byte	0x9c
 816 05d5 F2050000 		.4byte	0x5f2
 817 05d9 0F       		.uleb128 0xf
 818 05da 62090000 		.4byte	.LASF137
 819 05de 01       		.byte	0x1
 820 05df E8       		.byte	0xe8
ARM GAS  C:\Users\Nazar\AppData\Local\Temp\ccBHhWIi.s 			page 20


 821 05e0 B1050000 		.4byte	0x5b1
 822 05e4 00000000 		.4byte	.LLST0
 823 05e8 10       		.uleb128 0x10
 824 05e9 06000000 		.4byte	.LVL1
 825 05ed 58060000 		.4byte	0x658
 826 05f1 00       		.byte	0
 827 05f2 11       		.uleb128 0x11
 828 05f3 37060000 		.4byte	.LASF128
 829 05f7 04       		.byte	0x4
 830 05f8 A7       		.byte	0xa7
 831 05f9 FD050000 		.4byte	0x5fd
 832 05fd 05       		.uleb128 0x5
 833 05fe 04       		.byte	0x4
 834 05ff 03060000 		.4byte	0x603
 835 0603 12       		.uleb128 0x12
 836 0604 F0040000 		.4byte	0x4f0
 837 0608 13       		.uleb128 0x13
 838 0609 18080000 		.4byte	.LASF129
 839 060d 06       		.byte	0x6
 840 060e 2202     		.2byte	0x222
 841 0610 5E050000 		.4byte	0x55e
 842 0614 14       		.uleb128 0x14
 843 0615 2D050000 		.4byte	0x52d
 844 0619 24060000 		.4byte	0x624
 845 061d 15       		.uleb128 0x15
 846 061e 9E000000 		.4byte	0x9e
 847 0622 00       		.byte	0
 848 0623 00       		.byte	0
 849 0624 13       		.uleb128 0x13
 850 0625 D3080000 		.4byte	.LASF130
 851 0629 06       		.byte	0x6
 852 062a 2C02     		.2byte	0x22c
 853 062c 14060000 		.4byte	0x614
 854 0630 14       		.uleb128 0x14
 855 0631 A6050000 		.4byte	0x5a6
 856 0635 40060000 		.4byte	0x640
 857 0639 15       		.uleb128 0x15
 858 063a 9E000000 		.4byte	0x9e
 859 063e 00       		.byte	0
 860 063f 00       		.byte	0
 861 0640 13       		.uleb128 0x13
 862 0641 6E040000 		.4byte	.LASF131
 863 0645 06       		.byte	0x6
 864 0646 2D02     		.2byte	0x22d
 865 0648 30060000 		.4byte	0x630
 866 064c 13       		.uleb128 0x13
 867 064d 9F010000 		.4byte	.LASF132
 868 0651 07       		.byte	0x7
 869 0652 6602     		.2byte	0x266
 870 0654 B8050000 		.4byte	0x5b8
 871 0658 16       		.uleb128 0x16
 872 0659 35080000 		.4byte	.LASF138
 873 065d 35080000 		.4byte	.LASF138
 874 0661 08       		.byte	0x8
 875 0662 87       		.byte	0x87
 876 0663 00       		.byte	0
 877              		.section	.debug_abbrev,"",%progbits
ARM GAS  C:\Users\Nazar\AppData\Local\Temp\ccBHhWIi.s 			page 21


 878              	.Ldebug_abbrev0:
 879 0000 01       		.uleb128 0x1
 880 0001 11       		.uleb128 0x11
 881 0002 01       		.byte	0x1
 882 0003 25       		.uleb128 0x25
 883 0004 0E       		.uleb128 0xe
 884 0005 13       		.uleb128 0x13
 885 0006 0B       		.uleb128 0xb
 886 0007 03       		.uleb128 0x3
 887 0008 0E       		.uleb128 0xe
 888 0009 1B       		.uleb128 0x1b
 889 000a 0E       		.uleb128 0xe
 890 000b 55       		.uleb128 0x55
 891 000c 17       		.uleb128 0x17
 892 000d 11       		.uleb128 0x11
 893 000e 01       		.uleb128 0x1
 894 000f 10       		.uleb128 0x10
 895 0010 17       		.uleb128 0x17
 896 0011 00       		.byte	0
 897 0012 00       		.byte	0
 898 0013 02       		.uleb128 0x2
 899 0014 24       		.uleb128 0x24
 900 0015 00       		.byte	0
 901 0016 0B       		.uleb128 0xb
 902 0017 0B       		.uleb128 0xb
 903 0018 3E       		.uleb128 0x3e
 904 0019 0B       		.uleb128 0xb
 905 001a 03       		.uleb128 0x3
 906 001b 08       		.uleb128 0x8
 907 001c 00       		.byte	0
 908 001d 00       		.byte	0
 909 001e 03       		.uleb128 0x3
 910 001f 24       		.uleb128 0x24
 911 0020 00       		.byte	0
 912 0021 0B       		.uleb128 0xb
 913 0022 0B       		.uleb128 0xb
 914 0023 3E       		.uleb128 0x3e
 915 0024 0B       		.uleb128 0xb
 916 0025 03       		.uleb128 0x3
 917 0026 0E       		.uleb128 0xe
 918 0027 00       		.byte	0
 919 0028 00       		.byte	0
 920 0029 04       		.uleb128 0x4
 921 002a 16       		.uleb128 0x16
 922 002b 00       		.byte	0
 923 002c 03       		.uleb128 0x3
 924 002d 0E       		.uleb128 0xe
 925 002e 3A       		.uleb128 0x3a
 926 002f 0B       		.uleb128 0xb
 927 0030 3B       		.uleb128 0x3b
 928 0031 0B       		.uleb128 0xb
 929 0032 49       		.uleb128 0x49
 930 0033 13       		.uleb128 0x13
 931 0034 00       		.byte	0
 932 0035 00       		.byte	0
 933 0036 05       		.uleb128 0x5
 934 0037 0F       		.uleb128 0xf
ARM GAS  C:\Users\Nazar\AppData\Local\Temp\ccBHhWIi.s 			page 22


 935 0038 00       		.byte	0
 936 0039 0B       		.uleb128 0xb
 937 003a 0B       		.uleb128 0xb
 938 003b 49       		.uleb128 0x49
 939 003c 13       		.uleb128 0x13
 940 003d 00       		.byte	0
 941 003e 00       		.byte	0
 942 003f 06       		.uleb128 0x6
 943 0040 15       		.uleb128 0x15
 944 0041 00       		.byte	0
 945 0042 27       		.uleb128 0x27
 946 0043 19       		.uleb128 0x19
 947 0044 00       		.byte	0
 948 0045 00       		.byte	0
 949 0046 07       		.uleb128 0x7
 950 0047 13       		.uleb128 0x13
 951 0048 01       		.byte	0x1
 952 0049 0B       		.uleb128 0xb
 953 004a 0B       		.uleb128 0xb
 954 004b 3A       		.uleb128 0x3a
 955 004c 0B       		.uleb128 0xb
 956 004d 3B       		.uleb128 0x3b
 957 004e 0B       		.uleb128 0xb
 958 004f 01       		.uleb128 0x1
 959 0050 13       		.uleb128 0x13
 960 0051 00       		.byte	0
 961 0052 00       		.byte	0
 962 0053 08       		.uleb128 0x8
 963 0054 0D       		.uleb128 0xd
 964 0055 00       		.byte	0
 965 0056 03       		.uleb128 0x3
 966 0057 0E       		.uleb128 0xe
 967 0058 3A       		.uleb128 0x3a
 968 0059 0B       		.uleb128 0xb
 969 005a 3B       		.uleb128 0x3b
 970 005b 0B       		.uleb128 0xb
 971 005c 49       		.uleb128 0x49
 972 005d 13       		.uleb128 0x13
 973 005e 38       		.uleb128 0x38
 974 005f 0B       		.uleb128 0xb
 975 0060 00       		.byte	0
 976 0061 00       		.byte	0
 977 0062 09       		.uleb128 0x9
 978 0063 13       		.uleb128 0x13
 979 0064 01       		.byte	0x1
 980 0065 0B       		.uleb128 0xb
 981 0066 0B       		.uleb128 0xb
 982 0067 3A       		.uleb128 0x3a
 983 0068 0B       		.uleb128 0xb
 984 0069 3B       		.uleb128 0x3b
 985 006a 05       		.uleb128 0x5
 986 006b 01       		.uleb128 0x1
 987 006c 13       		.uleb128 0x13
 988 006d 00       		.byte	0
 989 006e 00       		.byte	0
 990 006f 0A       		.uleb128 0xa
 991 0070 0D       		.uleb128 0xd
ARM GAS  C:\Users\Nazar\AppData\Local\Temp\ccBHhWIi.s 			page 23


 992 0071 00       		.byte	0
 993 0072 03       		.uleb128 0x3
 994 0073 0E       		.uleb128 0xe
 995 0074 3A       		.uleb128 0x3a
 996 0075 0B       		.uleb128 0xb
 997 0076 3B       		.uleb128 0x3b
 998 0077 05       		.uleb128 0x5
 999 0078 49       		.uleb128 0x49
 1000 0079 13       		.uleb128 0x13
 1001 007a 38       		.uleb128 0x38
 1002 007b 0B       		.uleb128 0xb
 1003 007c 00       		.byte	0
 1004 007d 00       		.byte	0
 1005 007e 0B       		.uleb128 0xb
 1006 007f 16       		.uleb128 0x16
 1007 0080 00       		.byte	0
 1008 0081 03       		.uleb128 0x3
 1009 0082 0E       		.uleb128 0xe
 1010 0083 3A       		.uleb128 0x3a
 1011 0084 0B       		.uleb128 0xb
 1012 0085 3B       		.uleb128 0x3b
 1013 0086 05       		.uleb128 0x5
 1014 0087 49       		.uleb128 0x49
 1015 0088 13       		.uleb128 0x13
 1016 0089 00       		.byte	0
 1017 008a 00       		.byte	0
 1018 008b 0C       		.uleb128 0xc
 1019 008c 04       		.uleb128 0x4
 1020 008d 01       		.byte	0x1
 1021 008e 0B       		.uleb128 0xb
 1022 008f 0B       		.uleb128 0xb
 1023 0090 49       		.uleb128 0x49
 1024 0091 13       		.uleb128 0x13
 1025 0092 3A       		.uleb128 0x3a
 1026 0093 0B       		.uleb128 0xb
 1027 0094 3B       		.uleb128 0x3b
 1028 0095 0B       		.uleb128 0xb
 1029 0096 01       		.uleb128 0x1
 1030 0097 13       		.uleb128 0x13
 1031 0098 00       		.byte	0
 1032 0099 00       		.byte	0
 1033 009a 0D       		.uleb128 0xd
 1034 009b 28       		.uleb128 0x28
 1035 009c 00       		.byte	0
 1036 009d 03       		.uleb128 0x3
 1037 009e 0E       		.uleb128 0xe
 1038 009f 1C       		.uleb128 0x1c
 1039 00a0 0B       		.uleb128 0xb
 1040 00a1 00       		.byte	0
 1041 00a2 00       		.byte	0
 1042 00a3 0E       		.uleb128 0xe
 1043 00a4 2E       		.uleb128 0x2e
 1044 00a5 01       		.byte	0x1
 1045 00a6 3F       		.uleb128 0x3f
 1046 00a7 19       		.uleb128 0x19
 1047 00a8 03       		.uleb128 0x3
 1048 00a9 0E       		.uleb128 0xe
ARM GAS  C:\Users\Nazar\AppData\Local\Temp\ccBHhWIi.s 			page 24


 1049 00aa 3A       		.uleb128 0x3a
 1050 00ab 0B       		.uleb128 0xb
 1051 00ac 3B       		.uleb128 0x3b
 1052 00ad 0B       		.uleb128 0xb
 1053 00ae 27       		.uleb128 0x27
 1054 00af 19       		.uleb128 0x19
 1055 00b0 11       		.uleb128 0x11
 1056 00b1 01       		.uleb128 0x1
 1057 00b2 12       		.uleb128 0x12
 1058 00b3 06       		.uleb128 0x6
 1059 00b4 40       		.uleb128 0x40
 1060 00b5 18       		.uleb128 0x18
 1061 00b6 9642     		.uleb128 0x2116
 1062 00b8 19       		.uleb128 0x19
 1063 00b9 01       		.uleb128 0x1
 1064 00ba 13       		.uleb128 0x13
 1065 00bb 00       		.byte	0
 1066 00bc 00       		.byte	0
 1067 00bd 0F       		.uleb128 0xf
 1068 00be 34       		.uleb128 0x34
 1069 00bf 00       		.byte	0
 1070 00c0 03       		.uleb128 0x3
 1071 00c1 0E       		.uleb128 0xe
 1072 00c2 3A       		.uleb128 0x3a
 1073 00c3 0B       		.uleb128 0xb
 1074 00c4 3B       		.uleb128 0x3b
 1075 00c5 0B       		.uleb128 0xb
 1076 00c6 49       		.uleb128 0x49
 1077 00c7 13       		.uleb128 0x13
 1078 00c8 02       		.uleb128 0x2
 1079 00c9 17       		.uleb128 0x17
 1080 00ca 00       		.byte	0
 1081 00cb 00       		.byte	0
 1082 00cc 10       		.uleb128 0x10
 1083 00cd 898201   		.uleb128 0x4109
 1084 00d0 00       		.byte	0
 1085 00d1 11       		.uleb128 0x11
 1086 00d2 01       		.uleb128 0x1
 1087 00d3 31       		.uleb128 0x31
 1088 00d4 13       		.uleb128 0x13
 1089 00d5 00       		.byte	0
 1090 00d6 00       		.byte	0
 1091 00d7 11       		.uleb128 0x11
 1092 00d8 34       		.uleb128 0x34
 1093 00d9 00       		.byte	0
 1094 00da 03       		.uleb128 0x3
 1095 00db 0E       		.uleb128 0xe
 1096 00dc 3A       		.uleb128 0x3a
 1097 00dd 0B       		.uleb128 0xb
 1098 00de 3B       		.uleb128 0x3b
 1099 00df 0B       		.uleb128 0xb
 1100 00e0 49       		.uleb128 0x49
 1101 00e1 13       		.uleb128 0x13
 1102 00e2 3F       		.uleb128 0x3f
 1103 00e3 19       		.uleb128 0x19
 1104 00e4 3C       		.uleb128 0x3c
 1105 00e5 19       		.uleb128 0x19
ARM GAS  C:\Users\Nazar\AppData\Local\Temp\ccBHhWIi.s 			page 25


 1106 00e6 00       		.byte	0
 1107 00e7 00       		.byte	0
 1108 00e8 12       		.uleb128 0x12
 1109 00e9 26       		.uleb128 0x26
 1110 00ea 00       		.byte	0
 1111 00eb 49       		.uleb128 0x49
 1112 00ec 13       		.uleb128 0x13
 1113 00ed 00       		.byte	0
 1114 00ee 00       		.byte	0
 1115 00ef 13       		.uleb128 0x13
 1116 00f0 34       		.uleb128 0x34
 1117 00f1 00       		.byte	0
 1118 00f2 03       		.uleb128 0x3
 1119 00f3 0E       		.uleb128 0xe
 1120 00f4 3A       		.uleb128 0x3a
 1121 00f5 0B       		.uleb128 0xb
 1122 00f6 3B       		.uleb128 0x3b
 1123 00f7 05       		.uleb128 0x5
 1124 00f8 49       		.uleb128 0x49
 1125 00f9 13       		.uleb128 0x13
 1126 00fa 3F       		.uleb128 0x3f
 1127 00fb 19       		.uleb128 0x19
 1128 00fc 3C       		.uleb128 0x3c
 1129 00fd 19       		.uleb128 0x19
 1130 00fe 00       		.byte	0
 1131 00ff 00       		.byte	0
 1132 0100 14       		.uleb128 0x14
 1133 0101 01       		.uleb128 0x1
 1134 0102 01       		.byte	0x1
 1135 0103 49       		.uleb128 0x49
 1136 0104 13       		.uleb128 0x13
 1137 0105 01       		.uleb128 0x1
 1138 0106 13       		.uleb128 0x13
 1139 0107 00       		.byte	0
 1140 0108 00       		.byte	0
 1141 0109 15       		.uleb128 0x15
 1142 010a 21       		.uleb128 0x21
 1143 010b 00       		.byte	0
 1144 010c 49       		.uleb128 0x49
 1145 010d 13       		.uleb128 0x13
 1146 010e 2F       		.uleb128 0x2f
 1147 010f 0B       		.uleb128 0xb
 1148 0110 00       		.byte	0
 1149 0111 00       		.byte	0
 1150 0112 16       		.uleb128 0x16
 1151 0113 2E       		.uleb128 0x2e
 1152 0114 00       		.byte	0
 1153 0115 3F       		.uleb128 0x3f
 1154 0116 19       		.uleb128 0x19
 1155 0117 3C       		.uleb128 0x3c
 1156 0118 19       		.uleb128 0x19
 1157 0119 6E       		.uleb128 0x6e
 1158 011a 0E       		.uleb128 0xe
 1159 011b 03       		.uleb128 0x3
 1160 011c 0E       		.uleb128 0xe
 1161 011d 3A       		.uleb128 0x3a
 1162 011e 0B       		.uleb128 0xb
ARM GAS  C:\Users\Nazar\AppData\Local\Temp\ccBHhWIi.s 			page 26


 1163 011f 3B       		.uleb128 0x3b
 1164 0120 0B       		.uleb128 0xb
 1165 0121 00       		.byte	0
 1166 0122 00       		.byte	0
 1167 0123 00       		.byte	0
 1168              		.section	.debug_loc,"",%progbits
 1169              	.Ldebug_loc0:
 1170              	.LLST0:
 1171 0000 02000000 		.4byte	.LVL0
 1172 0004 06000000 		.4byte	.LVL1
 1173 0008 0200     		.2byte	0x2
 1174 000a 30       		.byte	0x30
 1175 000b 9F       		.byte	0x9f
 1176 000c 06000000 		.4byte	.LVL1
 1177 0010 13000000 		.4byte	.LVL2-1
 1178 0014 0100     		.2byte	0x1
 1179 0016 50       		.byte	0x50
 1180 0017 00000000 		.4byte	0
 1181 001b 00000000 		.4byte	0
 1182              		.section	.debug_aranges,"",%progbits
 1183 0000 1C000000 		.4byte	0x1c
 1184 0004 0200     		.2byte	0x2
 1185 0006 00000000 		.4byte	.Ldebug_info0
 1186 000a 04       		.byte	0x4
 1187 000b 00       		.byte	0
 1188 000c 0000     		.2byte	0
 1189 000e 0000     		.2byte	0
 1190 0010 00000000 		.4byte	.LFB164
 1191 0014 1C000000 		.4byte	.LFE164-.LFB164
 1192 0018 00000000 		.4byte	0
 1193 001c 00000000 		.4byte	0
 1194              		.section	.debug_ranges,"",%progbits
 1195              	.Ldebug_ranges0:
 1196 0000 00000000 		.4byte	.LFB164
 1197 0004 1C000000 		.4byte	.LFE164
 1198 0008 00000000 		.4byte	0
 1199 000c 00000000 		.4byte	0
 1200              		.section	.debug_line,"",%progbits
 1201              	.Ldebug_line0:
 1202 0000 05020000 		.section	.debug_str,"MS",%progbits,1
 1202      0200E001 
 1202      00000201 
 1202      FB0E0D00 
 1202      01010101 
 1203              	.LASF55:
 1204 0000 70726F74 		.ascii	"protBusMasterMask\000"
 1204      4275734D 
 1204      61737465 
 1204      724D6173 
 1204      6B00
 1205              	.LASF65:
 1206 0012 666C6173 		.ascii	"flashCtlMainWs3Freq\000"
 1206      6843746C 
 1206      4D61696E 
 1206      57733346 
 1206      72657100 
 1207              	.LASF87:
ARM GAS  C:\Users\Nazar\AppData\Local\Temp\ccBHhWIi.s 			page 27


 1208 0026 6770696F 		.ascii	"gpioPrtCfgInOffset\000"
 1208      50727443 
 1208      6667496E 
 1208      4F666673 
 1208      657400
 1209              	.LASF105:
 1210 0039 6970634C 		.ascii	"ipcLockStatusOffset\000"
 1210      6F636B53 
 1210      74617475 
 1210      734F6666 
 1210      73657400 
 1211              	.LASF31:
 1212 004d 63727970 		.ascii	"cryptoVersion\000"
 1212      746F5665 
 1212      7273696F 
 1212      6E00
 1213              	.LASF135:
 1214 005b 433A5C49 		.ascii	"C:\\Infineon\\Hackathon-Infineon\\Hackaton.cydsn\000"
 1214      6E66696E 
 1214      656F6E5C 
 1214      4861636B 
 1214      6174686F 
 1215              	.LASF27:
 1216 0089 70617373 		.ascii	"passBase\000"
 1216      42617365 
 1216      00
 1217              	.LASF40:
 1218 0092 63707573 		.ascii	"cpussIpcIrqNr\000"
 1218      73497063 
 1218      4972714E 
 1218      7200
 1219              	.LASF5:
 1220 00a0 5F5F7569 		.ascii	"__uint8_t\000"
 1220      6E74385F 
 1220      7400
 1221              	.LASF84:
 1222 00aa 70657269 		.ascii	"periDiv24_5CtlOffset\000"
 1222      44697632 
 1222      345F3543 
 1222      746C4F66 
 1222      66736574 
 1223              	.LASF111:
 1224 00bf 63795F73 		.ascii	"cy_stc_ble_conn_handle_t\000"
 1224      74635F62 
 1224      6C655F63 
 1224      6F6E6E5F 
 1224      68616E64 
 1225              	.LASF20:
 1226 00d8 63707573 		.ascii	"cpussBase\000"
 1226      73426173 
 1226      6500
 1227              	.LASF69:
 1228 00e2 64774368 		.ascii	"dwChCtlPrioPos\000"
 1228      43746C50 
 1228      72696F50 
 1228      6F7300
 1229              	.LASF49:
ARM GAS  C:\Users\Nazar\AppData\Local\Temp\ccBHhWIi.s 			page 28


 1230 00f1 70657269 		.ascii	"periClockNr\000"
 1230      436C6F63 
 1230      6B4E7200 
 1231              	.LASF13:
 1232 00fd 6C6F6E67 		.ascii	"long long unsigned int\000"
 1232      206C6F6E 
 1232      6720756E 
 1232      7369676E 
 1232      65642069 
 1233              	.LASF73:
 1234 0114 70657269 		.ascii	"periTrCmdOffset\000"
 1234      5472436D 
 1234      644F6666 
 1234      73657400 
 1235              	.LASF127:
 1236 0124 63795F62 		.ascii	"cy_ble_app_notify_callback_t\000"
 1236      6C655F61 
 1236      70705F6E 
 1236      6F746966 
 1236      795F6361 
 1237              	.LASF97:
 1238 0141 63707573 		.ascii	"cpussSysTickCtlOffset\000"
 1238      73537973 
 1238      5469636B 
 1238      43746C4F 
 1238      66667365 
 1239              	.LASF58:
 1240 0157 666C6173 		.ascii	"flashPipeRequired\000"
 1240      68506970 
 1240      65526571 
 1240      75697265 
 1240      6400
 1241              	.LASF62:
 1242 0169 666C6173 		.ascii	"flashCtlMainWs0Freq\000"
 1242      6843746C 
 1242      4D61696E 
 1242      57733046 
 1242      72657100 
 1243              	.LASF17:
 1244 017d 696E7431 		.ascii	"int16_t\000"
 1244      365F7400 
 1245              	.LASF1:
 1246 0185 6C6F6E67 		.ascii	"long long int\000"
 1246      206C6F6E 
 1246      6720696E 
 1246      7400
 1247              	.LASF3:
 1248 0193 7369676E 		.ascii	"signed char\000"
 1248      65642063 
 1248      68617200 
 1249              	.LASF132:
 1250 019f 43795F42 		.ascii	"Cy_BLE_HostRegisteredCallback\000"
 1250      4C455F48 
 1250      6F737452 
 1250      65676973 
 1250      74657265 
 1251              	.LASF78:
ARM GAS  C:\Users\Nazar\AppData\Local\Temp\ccBHhWIi.s 			page 29


 1252 01bd 70657269 		.ascii	"periDivCmdTypeSelPos\000"
 1252      44697643 
 1252      6D645479 
 1252      70655365 
 1252      6C506F73 
 1253              	.LASF24:
 1254 01d2 70726F74 		.ascii	"protBase\000"
 1254      42617365 
 1254      00
 1255              	.LASF36:
 1256 01db 69706356 		.ascii	"ipcVersion\000"
 1256      65727369 
 1256      6F6E00
 1257              	.LASF98:
 1258 01e6 63707573 		.ascii	"cpussCm0NmiCtlOffset\000"
 1258      73436D30 
 1258      4E6D6943 
 1258      746C4F66 
 1258      66736574 
 1259              	.LASF115:
 1260 01fb 43595F42 		.ascii	"CY_BLE_ADV_STATE_STOP_INITIATED\000"
 1260      4C455F41 
 1260      44565F53 
 1260      54415445 
 1260      5F53544F 
 1261              	.LASF25:
 1262 021b 6873696F 		.ascii	"hsiomBase\000"
 1262      6D426173 
 1262      6500
 1263              	.LASF10:
 1264 0225 6C6F6E67 		.ascii	"long int\000"
 1264      20696E74 
 1264      00
 1265              	.LASF91:
 1266 022e 63707573 		.ascii	"cpussCm4ClockCtlOffset\000"
 1266      73436D34 
 1266      436C6F63 
 1266      6B43746C 
 1266      4F666673 
 1267              	.LASF56:
 1268 0245 63727970 		.ascii	"cryptoMemSize\000"
 1268      746F4D65 
 1268      6D53697A 
 1268      6500
 1269              	.LASF116:
 1270 0253 63795F65 		.ascii	"cy_en_ble_adv_state_t\000"
 1270      6E5F626C 
 1270      655F6164 
 1270      765F7374 
 1270      6174655F 
 1271              	.LASF22:
 1272 0269 70657269 		.ascii	"periBase\000"
 1272      42617365 
 1272      00
 1273              	.LASF54:
 1274 0272 73797350 		.ascii	"sysPmSimoPresent\000"
 1274      6D53696D 
ARM GAS  C:\Users\Nazar\AppData\Local\Temp\ccBHhWIi.s 			page 30


 1274      6F507265 
 1274      73656E74 
 1274      00
 1275              	.LASF44:
 1276 0283 63707573 		.ascii	"cpussFmIrq\000"
 1276      73466D49 
 1276      727100
 1277              	.LASF108:
 1278 028e 646F7562 		.ascii	"double\000"
 1278      6C6500
 1279              	.LASF83:
 1280 0295 70657269 		.ascii	"periDiv16_5CtlOffset\000"
 1280      44697631 
 1280      365F3543 
 1280      746C4F66 
 1280      66736574 
 1281              	.LASF47:
 1282 02aa 73727373 		.ascii	"srssNumPll\000"
 1282      4E756D50 
 1282      6C6C00
 1283              	.LASF81:
 1284 02b5 70657269 		.ascii	"periDiv8CtlOffset\000"
 1284      44697638 
 1284      43746C4F 
 1284      66667365 
 1284      7400
 1285              	.LASF121:
 1286 02c7 43595F42 		.ascii	"CY_BLE_CONN_STATE_CLIENT_INCL_DISCOVERING\000"
 1286      4C455F43 
 1286      4F4E4E5F 
 1286      53544154 
 1286      455F434C 
 1287              	.LASF88:
 1288 02f1 6770696F 		.ascii	"gpioPrtCfgOutOffset\000"
 1288      50727443 
 1288      66674F75 
 1288      744F6666 
 1288      73657400 
 1289              	.LASF21:
 1290 0305 666C6173 		.ascii	"flashcBase\000"
 1290      68634261 
 1290      736500
 1291              	.LASF11:
 1292 0310 5F5F7569 		.ascii	"__uint32_t\000"
 1292      6E743332 
 1292      5F7400
 1293              	.LASF51:
 1294 031b 70617373 		.ascii	"passSarChannels\000"
 1294      53617243 
 1294      68616E6E 
 1294      656C7300 
 1295              	.LASF6:
 1296 032b 5F5F696E 		.ascii	"__int16_t\000"
 1296      7431365F 
 1296      7400
 1297              	.LASF94:
 1298 0335 63707573 		.ascii	"cpussCm4PwrCtlOffset\000"
ARM GAS  C:\Users\Nazar\AppData\Local\Temp\ccBHhWIi.s 			page 31


 1298      73436D34 
 1298      50777243 
 1298      746C4F66 
 1298      66736574 
 1299              	.LASF120:
 1300 034a 43595F42 		.ascii	"CY_BLE_CONN_STATE_CLIENT_SRVC_DISCOVERING\000"
 1300      4C455F43 
 1300      4F4E4E5F 
 1300      53544154 
 1300      455F434C 
 1301              	.LASF89:
 1302 0374 6770696F 		.ascii	"gpioPrtCfgSioOffset\000"
 1302      50727443 
 1302      66675369 
 1302      6F4F6666 
 1302      73657400 
 1303              	.LASF41:
 1304 0388 63707573 		.ascii	"cpussDwChNr\000"
 1304      73447743 
 1304      684E7200 
 1305              	.LASF0:
 1306 0394 756E7369 		.ascii	"unsigned int\000"
 1306      676E6564 
 1306      20696E74 
 1306      00
 1307              	.LASF119:
 1308 03a1 43595F42 		.ascii	"CY_BLE_CONN_STATE_CONNECTED\000"
 1308      4C455F43 
 1308      4F4E4E5F 
 1308      53544154 
 1308      455F434F 
 1309              	.LASF123:
 1310 03bd 43595F42 		.ascii	"CY_BLE_CONN_STATE_CLIENT_DESCR_DISCOVERING\000"
 1310      4C455F43 
 1310      4F4E4E5F 
 1310      53544154 
 1310      455F434C 
 1311              	.LASF18:
 1312 03e8 75696E74 		.ascii	"uint16_t\000"
 1312      31365F74 
 1312      00
 1313              	.LASF74:
 1314 03f1 70657269 		.ascii	"periTrCmdGrSelMsk\000"
 1314      5472436D 
 1314      64477253 
 1314      656C4D73 
 1314      6B00
 1315              	.LASF63:
 1316 0403 666C6173 		.ascii	"flashCtlMainWs1Freq\000"
 1316      6843746C 
 1316      4D61696E 
 1316      57733146 
 1316      72657100 
 1317              	.LASF12:
 1318 0417 6C6F6E67 		.ascii	"long unsigned int\000"
 1318      20756E73 
 1318      69676E65 
ARM GAS  C:\Users\Nazar\AppData\Local\Temp\ccBHhWIi.s 			page 32


 1318      6420696E 
 1318      7400
 1319              	.LASF39:
 1320 0429 63707573 		.ascii	"cpussIpcNr\000"
 1320      73497063 
 1320      4E7200
 1321              	.LASF26:
 1322 0434 6770696F 		.ascii	"gpioBase\000"
 1322      42617365 
 1322      00
 1323              	.LASF64:
 1324 043d 666C6173 		.ascii	"flashCtlMainWs2Freq\000"
 1324      6843746C 
 1324      4D61696E 
 1324      57733246 
 1324      72657100 
 1325              	.LASF75:
 1326 0451 70657269 		.ascii	"periTrGrOffset\000"
 1326      54724772 
 1326      4F666673 
 1326      657400
 1327              	.LASF102:
 1328 0460 63707573 		.ascii	"cpussRam1Ctl0\000"
 1328      7352616D 
 1328      3143746C 
 1328      3000
 1329              	.LASF131:
 1330 046e 63795F62 		.ascii	"cy_ble_connState\000"
 1330      6C655F63 
 1330      6F6E6E53 
 1330      74617465 
 1330      00
 1331              	.LASF76:
 1332 047f 70657269 		.ascii	"periTrGrSize\000"
 1332      54724772 
 1332      53697A65 
 1332      00
 1333              	.LASF34:
 1334 048c 6770696F 		.ascii	"gpioVersion\000"
 1334      56657273 
 1334      696F6E00 
 1335              	.LASF106:
 1336 0498 63795F73 		.ascii	"cy_stc_device_t\000"
 1336      74635F64 
 1336      65766963 
 1336      655F7400 
 1337              	.LASF52:
 1338 04a8 65704D6F 		.ascii	"epMonitorNr\000"
 1338      6E69746F 
 1338      724E7200 
 1339              	.LASF99:
 1340 04b4 63707573 		.ascii	"cpussCm4NmiCtlOffset\000"
 1340      73436D34 
 1340      4E6D6943 
 1340      746C4F66 
 1340      66736574 
 1341              	.LASF95:
ARM GAS  C:\Users\Nazar\AppData\Local\Temp\ccBHhWIi.s 			page 33


 1342 04c9 63707573 		.ascii	"cpussTrimRamCtlOffset\000"
 1342      73547269 
 1342      6D52616D 
 1342      43746C4F 
 1342      66667365 
 1343              	.LASF90:
 1344 04df 63707573 		.ascii	"cpussCm0ClockCtlOffset\000"
 1344      73436D30 
 1344      436C6F63 
 1344      6B43746C 
 1344      4F666673 
 1345              	.LASF110:
 1346 04f6 61747449 		.ascii	"attId\000"
 1346      6400
 1347              	.LASF30:
 1348 04fc 63707573 		.ascii	"cpussVersion\000"
 1348      73566572 
 1348      73696F6E 
 1348      00
 1349              	.LASF37:
 1350 0509 70657269 		.ascii	"periVersion\000"
 1350      56657273 
 1350      696F6E00 
 1351              	.LASF93:
 1352 0515 63707573 		.ascii	"cpussCm0StatusOffset\000"
 1352      73436D30 
 1352      53746174 
 1352      75734F66 
 1352      66736574 
 1353              	.LASF14:
 1354 052a 73697A65 		.ascii	"sizetype\000"
 1354      74797065 
 1354      00
 1355              	.LASF67:
 1356 0533 64774368 		.ascii	"dwChOffset\000"
 1356      4F666673 
 1356      657400
 1357              	.LASF42:
 1358 053e 63707573 		.ascii	"cpussFlashPaSize\000"
 1358      73466C61 
 1358      73685061 
 1358      53697A65 
 1358      00
 1359              	.LASF113:
 1360 054f 43595F42 		.ascii	"CY_BLE_ADV_STATE_ADV_INITIATED\000"
 1360      4C455F41 
 1360      44565F53 
 1360      54415445 
 1360      5F414456 
 1361              	.LASF80:
 1362 056e 70657269 		.ascii	"periDivCmdPaTypeSelPos\000"
 1362      44697643 
 1362      6D645061 
 1362      54797065 
 1362      53656C50 
 1363              	.LASF103:
 1364 0585 63707573 		.ascii	"cpussRam2Ctl0\000"
ARM GAS  C:\Users\Nazar\AppData\Local\Temp\ccBHhWIi.s 			page 34


 1364      7352616D 
 1364      3243746C 
 1364      3000
 1365              	.LASF71:
 1366 0593 64775374 		.ascii	"dwStatusChIdxPos\000"
 1366      61747573 
 1366      43684964 
 1366      78506F73 
 1366      00
 1367              	.LASF53:
 1368 05a4 75646250 		.ascii	"udbPresent\000"
 1368      72657365 
 1368      6E7400
 1369              	.LASF125:
 1370 05af 63795F65 		.ascii	"cy_en_ble_conn_state_t\000"
 1370      6E5F626C 
 1370      655F636F 
 1370      6E6E5F73 
 1370      74617465 
 1371              	.LASF33:
 1372 05c6 666C6173 		.ascii	"flashcVersion\000"
 1372      68635665 
 1372      7273696F 
 1372      6E00
 1373              	.LASF29:
 1374 05d4 63727970 		.ascii	"cryptoBase\000"
 1374      746F4261 
 1374      736500
 1375              	.LASF50:
 1376 05df 736D6966 		.ascii	"smifDeviceNr\000"
 1376      44657669 
 1376      63654E72 
 1376      00
 1377              	.LASF59:
 1378 05ec 666C6173 		.ascii	"flashWriteDelay\000"
 1378      68577269 
 1378      74654465 
 1378      6C617900 
 1379              	.LASF124:
 1380 05fc 43595F42 		.ascii	"CY_BLE_CONN_STATE_CLIENT_DISCOVERED\000"
 1380      4C455F43 
 1380      4F4E4E5F 
 1380      53544154 
 1380      455F434C 
 1381              	.LASF107:
 1382 0620 666C6F61 		.ascii	"float\000"
 1382      7400
 1383              	.LASF72:
 1384 0626 64775374 		.ascii	"dwStatusChIdxMsk\000"
 1384      61747573 
 1384      43684964 
 1384      784D736B 
 1384      00
 1385              	.LASF128:
 1386 0637 63795F64 		.ascii	"cy_device\000"
 1386      65766963 
 1386      6500
ARM GAS  C:\Users\Nazar\AppData\Local\Temp\ccBHhWIi.s 			page 35


 1387              	.LASF100:
 1388 0641 63707573 		.ascii	"cpussRomCtl\000"
 1388      73526F6D 
 1388      43746C00 
 1389              	.LASF70:
 1390 064d 64774368 		.ascii	"dwChCtlPreemptablePos\000"
 1390      43746C50 
 1390      7265656D 
 1390      70746162 
 1390      6C65506F 
 1391              	.LASF23:
 1392 0663 75646242 		.ascii	"udbBase\000"
 1392      61736500 
 1393              	.LASF122:
 1394 066b 43595F42 		.ascii	"CY_BLE_CONN_STATE_CLIENT_CHAR_DISCOVERING\000"
 1394      4C455F43 
 1394      4F4E4E5F 
 1394      53544154 
 1394      455F434C 
 1395              	.LASF126:
 1396 0695 5F426F6F 		.ascii	"_Bool\000"
 1396      6C00
 1397              	.LASF4:
 1398 069b 756E7369 		.ascii	"unsigned char\000"
 1398      676E6564 
 1398      20636861 
 1398      7200
 1399              	.LASF66:
 1400 06a9 666C6173 		.ascii	"flashCtlMainWs4Freq\000"
 1400      6843746C 
 1400      4D61696E 
 1400      57733446 
 1400      72657100 
 1401              	.LASF7:
 1402 06bd 73686F72 		.ascii	"short int\000"
 1402      7420696E 
 1402      7400
 1403              	.LASF77:
 1404 06c7 70657269 		.ascii	"periDivCmdDivSelMsk\000"
 1404      44697643 
 1404      6D644469 
 1404      7653656C 
 1404      4D736B00 
 1405              	.LASF134:
 1406 06db 47656E65 		.ascii	"Generated_Source\\PSoC6\\pdl\\middleware\\ble\\cy_b"
 1406      72617465 
 1406      645F536F 
 1406      75726365 
 1406      5C50536F 
 1407 0709 6C655F68 		.ascii	"le_hal_int.c\000"
 1407      616C5F69 
 1407      6E742E63 
 1407      00
 1408              	.LASF48:
 1409 0716 73727373 		.ascii	"srssNumHfroot\000"
 1409      4E756D48 
 1409      66726F6F 
ARM GAS  C:\Users\Nazar\AppData\Local\Temp\ccBHhWIi.s 			page 36


 1409      7400
 1410              	.LASF61:
 1411 0724 666C6173 		.ascii	"flashEraseDelay\000"
 1411      68457261 
 1411      73654465 
 1411      6C617900 
 1412              	.LASF19:
 1413 0734 75696E74 		.ascii	"uint32_t\000"
 1413      33325F74 
 1413      00
 1414              	.LASF133:
 1415 073d 474E5520 		.ascii	"GNU C11 5.4.1 20160609 (release) [ARM/embedded-5-br"
 1415      43313120 
 1415      352E342E 
 1415      31203230 
 1415      31363036 
 1416 0770 616E6368 		.ascii	"anch revision 237715] -mcpu=cortex-m0plus -mthumb -"
 1416      20726576 
 1416      6973696F 
 1416      6E203233 
 1416      37373135 
 1417 07a3 67202D4F 		.ascii	"g -Og -ffunction-sections -ffat-lto-objects\000"
 1417      67202D66 
 1417      66756E63 
 1417      74696F6E 
 1417      2D736563 
 1418              	.LASF2:
 1419 07cf 6C6F6E67 		.ascii	"long double\000"
 1419      20646F75 
 1419      626C6500 
 1420              	.LASF15:
 1421 07db 63686172 		.ascii	"char\000"
 1421      00
 1422              	.LASF38:
 1423 07e0 70726F74 		.ascii	"protVersion\000"
 1423      56657273 
 1423      696F6E00 
 1424              	.LASF101:
 1425 07ec 63707573 		.ascii	"cpussRam0Ctl0\000"
 1425      7352616D 
 1425      3043746C 
 1425      3000
 1426              	.LASF8:
 1427 07fa 5F5F7569 		.ascii	"__uint16_t\000"
 1427      6E743136 
 1427      5F7400
 1428              	.LASF82:
 1429 0805 70657269 		.ascii	"periDiv16CtlOffset\000"
 1429      44697631 
 1429      3643746C 
 1429      4F666673 
 1429      657400
 1430              	.LASF129:
 1431 0818 63795F62 		.ascii	"cy_ble_advState\000"
 1431      6C655F61 
 1431      64765374 
 1431      61746500 
ARM GAS  C:\Users\Nazar\AppData\Local\Temp\ccBHhWIi.s 			page 37


 1432              	.LASF35:
 1433 0828 6873696F 		.ascii	"hsiomVersion\000"
 1433      6D566572 
 1433      73696F6E 
 1433      00
 1434              	.LASF138:
 1435 0835 43795F42 		.ascii	"Cy_BLE_HAL_BlessInterruptHandler\000"
 1435      4C455F48 
 1435      414C5F42 
 1435      6C657373 
 1435      496E7465 
 1436              	.LASF9:
 1437 0856 73686F72 		.ascii	"short unsigned int\000"
 1437      7420756E 
 1437      7369676E 
 1437      65642069 
 1437      6E7400
 1438              	.LASF68:
 1439 0869 64774368 		.ascii	"dwChSize\000"
 1439      53697A65 
 1439      00
 1440              	.LASF136:
 1441 0872 43795F42 		.ascii	"Cy_BLE_BlessInterrupt\000"
 1441      4C455F42 
 1441      6C657373 
 1441      496E7465 
 1441      72727570 
 1442              	.LASF104:
 1443 0888 69706353 		.ascii	"ipcStructSize\000"
 1443      74727563 
 1443      7453697A 
 1443      6500
 1444              	.LASF43:
 1445 0896 63707573 		.ascii	"cpussIpc0Irq\000"
 1445      73497063 
 1445      30497271 
 1445      00
 1446              	.LASF86:
 1447 08a3 6770696F 		.ascii	"gpioPrtCfgOffset\000"
 1447      50727443 
 1447      66674F66 
 1447      66736574 
 1447      00
 1448              	.LASF117:
 1449 08b4 43595F42 		.ascii	"CY_BLE_CONN_STATE_DISCONNECTED\000"
 1449      4C455F43 
 1449      4F4E4E5F 
 1449      53544154 
 1449      455F4449 
 1450              	.LASF130:
 1451 08d3 63795F62 		.ascii	"cy_ble_connHandle\000"
 1451      6C655F63 
 1451      6F6E6E48 
 1451      616E646C 
 1451      6500
 1452              	.LASF45:
 1453 08e5 63707573 		.ascii	"cpussNotConnectedIrq\000"
ARM GAS  C:\Users\Nazar\AppData\Local\Temp\ccBHhWIi.s 			page 38


 1453      734E6F74 
 1453      436F6E6E 
 1453      65637465 
 1453      64497271 
 1454              	.LASF114:
 1455 08fa 43595F42 		.ascii	"CY_BLE_ADV_STATE_ADVERTISING\000"
 1455      4C455F41 
 1455      44565F53 
 1455      54415445 
 1455      5F414456 
 1456              	.LASF112:
 1457 0917 43595F42 		.ascii	"CY_BLE_ADV_STATE_STOPPED\000"
 1457      4C455F41 
 1457      44565F53 
 1457      54415445 
 1457      5F53544F 
 1458              	.LASF16:
 1459 0930 75696E74 		.ascii	"uint8_t\000"
 1459      385F7400 
 1460              	.LASF92:
 1461 0938 63707573 		.ascii	"cpussCm4StatusOffset\000"
 1461      73436D34 
 1461      53746174 
 1461      75734F66 
 1461      66736574 
 1462              	.LASF85:
 1463 094d 6770696F 		.ascii	"gpioPrtIntrCfgOffset\000"
 1463      50727449 
 1463      6E747243 
 1463      66674F66 
 1463      66736574 
 1464              	.LASF137:
 1465 0962 73656E64 		.ascii	"sendNotification\000"
 1465      4E6F7469 
 1465      66696361 
 1465      74696F6E 
 1465      00
 1466              	.LASF96:
 1467 0973 63707573 		.ascii	"cpussTrimRomCtlOffset\000"
 1467      73547269 
 1467      6D526F6D 
 1467      43746C4F 
 1467      66667365 
 1468              	.LASF109:
 1469 0989 62644861 		.ascii	"bdHandle\000"
 1469      6E646C65 
 1469      00
 1470              	.LASF46:
 1471 0992 73727373 		.ascii	"srssNumClkpath\000"
 1471      4E756D43 
 1471      6C6B7061 
 1471      746800
 1472              	.LASF32:
 1473 09a1 64775665 		.ascii	"dwVersion\000"
 1473      7273696F 
 1473      6E00
 1474              	.LASF28:
ARM GAS  C:\Users\Nazar\AppData\Local\Temp\ccBHhWIi.s 			page 39


 1475 09ab 69706342 		.ascii	"ipcBase\000"
 1475      61736500 
 1476              	.LASF79:
 1477 09b3 70657269 		.ascii	"periDivCmdPaDivSelPos\000"
 1477      44697643 
 1477      6D645061 
 1477      44697653 
 1477      656C506F 
 1478              	.LASF60:
 1479 09c9 666C6173 		.ascii	"flashProgramDelay\000"
 1479      6850726F 
 1479      6772616D 
 1479      44656C61 
 1479      7900
 1480              	.LASF118:
 1481 09db 43595F42 		.ascii	"CY_BLE_CONN_STATE_CLIENT_DISCONNECTED_DISCOVERED\000"
 1481      4C455F43 
 1481      4F4E4E5F 
 1481      53544154 
 1481      455F434C 
 1482              	.LASF57:
 1483 0a0c 666C6173 		.ascii	"flashRwwRequired\000"
 1483      68527777 
 1483      52657175 
 1483      69726564 
 1483      00
 1484              		.ident	"GCC: (GNU Tools for ARM Embedded Processors) 5.4.1 20160609 (release) [ARM/embedded-5-bran
