<<<<<<< HEAD
ARM GAS  C:\Users\Smaug\AppData\Local\Temp\cclNbP8R.s 			page 1
=======
ARM GAS  C:\Users\Nazar\AppData\Local\Temp\ccQFerfM.s 			page 1
>>>>>>> bd22d50f3383c241732a6171578cebde1d55ad66


   1              		.syntax unified
   2              		.cpu cortex-m0plus
   3              		.fpu softvfp
   4              		.eabi_attribute 20, 1
   5              		.eabi_attribute 21, 1
   6              		.eabi_attribute 23, 3
   7              		.eabi_attribute 24, 1
   8              		.eabi_attribute 25, 1
   9              		.eabi_attribute 26, 1
  10              		.eabi_attribute 30, 1
  11              		.eabi_attribute 34, 0
  12              		.eabi_attribute 18, 4
  13              		.thumb
  14              		.syntax unified
  15              		.file	"cy_ble_ndcs.c"
  16              		.text
  17              	.Ltext0:
  18              		.cfi_sections	.debug_frame
  19              	.Letext0:
<<<<<<< HEAD
  20              		.file 1 "c:\\program files (x86)\\cypress\\psoc creator\\4.4\\psoc creator\\import\\gnu\\arm\\5.4.
  21              		.file 2 "c:\\program files (x86)\\cypress\\psoc creator\\4.4\\psoc creator\\import\\gnu\\arm\\5.4.
=======
  20              		.file 1 "c:\\myapps\\psoc_creator\\psoc creator\\4.4\\psoc creator\\import\\gnu\\arm\\5.4.1\\arm-n
  21              		.file 2 "c:\\myapps\\psoc_creator\\psoc creator\\4.4\\psoc creator\\import\\gnu\\arm\\5.4.1\\arm-n
>>>>>>> bd22d50f3383c241732a6171578cebde1d55ad66
  22              		.file 3 "Generated_Source\\PSoC6\\pdl\\drivers/peripheral/device/cy_device.h"
  23              		.file 4 "Generated_Source\\PSoC6\\pdl\\middleware\\ble\\cy_ble_stack_host_main.h"
  24              		.file 5 "Generated_Source\\PSoC6\\pdl\\middleware\\ble\\cy_ble_gap.h"
  25              		.section	.debug_info,"",%progbits
  26              	.Ldebug_info0:
  27 0000 00060000 		.4byte	0x600
  28 0004 0400     		.2byte	0x4
  29 0006 00000000 		.4byte	.Ldebug_abbrev0
  30 000a 04       		.byte	0x4
  31 000b 01       		.uleb128 0x1
<<<<<<< HEAD
  32 000c E2060000 		.4byte	.LASF131
  33 0010 0C       		.byte	0xc
  34 0011 27040000 		.4byte	.LASF132
  35 0015 88030000 		.4byte	.LASF133
=======
  32 000c EB060000 		.4byte	.LASF131
  33 0010 0C       		.byte	0xc
  34 0011 30040000 		.4byte	.LASF132
  35 0015 5B000000 		.4byte	.LASF133
>>>>>>> bd22d50f3383c241732a6171578cebde1d55ad66
  36 0019 00000000 		.4byte	.Ldebug_line0
  37 001d 02       		.uleb128 0x2
  38 001e 04       		.byte	0x4
  39 001f 05       		.byte	0x5
  40 0020 696E7400 		.ascii	"int\000"
  41 0024 03       		.uleb128 0x3
  42 0025 04       		.byte	0x4
  43 0026 07       		.byte	0x7
<<<<<<< HEAD
  44 0027 2B030000 		.4byte	.LASF0
  45 002b 03       		.uleb128 0x3
  46 002c 08       		.byte	0x8
  47 002d 05       		.byte	0x5
  48 002e 3A010000 		.4byte	.LASF1
  49 0032 03       		.uleb128 0x3
  50 0033 08       		.byte	0x8
  51 0034 04       		.byte	0x4
  52 0035 74070000 		.4byte	.LASF2
  53 0039 03       		.uleb128 0x3
  54 003a 01       		.byte	0x1
  55 003b 06       		.byte	0x6
  56 003c 48010000 		.4byte	.LASF3
  57 0040 04       		.uleb128 0x4
ARM GAS  C:\Users\Smaug\AppData\Local\Temp\cclNbP8R.s 			page 2


  58 0041 7E000000 		.4byte	.LASF5
=======
  44 0027 59030000 		.4byte	.LASF0
  45 002b 03       		.uleb128 0x3
  46 002c 08       		.byte	0x8
  47 002d 05       		.byte	0x5
  48 002e 68010000 		.4byte	.LASF1
  49 0032 03       		.uleb128 0x3
  50 0033 08       		.byte	0x8
  51 0034 04       		.byte	0x4
  52 0035 7D070000 		.4byte	.LASF2
  53 0039 03       		.uleb128 0x3
  54 003a 01       		.byte	0x1
  55 003b 06       		.byte	0x6
  56 003c 76010000 		.4byte	.LASF3
  57 0040 04       		.uleb128 0x4
ARM GAS  C:\Users\Nazar\AppData\Local\Temp\ccQFerfM.s 			page 2


  58 0041 A0000000 		.4byte	.LASF5
>>>>>>> bd22d50f3383c241732a6171578cebde1d55ad66
  59 0045 01       		.byte	0x1
  60 0046 1D       		.byte	0x1d
  61 0047 4B000000 		.4byte	0x4b
  62 004b 03       		.uleb128 0x3
  63 004c 01       		.byte	0x1
  64 004d 08       		.byte	0x8
<<<<<<< HEAD
  65 004e 7B060000 		.4byte	.LASF4
  66 0052 04       		.uleb128 0x4
  67 0053 C2020000 		.4byte	.LASF6
=======
  65 004e 84060000 		.4byte	.LASF4
  66 0052 04       		.uleb128 0x4
  67 0053 F0020000 		.4byte	.LASF6
>>>>>>> bd22d50f3383c241732a6171578cebde1d55ad66
  68 0057 01       		.byte	0x1
  69 0058 29       		.byte	0x29
  70 0059 5D000000 		.4byte	0x5d
  71 005d 03       		.uleb128 0x3
  72 005e 02       		.byte	0x2
  73 005f 05       		.byte	0x5
<<<<<<< HEAD
  74 0060 9D060000 		.4byte	.LASF7
  75 0064 04       		.uleb128 0x4
  76 0065 9F070000 		.4byte	.LASF8
=======
  74 0060 A6060000 		.4byte	.LASF7
  75 0064 04       		.uleb128 0x4
  76 0065 A8070000 		.4byte	.LASF8
>>>>>>> bd22d50f3383c241732a6171578cebde1d55ad66
  77 0069 01       		.byte	0x1
  78 006a 2B       		.byte	0x2b
  79 006b 6F000000 		.4byte	0x6f
  80 006f 03       		.uleb128 0x3
  81 0070 02       		.byte	0x2
  82 0071 07       		.byte	0x7
<<<<<<< HEAD
  83 0072 EE070000 		.4byte	.LASF9
  84 0076 03       		.uleb128 0x3
  85 0077 04       		.byte	0x4
  86 0078 05       		.byte	0x5
  87 0079 BC010000 		.4byte	.LASF10
  88 007d 04       		.uleb128 0x4
  89 007e A7020000 		.4byte	.LASF11
=======
  83 0072 F7070000 		.4byte	.LASF9
  84 0076 03       		.uleb128 0x3
  85 0077 04       		.byte	0x4
  86 0078 05       		.byte	0x5
  87 0079 EA010000 		.4byte	.LASF10
  88 007d 04       		.uleb128 0x4
  89 007e D5020000 		.4byte	.LASF11
>>>>>>> bd22d50f3383c241732a6171578cebde1d55ad66
  90 0082 01       		.byte	0x1
  91 0083 41       		.byte	0x41
  92 0084 88000000 		.4byte	0x88
  93 0088 03       		.uleb128 0x3
  94 0089 04       		.byte	0x4
  95 008a 07       		.byte	0x7
<<<<<<< HEAD
  96 008b BF030000 		.4byte	.LASF12
  97 008f 03       		.uleb128 0x3
  98 0090 08       		.byte	0x8
  99 0091 07       		.byte	0x7
 100 0092 CF000000 		.4byte	.LASF13
 101 0096 03       		.uleb128 0x3
 102 0097 04       		.byte	0x4
 103 0098 07       		.byte	0x7
 104 0099 0A050000 		.4byte	.LASF14
 105 009d 03       		.uleb128 0x3
 106 009e 01       		.byte	0x1
 107 009f 08       		.byte	0x8
 108 00a0 80070000 		.4byte	.LASF15
 109 00a4 04       		.uleb128 0x4
 110 00a5 B2080000 		.4byte	.LASF16
=======
  96 008b C8030000 		.4byte	.LASF12
  97 008f 03       		.uleb128 0x3
  98 0090 08       		.byte	0x8
  99 0091 07       		.byte	0x7
 100 0092 FD000000 		.4byte	.LASF13
 101 0096 03       		.uleb128 0x3
 102 0097 04       		.byte	0x4
 103 0098 07       		.byte	0x7
 104 0099 13050000 		.4byte	.LASF14
 105 009d 03       		.uleb128 0x3
 106 009e 01       		.byte	0x1
 107 009f 08       		.byte	0x8
 108 00a0 89070000 		.4byte	.LASF15
 109 00a4 04       		.uleb128 0x4
 110 00a5 BB080000 		.4byte	.LASF16
>>>>>>> bd22d50f3383c241732a6171578cebde1d55ad66
 111 00a9 02       		.byte	0x2
 112 00aa 18       		.byte	0x18
 113 00ab 40000000 		.4byte	0x40
 114 00af 04       		.uleb128 0x4
<<<<<<< HEAD
ARM GAS  C:\Users\Smaug\AppData\Local\Temp\cclNbP8R.s 			page 3


 115 00b0 32010000 		.4byte	.LASF17
=======
ARM GAS  C:\Users\Nazar\AppData\Local\Temp\ccQFerfM.s 			page 3


 115 00b0 60010000 		.4byte	.LASF17
>>>>>>> bd22d50f3383c241732a6171578cebde1d55ad66
 116 00b4 02       		.byte	0x2
 117 00b5 20       		.byte	0x20
 118 00b6 52000000 		.4byte	0x52
 119 00ba 04       		.uleb128 0x4
<<<<<<< HEAD
 120 00bb 7F030000 		.4byte	.LASF18
=======
 120 00bb AD030000 		.4byte	.LASF18
>>>>>>> bd22d50f3383c241732a6171578cebde1d55ad66
 121 00bf 02       		.byte	0x2
 122 00c0 24       		.byte	0x24
 123 00c1 64000000 		.4byte	0x64
 124 00c5 04       		.uleb128 0x4
<<<<<<< HEAD
 125 00c6 D9060000 		.4byte	.LASF19
=======
 125 00c6 E2060000 		.4byte	.LASF19
>>>>>>> bd22d50f3383c241732a6171578cebde1d55ad66
 126 00ca 02       		.byte	0x2
 127 00cb 30       		.byte	0x30
 128 00cc 7D000000 		.4byte	0x7d
 129 00d0 05       		.uleb128 0x5
 130 00d1 B8       		.byte	0xb8
 131 00d2 03       		.byte	0x3
 132 00d3 34       		.byte	0x34
 133 00d4 E1040000 		.4byte	0x4e1
 134 00d8 06       		.uleb128 0x6
<<<<<<< HEAD
 135 00d9 B6000000 		.4byte	.LASF20
=======
 135 00d9 D8000000 		.4byte	.LASF20
>>>>>>> bd22d50f3383c241732a6171578cebde1d55ad66
 136 00dd 03       		.byte	0x3
 137 00de 37       		.byte	0x37
 138 00df C5000000 		.4byte	0xc5
 139 00e3 00       		.byte	0
 140 00e4 06       		.uleb128 0x6
<<<<<<< HEAD
 141 00e5 9C020000 		.4byte	.LASF21
=======
 141 00e5 CA020000 		.4byte	.LASF21
>>>>>>> bd22d50f3383c241732a6171578cebde1d55ad66
 142 00e9 03       		.byte	0x3
 143 00ea 38       		.byte	0x38
 144 00eb C5000000 		.4byte	0xc5
 145 00ef 04       		.byte	0x4
 146 00f0 06       		.uleb128 0x6
<<<<<<< HEAD
 147 00f1 00020000 		.4byte	.LASF22
=======
 147 00f1 2E020000 		.4byte	.LASF22
>>>>>>> bd22d50f3383c241732a6171578cebde1d55ad66
 148 00f5 03       		.byte	0x3
 149 00f6 39       		.byte	0x39
 150 00f7 C5000000 		.4byte	0xc5
 151 00fb 08       		.byte	0x8
 152 00fc 06       		.uleb128 0x6
<<<<<<< HEAD
 153 00fd 43060000 		.4byte	.LASF23
=======
 153 00fd 4C060000 		.4byte	.LASF23
>>>>>>> bd22d50f3383c241732a6171578cebde1d55ad66
 154 0101 03       		.byte	0x3
 155 0102 3A       		.byte	0x3a
 156 0103 C5000000 		.4byte	0xc5
 157 0107 0C       		.byte	0xc
 158 0108 06       		.uleb128 0x6
<<<<<<< HEAD
 159 0109 69010000 		.4byte	.LASF24
=======
 159 0109 97010000 		.4byte	.LASF24
>>>>>>> bd22d50f3383c241732a6171578cebde1d55ad66
 160 010d 03       		.byte	0x3
 161 010e 3B       		.byte	0x3b
 162 010f C5000000 		.4byte	0xc5
 163 0113 10       		.byte	0x10
 164 0114 06       		.uleb128 0x6
<<<<<<< HEAD
 165 0115 B2010000 		.4byte	.LASF25
=======
 165 0115 E0010000 		.4byte	.LASF25
>>>>>>> bd22d50f3383c241732a6171578cebde1d55ad66
 166 0119 03       		.byte	0x3
 167 011a 3C       		.byte	0x3c
 168 011b C5000000 		.4byte	0xc5
 169 011f 14       		.byte	0x14
 170 0120 06       		.uleb128 0x6
<<<<<<< HEAD
 171 0121 DC030000 		.4byte	.LASF26
ARM GAS  C:\Users\Smaug\AppData\Local\Temp\cclNbP8R.s 			page 4
=======
 171 0121 E5030000 		.4byte	.LASF26
ARM GAS  C:\Users\Nazar\AppData\Local\Temp\ccQFerfM.s 			page 4
>>>>>>> bd22d50f3383c241732a6171578cebde1d55ad66


 172 0125 03       		.byte	0x3
 173 0126 3D       		.byte	0x3d
 174 0127 C5000000 		.4byte	0xc5
 175 012b 18       		.byte	0x18
 176 012c 06       		.uleb128 0x6
<<<<<<< HEAD
 177 012d 67000000 		.4byte	.LASF27
=======
 177 012d 89000000 		.4byte	.LASF27
>>>>>>> bd22d50f3383c241732a6171578cebde1d55ad66
 178 0131 03       		.byte	0x3
 179 0132 3E       		.byte	0x3e
 180 0133 C5000000 		.4byte	0xc5
 181 0137 1C       		.byte	0x1c
 182 0138 06       		.uleb128 0x6
<<<<<<< HEAD
 183 0139 1C090000 		.4byte	.LASF28
=======
 183 0139 25090000 		.4byte	.LASF28
>>>>>>> bd22d50f3383c241732a6171578cebde1d55ad66
 184 013d 03       		.byte	0x3
 185 013e 3F       		.byte	0x3f
 186 013f C5000000 		.4byte	0xc5
 187 0143 20       		.byte	0x20
 188 0144 06       		.uleb128 0x6
<<<<<<< HEAD
 189 0145 B4050000 		.4byte	.LASF29
=======
 189 0145 BD050000 		.4byte	.LASF29
>>>>>>> bd22d50f3383c241732a6171578cebde1d55ad66
 190 0149 03       		.byte	0x3
 191 014a 40       		.byte	0x40
 192 014b C5000000 		.4byte	0xc5
 193 014f 24       		.byte	0x24
 194 0150 06       		.uleb128 0x6
<<<<<<< HEAD
 195 0151 DC040000 		.4byte	.LASF30
=======
 195 0151 E5040000 		.4byte	.LASF30
>>>>>>> bd22d50f3383c241732a6171578cebde1d55ad66
 196 0155 03       		.byte	0x3
 197 0156 43       		.byte	0x43
 198 0157 A4000000 		.4byte	0xa4
 199 015b 28       		.byte	0x28
 200 015c 06       		.uleb128 0x6
 201 015d 4D000000 		.4byte	.LASF31
 202 0161 03       		.byte	0x3
 203 0162 44       		.byte	0x44
 204 0163 A4000000 		.4byte	0xa4
 205 0167 29       		.byte	0x29
 206 0168 06       		.uleb128 0x6
<<<<<<< HEAD
 207 0169 12090000 		.4byte	.LASF32
=======
 207 0169 1B090000 		.4byte	.LASF32
>>>>>>> bd22d50f3383c241732a6171578cebde1d55ad66
 208 016d 03       		.byte	0x3
 209 016e 45       		.byte	0x45
 210 016f A4000000 		.4byte	0xa4
 211 0173 2A       		.byte	0x2a
 212 0174 06       		.uleb128 0x6
<<<<<<< HEAD
 213 0175 A6050000 		.4byte	.LASF33
=======
 213 0175 AF050000 		.4byte	.LASF33
>>>>>>> bd22d50f3383c241732a6171578cebde1d55ad66
 214 0179 03       		.byte	0x3
 215 017a 46       		.byte	0x46
 216 017b A4000000 		.4byte	0xa4
 217 017f 2B       		.byte	0x2b
 218 0180 06       		.uleb128 0x6
<<<<<<< HEAD
 219 0181 6C040000 		.4byte	.LASF34
=======
 219 0181 75040000 		.4byte	.LASF34
>>>>>>> bd22d50f3383c241732a6171578cebde1d55ad66
 220 0185 03       		.byte	0x3
 221 0186 47       		.byte	0x47
 222 0187 A4000000 		.4byte	0xa4
 223 018b 2C       		.byte	0x2c
 224 018c 06       		.uleb128 0x6
<<<<<<< HEAD
 225 018d CD070000 		.4byte	.LASF35
 226 0191 03       		.byte	0x3
 227 0192 48       		.byte	0x48
 228 0193 A4000000 		.4byte	0xa4
ARM GAS  C:\Users\Smaug\AppData\Local\Temp\cclNbP8R.s 			page 5
=======
 225 018d D6070000 		.4byte	.LASF35
 226 0191 03       		.byte	0x3
 227 0192 48       		.byte	0x48
 228 0193 A4000000 		.4byte	0xa4
ARM GAS  C:\Users\Nazar\AppData\Local\Temp\ccQFerfM.s 			page 5
>>>>>>> bd22d50f3383c241732a6171578cebde1d55ad66


 229 0197 2D       		.byte	0x2d
 230 0198 06       		.uleb128 0x6
<<<<<<< HEAD
 231 0199 72010000 		.4byte	.LASF36
=======
 231 0199 A0010000 		.4byte	.LASF36
>>>>>>> bd22d50f3383c241732a6171578cebde1d55ad66
 232 019d 03       		.byte	0x3
 233 019e 49       		.byte	0x49
 234 019f A4000000 		.4byte	0xa4
 235 01a3 2E       		.byte	0x2e
 236 01a4 06       		.uleb128 0x6
<<<<<<< HEAD
 237 01a5 E9040000 		.4byte	.LASF37
=======
 237 01a5 F2040000 		.4byte	.LASF37
>>>>>>> bd22d50f3383c241732a6171578cebde1d55ad66
 238 01a9 03       		.byte	0x3
 239 01aa 4A       		.byte	0x4a
 240 01ab A4000000 		.4byte	0xa4
 241 01af 2F       		.byte	0x2f
 242 01b0 06       		.uleb128 0x6
<<<<<<< HEAD
 243 01b1 85070000 		.4byte	.LASF38
=======
 243 01b1 8E070000 		.4byte	.LASF38
>>>>>>> bd22d50f3383c241732a6171578cebde1d55ad66
 244 01b5 03       		.byte	0x3
 245 01b6 4B       		.byte	0x4b
 246 01b7 A4000000 		.4byte	0xa4
 247 01bb 30       		.byte	0x30
 248 01bc 06       		.uleb128 0x6
<<<<<<< HEAD
 249 01bd D1030000 		.4byte	.LASF39
=======
 249 01bd DA030000 		.4byte	.LASF39
>>>>>>> bd22d50f3383c241732a6171578cebde1d55ad66
 250 01c1 03       		.byte	0x3
 251 01c2 4E       		.byte	0x4e
 252 01c3 A4000000 		.4byte	0xa4
 253 01c7 31       		.byte	0x31
 254 01c8 06       		.uleb128 0x6
<<<<<<< HEAD
 255 01c9 70000000 		.4byte	.LASF40
=======
 255 01c9 92000000 		.4byte	.LASF40
>>>>>>> bd22d50f3383c241732a6171578cebde1d55ad66
 256 01cd 03       		.byte	0x3
 257 01ce 4F       		.byte	0x4f
 258 01cf A4000000 		.4byte	0xa4
 259 01d3 32       		.byte	0x32
 260 01d4 06       		.uleb128 0x6
<<<<<<< HEAD
 261 01d5 1F030000 		.4byte	.LASF41
=======
 261 01d5 4D030000 		.4byte	.LASF41
>>>>>>> bd22d50f3383c241732a6171578cebde1d55ad66
 262 01d9 03       		.byte	0x3
 263 01da 50       		.byte	0x50
 264 01db A4000000 		.4byte	0xa4
 265 01df 33       		.byte	0x33
 266 01e0 06       		.uleb128 0x6
<<<<<<< HEAD
 267 01e1 1E050000 		.4byte	.LASF42
=======
 267 01e1 27050000 		.4byte	.LASF42
>>>>>>> bd22d50f3383c241732a6171578cebde1d55ad66
 268 01e5 03       		.byte	0x3
 269 01e6 51       		.byte	0x51
 270 01e7 A4000000 		.4byte	0xa4
 271 01eb 34       		.byte	0x34
 272 01ec 06       		.uleb128 0x6
<<<<<<< HEAD
 273 01ed 18080000 		.4byte	.LASF43
=======
 273 01ed 21080000 		.4byte	.LASF43
>>>>>>> bd22d50f3383c241732a6171578cebde1d55ad66
 274 01f1 03       		.byte	0x3
 275 01f2 52       		.byte	0x52
 276 01f3 AF000000 		.4byte	0xaf
 277 01f7 36       		.byte	0x36
 278 01f8 06       		.uleb128 0x6
<<<<<<< HEAD
 279 01f9 1A020000 		.4byte	.LASF44
=======
 279 01f9 48020000 		.4byte	.LASF44
>>>>>>> bd22d50f3383c241732a6171578cebde1d55ad66
 280 01fd 03       		.byte	0x3
 281 01fe 53       		.byte	0x53
 282 01ff AF000000 		.4byte	0xaf
 283 0203 38       		.byte	0x38
 284 0204 06       		.uleb128 0x6
<<<<<<< HEAD
 285 0205 67080000 		.4byte	.LASF45
ARM GAS  C:\Users\Smaug\AppData\Local\Temp\cclNbP8R.s 			page 6
=======
 285 0205 70080000 		.4byte	.LASF45
ARM GAS  C:\Users\Nazar\AppData\Local\Temp\ccQFerfM.s 			page 6
>>>>>>> bd22d50f3383c241732a6171578cebde1d55ad66


 286 0209 03       		.byte	0x3
 287 020a 54       		.byte	0x54
 288 020b AF000000 		.4byte	0xaf
 289 020f 3A       		.byte	0x3a
 290 0210 06       		.uleb128 0x6
<<<<<<< HEAD
 291 0211 03090000 		.4byte	.LASF46
=======
 291 0211 0C090000 		.4byte	.LASF46
>>>>>>> bd22d50f3383c241732a6171578cebde1d55ad66
 292 0215 03       		.byte	0x3
 293 0216 55       		.byte	0x55
 294 0217 A4000000 		.4byte	0xa4
 295 021b 3C       		.byte	0x3c
 296 021c 06       		.uleb128 0x6
<<<<<<< HEAD
 297 021d 41020000 		.4byte	.LASF47
=======
 297 021d 6F020000 		.4byte	.LASF47
>>>>>>> bd22d50f3383c241732a6171578cebde1d55ad66
 298 0221 03       		.byte	0x3
 299 0222 56       		.byte	0x56
 300 0223 A4000000 		.4byte	0xa4
 301 0227 3D       		.byte	0x3d
 302 0228 06       		.uleb128 0x6
<<<<<<< HEAD
 303 0229 BB060000 		.4byte	.LASF48
=======
 303 0229 C4060000 		.4byte	.LASF48
>>>>>>> bd22d50f3383c241732a6171578cebde1d55ad66
 304 022d 03       		.byte	0x3
 305 022e 57       		.byte	0x57
 306 022f A4000000 		.4byte	0xa4
 307 0233 3E       		.byte	0x3e
 308 0234 06       		.uleb128 0x6
<<<<<<< HEAD
 309 0235 5B000000 		.4byte	.LASF49
=======
 309 0235 F1000000 		.4byte	.LASF49
>>>>>>> bd22d50f3383c241732a6171578cebde1d55ad66
 310 0239 03       		.byte	0x3
 311 023a 58       		.byte	0x58
 312 023b A4000000 		.4byte	0xa4
 313 023f 3F       		.byte	0x3f
 314 0240 06       		.uleb128 0x6
<<<<<<< HEAD
 315 0241 BF050000 		.4byte	.LASF50
=======
 315 0241 C8050000 		.4byte	.LASF50
>>>>>>> bd22d50f3383c241732a6171578cebde1d55ad66
 316 0245 03       		.byte	0x3
 317 0246 59       		.byte	0x59
 318 0247 A4000000 		.4byte	0xa4
 319 024b 40       		.byte	0x40
 320 024c 06       		.uleb128 0x6
<<<<<<< HEAD
 321 024d B2020000 		.4byte	.LASF51
=======
 321 024d E0020000 		.4byte	.LASF51
>>>>>>> bd22d50f3383c241732a6171578cebde1d55ad66
 322 0251 03       		.byte	0x3
 323 0252 5A       		.byte	0x5a
 324 0253 A4000000 		.4byte	0xa4
 325 0257 41       		.byte	0x41
 326 0258 06       		.uleb128 0x6
<<<<<<< HEAD
 327 0259 88040000 		.4byte	.LASF52
=======
 327 0259 91040000 		.4byte	.LASF52
>>>>>>> bd22d50f3383c241732a6171578cebde1d55ad66
 328 025d 03       		.byte	0x3
 329 025e 5B       		.byte	0x5b
 330 025f A4000000 		.4byte	0xa4
 331 0263 42       		.byte	0x42
 332 0264 06       		.uleb128 0x6
<<<<<<< HEAD
 333 0265 84050000 		.4byte	.LASF53
=======
 333 0265 8D050000 		.4byte	.LASF53
>>>>>>> bd22d50f3383c241732a6171578cebde1d55ad66
 334 0269 03       		.byte	0x3
 335 026a 5C       		.byte	0x5c
 336 026b A4000000 		.4byte	0xa4
 337 026f 43       		.byte	0x43
 338 0270 06       		.uleb128 0x6
<<<<<<< HEAD
 339 0271 09020000 		.4byte	.LASF54
 340 0275 03       		.byte	0x3
 341 0276 5D       		.byte	0x5d
 342 0277 A4000000 		.4byte	0xa4
ARM GAS  C:\Users\Smaug\AppData\Local\Temp\cclNbP8R.s 			page 7
=======
 339 0271 37020000 		.4byte	.LASF54
 340 0275 03       		.byte	0x3
 341 0276 5D       		.byte	0x5d
 342 0277 A4000000 		.4byte	0xa4
ARM GAS  C:\Users\Nazar\AppData\Local\Temp\ccQFerfM.s 			page 7
>>>>>>> bd22d50f3383c241732a6171578cebde1d55ad66


 343 027b 44       		.byte	0x44
 344 027c 06       		.uleb128 0x6
 345 027d 00000000 		.4byte	.LASF55
 346 0281 03       		.byte	0x3
 347 0282 5E       		.byte	0x5e
 348 0283 C5000000 		.4byte	0xc5
 349 0287 48       		.byte	0x48
 350 0288 06       		.uleb128 0x6
<<<<<<< HEAD
 351 0289 DC010000 		.4byte	.LASF56
=======
 351 0289 0A020000 		.4byte	.LASF56
>>>>>>> bd22d50f3383c241732a6171578cebde1d55ad66
 352 028d 03       		.byte	0x3
 353 028e 5F       		.byte	0x5f
 354 028f C5000000 		.4byte	0xc5
 355 0293 4C       		.byte	0x4c
 356 0294 06       		.uleb128 0x6
<<<<<<< HEAD
 357 0295 7D090000 		.4byte	.LASF57
=======
 357 0295 86090000 		.4byte	.LASF57
>>>>>>> bd22d50f3383c241732a6171578cebde1d55ad66
 358 0299 03       		.byte	0x3
 359 029a 60       		.byte	0x60
 360 029b A4000000 		.4byte	0xa4
 361 029f 50       		.byte	0x50
 362 02a0 06       		.uleb128 0x6
<<<<<<< HEAD
 363 02a1 0C010000 		.4byte	.LASF58
=======
 363 02a1 3A010000 		.4byte	.LASF58
>>>>>>> bd22d50f3383c241732a6171578cebde1d55ad66
 364 02a5 03       		.byte	0x3
 365 02a6 61       		.byte	0x61
 366 02a7 A4000000 		.4byte	0xa4
 367 02ab 51       		.byte	0x51
 368 02ac 06       		.uleb128 0x6
<<<<<<< HEAD
 369 02ad CC050000 		.4byte	.LASF59
=======
 369 02ad D5050000 		.4byte	.LASF59
>>>>>>> bd22d50f3383c241732a6171578cebde1d55ad66
 370 02b1 03       		.byte	0x3
 371 02b2 62       		.byte	0x62
 372 02b3 A4000000 		.4byte	0xa4
 373 02b7 52       		.byte	0x52
 374 02b8 06       		.uleb128 0x6
<<<<<<< HEAD
 375 02b9 3A090000 		.4byte	.LASF60
=======
 375 02b9 43090000 		.4byte	.LASF60
>>>>>>> bd22d50f3383c241732a6171578cebde1d55ad66
 376 02bd 03       		.byte	0x3
 377 02be 63       		.byte	0x63
 378 02bf A4000000 		.4byte	0xa4
 379 02c3 53       		.byte	0x53
 380 02c4 06       		.uleb128 0x6
<<<<<<< HEAD
 381 02c5 C9060000 		.4byte	.LASF61
=======
 381 02c5 D2060000 		.4byte	.LASF61
>>>>>>> bd22d50f3383c241732a6171578cebde1d55ad66
 382 02c9 03       		.byte	0x3
 383 02ca 64       		.byte	0x64
 384 02cb A4000000 		.4byte	0xa4
 385 02cf 54       		.byte	0x54
 386 02d0 06       		.uleb128 0x6
<<<<<<< HEAD
 387 02d1 1E010000 		.4byte	.LASF62
=======
 387 02d1 4C010000 		.4byte	.LASF62
>>>>>>> bd22d50f3383c241732a6171578cebde1d55ad66
 388 02d5 03       		.byte	0x3
 389 02d6 65       		.byte	0x65
 390 02d7 A4000000 		.4byte	0xa4
 391 02db 55       		.byte	0x55
 392 02dc 06       		.uleb128 0x6
<<<<<<< HEAD
 393 02dd DA070000 		.4byte	.LASF63
=======
 393 02dd E3070000 		.4byte	.LASF63
>>>>>>> bd22d50f3383c241732a6171578cebde1d55ad66
 394 02e1 03       		.byte	0x3
 395 02e2 66       		.byte	0x66
 396 02e3 A4000000 		.4byte	0xa4
 397 02e7 56       		.byte	0x56
 398 02e8 06       		.uleb128 0x6
<<<<<<< HEAD
 399 02e9 E5030000 		.4byte	.LASF64
ARM GAS  C:\Users\Smaug\AppData\Local\Temp\cclNbP8R.s 			page 8
=======
 399 02e9 EE030000 		.4byte	.LASF64
ARM GAS  C:\Users\Nazar\AppData\Local\Temp\ccQFerfM.s 			page 8
>>>>>>> bd22d50f3383c241732a6171578cebde1d55ad66


 400 02ed 03       		.byte	0x3
 401 02ee 67       		.byte	0x67
 402 02ef A4000000 		.4byte	0xa4
 403 02f3 57       		.byte	0x57
 404 02f4 06       		.uleb128 0x6
 405 02f5 12000000 		.4byte	.LASF65
 406 02f9 03       		.byte	0x3
 407 02fa 68       		.byte	0x68
 408 02fb A4000000 		.4byte	0xa4
 409 02ff 58       		.byte	0x58
 410 0300 06       		.uleb128 0x6
<<<<<<< HEAD
 411 0301 89060000 		.4byte	.LASF66
=======
 411 0301 92060000 		.4byte	.LASF66
>>>>>>> bd22d50f3383c241732a6171578cebde1d55ad66
 412 0305 03       		.byte	0x3
 413 0306 69       		.byte	0x69
 414 0307 A4000000 		.4byte	0xa4
 415 030b 59       		.byte	0x59
 416 030c 06       		.uleb128 0x6
<<<<<<< HEAD
 417 030d 13050000 		.4byte	.LASF67
=======
 417 030d 1C050000 		.4byte	.LASF67
>>>>>>> bd22d50f3383c241732a6171578cebde1d55ad66
 418 0311 03       		.byte	0x3
 419 0312 6E       		.byte	0x6e
 420 0313 BA000000 		.4byte	0xba
 421 0317 5A       		.byte	0x5a
 422 0318 06       		.uleb128 0x6
<<<<<<< HEAD
 423 0319 01080000 		.4byte	.LASF68
=======
 423 0319 0A080000 		.4byte	.LASF68
>>>>>>> bd22d50f3383c241732a6171578cebde1d55ad66
 424 031d 03       		.byte	0x3
 425 031e 6F       		.byte	0x6f
 426 031f BA000000 		.4byte	0xba
 427 0323 5C       		.byte	0x5c
 428 0324 06       		.uleb128 0x6
<<<<<<< HEAD
 429 0325 C0000000 		.4byte	.LASF69
=======
 429 0325 E2000000 		.4byte	.LASF69
>>>>>>> bd22d50f3383c241732a6171578cebde1d55ad66
 430 0329 03       		.byte	0x3
 431 032a 70       		.byte	0x70
 432 032b A4000000 		.4byte	0xa4
 433 032f 5E       		.byte	0x5e
 434 0330 06       		.uleb128 0x6
<<<<<<< HEAD
 435 0331 2D060000 		.4byte	.LASF70
=======
 435 0331 36060000 		.4byte	.LASF70
>>>>>>> bd22d50f3383c241732a6171578cebde1d55ad66
 436 0335 03       		.byte	0x3
 437 0336 71       		.byte	0x71
 438 0337 A4000000 		.4byte	0xa4
 439 033b 5F       		.byte	0x5f
 440 033c 06       		.uleb128 0x6
<<<<<<< HEAD
 441 033d 73050000 		.4byte	.LASF71
=======
 441 033d 7C050000 		.4byte	.LASF71
>>>>>>> bd22d50f3383c241732a6171578cebde1d55ad66
 442 0341 03       		.byte	0x3
 443 0342 72       		.byte	0x72
 444 0343 A4000000 		.4byte	0xa4
 445 0347 60       		.byte	0x60
 446 0348 06       		.uleb128 0x6
<<<<<<< HEAD
 447 0349 06060000 		.4byte	.LASF72
=======
 447 0349 0F060000 		.4byte	.LASF72
>>>>>>> bd22d50f3383c241732a6171578cebde1d55ad66
 448 034d 03       		.byte	0x3
 449 034e 73       		.byte	0x73
 450 034f C5000000 		.4byte	0xc5
 451 0353 64       		.byte	0x64
 452 0354 06       		.uleb128 0x6
<<<<<<< HEAD
 453 0355 E6000000 		.4byte	.LASF73
 454 0359 03       		.byte	0x3
 455 035a 76       		.byte	0x76
 456 035b BA000000 		.4byte	0xba
ARM GAS  C:\Users\Smaug\AppData\Local\Temp\cclNbP8R.s 			page 9
=======
 453 0355 14010000 		.4byte	.LASF73
 454 0359 03       		.byte	0x3
 455 035a 76       		.byte	0x76
 456 035b BA000000 		.4byte	0xba
ARM GAS  C:\Users\Nazar\AppData\Local\Temp\ccQFerfM.s 			page 9
>>>>>>> bd22d50f3383c241732a6171578cebde1d55ad66


 457 035f 68       		.byte	0x68
 458 0360 06       		.uleb128 0x6
<<<<<<< HEAD
 459 0361 AD030000 		.4byte	.LASF74
=======
 459 0361 B6030000 		.4byte	.LASF74
>>>>>>> bd22d50f3383c241732a6171578cebde1d55ad66
 460 0365 03       		.byte	0x3
 461 0366 77       		.byte	0x77
 462 0367 BA000000 		.4byte	0xba
 463 036b 6A       		.byte	0x6a
 464 036c 06       		.uleb128 0x6
<<<<<<< HEAD
 465 036d F9030000 		.4byte	.LASF75
=======
 465 036d 02040000 		.4byte	.LASF75
>>>>>>> bd22d50f3383c241732a6171578cebde1d55ad66
 466 0371 03       		.byte	0x3
 467 0372 78       		.byte	0x78
 468 0373 BA000000 		.4byte	0xba
 469 0377 6C       		.byte	0x6c
 470 0378 06       		.uleb128 0x6
<<<<<<< HEAD
 471 0379 5F040000 		.4byte	.LASF76
=======
 471 0379 68040000 		.4byte	.LASF76
>>>>>>> bd22d50f3383c241732a6171578cebde1d55ad66
 472 037d 03       		.byte	0x3
 473 037e 79       		.byte	0x79
 474 037f BA000000 		.4byte	0xba
 475 0383 6E       		.byte	0x6e
 476 0384 06       		.uleb128 0x6
<<<<<<< HEAD
 477 0385 A7060000 		.4byte	.LASF77
=======
 477 0385 B0060000 		.4byte	.LASF77
>>>>>>> bd22d50f3383c241732a6171578cebde1d55ad66
 478 0389 03       		.byte	0x3
 479 038a 7B       		.byte	0x7b
 480 038b A4000000 		.4byte	0xa4
 481 038f 70       		.byte	0x70
 482 0390 06       		.uleb128 0x6
<<<<<<< HEAD
 483 0391 54010000 		.4byte	.LASF78
=======
 483 0391 82010000 		.4byte	.LASF78
>>>>>>> bd22d50f3383c241732a6171578cebde1d55ad66
 484 0395 03       		.byte	0x3
 485 0396 7C       		.byte	0x7c
 486 0397 A4000000 		.4byte	0xa4
 487 039b 71       		.byte	0x71
 488 039c 06       		.uleb128 0x6
<<<<<<< HEAD
 489 039d 24090000 		.4byte	.LASF79
=======
 489 039d 2D090000 		.4byte	.LASF79
>>>>>>> bd22d50f3383c241732a6171578cebde1d55ad66
 490 03a1 03       		.byte	0x3
 491 03a2 7D       		.byte	0x7d
 492 03a3 A4000000 		.4byte	0xa4
 493 03a7 72       		.byte	0x72
 494 03a8 06       		.uleb128 0x6
<<<<<<< HEAD
 495 03a9 4E050000 		.4byte	.LASF80
=======
 495 03a9 57050000 		.4byte	.LASF80
>>>>>>> bd22d50f3383c241732a6171578cebde1d55ad66
 496 03ad 03       		.byte	0x3
 497 03ae 7E       		.byte	0x7e
 498 03af A4000000 		.4byte	0xa4
 499 03b3 73       		.byte	0x73
 500 03b4 06       		.uleb128 0x6
<<<<<<< HEAD
 501 03b5 4C020000 		.4byte	.LASF81
=======
 501 03b5 7A020000 		.4byte	.LASF81
>>>>>>> bd22d50f3383c241732a6171578cebde1d55ad66
 502 03b9 03       		.byte	0x3
 503 03ba 80       		.byte	0x80
 504 03bb BA000000 		.4byte	0xba
 505 03bf 74       		.byte	0x74
 506 03c0 06       		.uleb128 0x6
<<<<<<< HEAD
 507 03c1 AA070000 		.4byte	.LASF82
=======
 507 03c1 B3070000 		.4byte	.LASF82
>>>>>>> bd22d50f3383c241732a6171578cebde1d55ad66
 508 03c5 03       		.byte	0x3
 509 03c6 81       		.byte	0x81
 510 03c7 BA000000 		.4byte	0xba
 511 03cb 76       		.byte	0x76
 512 03cc 06       		.uleb128 0x6
<<<<<<< HEAD
 513 03cd 2C020000 		.4byte	.LASF83
ARM GAS  C:\Users\Smaug\AppData\Local\Temp\cclNbP8R.s 			page 10
=======
 513 03cd 5A020000 		.4byte	.LASF83
ARM GAS  C:\Users\Nazar\AppData\Local\Temp\ccQFerfM.s 			page 10
>>>>>>> bd22d50f3383c241732a6171578cebde1d55ad66


 514 03d1 03       		.byte	0x3
 515 03d2 82       		.byte	0x82
 516 03d3 BA000000 		.4byte	0xba
 517 03d7 78       		.byte	0x78
 518 03d8 06       		.uleb128 0x6
<<<<<<< HEAD
 519 03d9 88000000 		.4byte	.LASF84
=======
 519 03d9 AA000000 		.4byte	.LASF84
>>>>>>> bd22d50f3383c241732a6171578cebde1d55ad66
 520 03dd 03       		.byte	0x3
 521 03de 83       		.byte	0x83
 522 03df BA000000 		.4byte	0xba
 523 03e3 7A       		.byte	0x7a
 524 03e4 06       		.uleb128 0x6
<<<<<<< HEAD
 525 03e5 CF080000 		.4byte	.LASF85
=======
 525 03e5 D8080000 		.4byte	.LASF85
>>>>>>> bd22d50f3383c241732a6171578cebde1d55ad66
 526 03e9 03       		.byte	0x3
 527 03ea 86       		.byte	0x86
 528 03eb A4000000 		.4byte	0xa4
 529 03ef 7C       		.byte	0x7c
 530 03f0 06       		.uleb128 0x6
<<<<<<< HEAD
 531 03f1 25080000 		.4byte	.LASF86
=======
 531 03f1 2E080000 		.4byte	.LASF86
>>>>>>> bd22d50f3383c241732a6171578cebde1d55ad66
 532 03f5 03       		.byte	0x3
 533 03f6 87       		.byte	0x87
 534 03f7 A4000000 		.4byte	0xa4
 535 03fb 7D       		.byte	0x7d
 536 03fc 06       		.uleb128 0x6
 537 03fd 26000000 		.4byte	.LASF87
 538 0401 03       		.byte	0x3
 539 0402 88       		.byte	0x88
 540 0403 A4000000 		.4byte	0xa4
 541 0407 7E       		.byte	0x7e
 542 0408 06       		.uleb128 0x6
<<<<<<< HEAD
 543 0409 88020000 		.4byte	.LASF88
=======
 543 0409 B6020000 		.4byte	.LASF88
>>>>>>> bd22d50f3383c241732a6171578cebde1d55ad66
 544 040d 03       		.byte	0x3
 545 040e 89       		.byte	0x89
 546 040f A4000000 		.4byte	0xa4
 547 0413 7F       		.byte	0x7f
 548 0414 06       		.uleb128 0x6
<<<<<<< HEAD
 549 0415 0B030000 		.4byte	.LASF89
=======
 549 0415 39030000 		.4byte	.LASF89
>>>>>>> bd22d50f3383c241732a6171578cebde1d55ad66
 550 0419 03       		.byte	0x3
 551 041a 8A       		.byte	0x8a
 552 041b A4000000 		.4byte	0xa4
 553 041f 80       		.byte	0x80
 554 0420 06       		.uleb128 0x6
<<<<<<< HEAD
 555 0421 BF040000 		.4byte	.LASF90
=======
 555 0421 C8040000 		.4byte	.LASF90
>>>>>>> bd22d50f3383c241732a6171578cebde1d55ad66
 556 0425 03       		.byte	0x3
 557 0426 8D       		.byte	0x8d
 558 0427 C5000000 		.4byte	0xc5
 559 042b 84       		.byte	0x84
 560 042c 06       		.uleb128 0x6
<<<<<<< HEAD
 561 042d C5010000 		.4byte	.LASF91
=======
 561 042d F3010000 		.4byte	.LASF91
>>>>>>> bd22d50f3383c241732a6171578cebde1d55ad66
 562 0431 03       		.byte	0x3
 563 0432 8E       		.byte	0x8e
 564 0433 C5000000 		.4byte	0xc5
 565 0437 88       		.byte	0x88
 566 0438 06       		.uleb128 0x6
<<<<<<< HEAD
 567 0439 BA080000 		.4byte	.LASF92
 568 043d 03       		.byte	0x3
 569 043e 8F       		.byte	0x8f
 570 043f C5000000 		.4byte	0xc5
ARM GAS  C:\Users\Smaug\AppData\Local\Temp\cclNbP8R.s 			page 11
=======
 567 0439 C3080000 		.4byte	.LASF92
 568 043d 03       		.byte	0x3
 569 043e 8F       		.byte	0x8f
 570 043f C5000000 		.4byte	0xc5
ARM GAS  C:\Users\Nazar\AppData\Local\Temp\ccQFerfM.s 			page 11
>>>>>>> bd22d50f3383c241732a6171578cebde1d55ad66


 571 0443 8C       		.byte	0x8c
 572 0444 06       		.uleb128 0x6
<<<<<<< HEAD
 573 0445 F5040000 		.4byte	.LASF93
=======
 573 0445 FE040000 		.4byte	.LASF93
>>>>>>> bd22d50f3383c241732a6171578cebde1d55ad66
 574 0449 03       		.byte	0x3
 575 044a 90       		.byte	0x90
 576 044b C5000000 		.4byte	0xc5
 577 044f 90       		.byte	0x90
 578 0450 06       		.uleb128 0x6
<<<<<<< HEAD
 579 0451 CC020000 		.4byte	.LASF94
=======
 579 0451 FA020000 		.4byte	.LASF94
>>>>>>> bd22d50f3383c241732a6171578cebde1d55ad66
 580 0455 03       		.byte	0x3
 581 0456 91       		.byte	0x91
 582 0457 C5000000 		.4byte	0xc5
 583 045b 94       		.byte	0x94
 584 045c 06       		.uleb128 0x6
<<<<<<< HEAD
 585 045d A9040000 		.4byte	.LASF95
=======
 585 045d B2040000 		.4byte	.LASF95
>>>>>>> bd22d50f3383c241732a6171578cebde1d55ad66
 586 0461 03       		.byte	0x3
 587 0462 92       		.byte	0x92
 588 0463 C5000000 		.4byte	0xc5
 589 0467 98       		.byte	0x98
 590 0468 06       		.uleb128 0x6
<<<<<<< HEAD
 591 0469 E4080000 		.4byte	.LASF96
=======
 591 0469 ED080000 		.4byte	.LASF96
>>>>>>> bd22d50f3383c241732a6171578cebde1d55ad66
 592 046d 03       		.byte	0x3
 593 046e 93       		.byte	0x93
 594 046f C5000000 		.4byte	0xc5
 595 0473 9C       		.byte	0x9c
 596 0474 06       		.uleb128 0x6
<<<<<<< HEAD
 597 0475 F6000000 		.4byte	.LASF97
=======
 597 0475 24010000 		.4byte	.LASF97
>>>>>>> bd22d50f3383c241732a6171578cebde1d55ad66
 598 0479 03       		.byte	0x3
 599 047a 94       		.byte	0x94
 600 047b C5000000 		.4byte	0xc5
 601 047f A0       		.byte	0xa0
 602 0480 06       		.uleb128 0x6
<<<<<<< HEAD
 603 0481 7D010000 		.4byte	.LASF98
=======
 603 0481 AB010000 		.4byte	.LASF98
>>>>>>> bd22d50f3383c241732a6171578cebde1d55ad66
 604 0485 03       		.byte	0x3
 605 0486 95       		.byte	0x95
 606 0487 BA000000 		.4byte	0xba
 607 048b A4       		.byte	0xa4
 608 048c 06       		.uleb128 0x6
<<<<<<< HEAD
 609 048d 94040000 		.4byte	.LASF99
=======
 609 048d 9D040000 		.4byte	.LASF99
>>>>>>> bd22d50f3383c241732a6171578cebde1d55ad66
 610 0491 03       		.byte	0x3
 611 0492 96       		.byte	0x96
 612 0493 BA000000 		.4byte	0xba
 613 0497 A6       		.byte	0xa6
 614 0498 06       		.uleb128 0x6
<<<<<<< HEAD
 615 0499 21060000 		.4byte	.LASF100
=======
 615 0499 2A060000 		.4byte	.LASF100
>>>>>>> bd22d50f3383c241732a6171578cebde1d55ad66
 616 049d 03       		.byte	0x3
 617 049e 97       		.byte	0x97
 618 049f BA000000 		.4byte	0xba
 619 04a3 A8       		.byte	0xa8
 620 04a4 06       		.uleb128 0x6
<<<<<<< HEAD
 621 04a5 91070000 		.4byte	.LASF101
=======
 621 04a5 9A070000 		.4byte	.LASF101
>>>>>>> bd22d50f3383c241732a6171578cebde1d55ad66
 622 04a9 03       		.byte	0x3
 623 04aa 98       		.byte	0x98
 624 04ab BA000000 		.4byte	0xba
 625 04af AA       		.byte	0xaa
 626 04b0 06       		.uleb128 0x6
<<<<<<< HEAD
 627 04b1 08040000 		.4byte	.LASF102
ARM GAS  C:\Users\Smaug\AppData\Local\Temp\cclNbP8R.s 			page 12
=======
 627 04b1 11040000 		.4byte	.LASF102
ARM GAS  C:\Users\Nazar\AppData\Local\Temp\ccQFerfM.s 			page 12
>>>>>>> bd22d50f3383c241732a6171578cebde1d55ad66


 628 04b5 03       		.byte	0x3
 629 04b6 99       		.byte	0x99
 630 04b7 BA000000 		.4byte	0xba
 631 04bb AC       		.byte	0xac
 632 04bc 06       		.uleb128 0x6
<<<<<<< HEAD
 633 04bd 65050000 		.4byte	.LASF103
=======
 633 04bd 6E050000 		.4byte	.LASF103
>>>>>>> bd22d50f3383c241732a6171578cebde1d55ad66
 634 04c1 03       		.byte	0x3
 635 04c2 9A       		.byte	0x9a
 636 04c3 BA000000 		.4byte	0xba
 637 04c7 AE       		.byte	0xae
 638 04c8 06       		.uleb128 0x6
<<<<<<< HEAD
 639 04c9 0A080000 		.4byte	.LASF104
=======
 639 04c9 13080000 		.4byte	.LASF104
>>>>>>> bd22d50f3383c241732a6171578cebde1d55ad66
 640 04cd 03       		.byte	0x3
 641 04ce 9D       		.byte	0x9d
 642 04cf BA000000 		.4byte	0xba
 643 04d3 B0       		.byte	0xb0
 644 04d4 06       		.uleb128 0x6
 645 04d5 39000000 		.4byte	.LASF105
 646 04d9 03       		.byte	0x3
 647 04da 9E       		.byte	0x9e
 648 04db C5000000 		.4byte	0xc5
 649 04df B4       		.byte	0xb4
 650 04e0 00       		.byte	0
 651 04e1 04       		.uleb128 0x4
<<<<<<< HEAD
 652 04e2 78040000 		.4byte	.LASF106
=======
 652 04e2 81040000 		.4byte	.LASF106
>>>>>>> bd22d50f3383c241732a6171578cebde1d55ad66
 653 04e6 03       		.byte	0x3
 654 04e7 9F       		.byte	0x9f
 655 04e8 D0000000 		.4byte	0xd0
 656 04ec 03       		.uleb128 0x3
 657 04ed 04       		.byte	0x4
 658 04ee 04       		.byte	0x4
<<<<<<< HEAD
 659 04ef 00060000 		.4byte	.LASF107
 660 04f3 03       		.uleb128 0x3
 661 04f4 08       		.byte	0x8
 662 04f5 04       		.byte	0x4
 663 04f6 25020000 		.4byte	.LASF108
=======
 659 04ef 09060000 		.4byte	.LASF107
 660 04f3 03       		.uleb128 0x3
 661 04f4 08       		.byte	0x8
 662 04f5 04       		.byte	0x4
 663 04f6 53020000 		.4byte	.LASF108
>>>>>>> bd22d50f3383c241732a6171578cebde1d55ad66
 664 04fa 07       		.uleb128 0x7
 665 04fb 02       		.byte	0x2
 666 04fc 04       		.byte	0x4
 667 04fd 6401     		.2byte	0x164
 668 04ff 1E050000 		.4byte	0x51e
 669 0503 08       		.uleb128 0x8
<<<<<<< HEAD
 670 0504 FA080000 		.4byte	.LASF109
=======
 670 0504 03090000 		.4byte	.LASF109
>>>>>>> bd22d50f3383c241732a6171578cebde1d55ad66
 671 0508 04       		.byte	0x4
 672 0509 6E01     		.2byte	0x16e
 673 050b A4000000 		.4byte	0xa4
 674 050f 00       		.byte	0
 675 0510 08       		.uleb128 0x8
<<<<<<< HEAD
 676 0511 D6040000 		.4byte	.LASF110
=======
 676 0511 DF040000 		.4byte	.LASF110
>>>>>>> bd22d50f3383c241732a6171578cebde1d55ad66
 677 0515 04       		.byte	0x4
 678 0516 7201     		.2byte	0x172
 679 0518 A4000000 		.4byte	0xa4
 680 051c 01       		.byte	0x1
 681 051d 00       		.byte	0
 682 051e 09       		.uleb128 0x9
<<<<<<< HEAD
 683 051f 9D000000 		.4byte	.LASF111
 684 0523 04       		.byte	0x4
ARM GAS  C:\Users\Smaug\AppData\Local\Temp\cclNbP8R.s 			page 13
=======
 683 051f BF000000 		.4byte	.LASF111
 684 0523 04       		.byte	0x4
ARM GAS  C:\Users\Nazar\AppData\Local\Temp\ccQFerfM.s 			page 13
>>>>>>> bd22d50f3383c241732a6171578cebde1d55ad66


 685 0524 7401     		.2byte	0x174
 686 0526 FA040000 		.4byte	0x4fa
 687 052a 0A       		.uleb128 0xa
 688 052b 01       		.byte	0x1
 689 052c 4B000000 		.4byte	0x4b
 690 0530 05       		.byte	0x5
 691 0531 7E       		.byte	0x7e
 692 0532 4F050000 		.4byte	0x54f
 693 0536 0B       		.uleb128 0xb
<<<<<<< HEAD
 694 0537 99080000 		.4byte	.LASF112
 695 053b 00       		.byte	0
 696 053c 0B       		.uleb128 0xb
 697 053d 2F050000 		.4byte	.LASF113
 698 0541 01       		.byte	0x1
 699 0542 0B       		.uleb128 0xb
 700 0543 7C080000 		.4byte	.LASF114
 701 0547 02       		.byte	0x2
 702 0548 0B       		.uleb128 0xb
 703 0549 92010000 		.4byte	.LASF115
 704 054d 03       		.byte	0x3
 705 054e 00       		.byte	0
 706 054f 04       		.uleb128 0x4
 707 0550 EA010000 		.4byte	.LASF116
=======
 694 0537 A2080000 		.4byte	.LASF112
 695 053b 00       		.byte	0
 696 053c 0B       		.uleb128 0xb
 697 053d 38050000 		.4byte	.LASF113
 698 0541 01       		.byte	0x1
 699 0542 0B       		.uleb128 0xb
 700 0543 85080000 		.4byte	.LASF114
 701 0547 02       		.byte	0x2
 702 0548 0B       		.uleb128 0xb
 703 0549 C0010000 		.4byte	.LASF115
 704 054d 03       		.byte	0x3
 705 054e 00       		.byte	0
 706 054f 04       		.uleb128 0x4
 707 0550 18020000 		.4byte	.LASF116
>>>>>>> bd22d50f3383c241732a6171578cebde1d55ad66
 708 0554 05       		.byte	0x5
 709 0555 83       		.byte	0x83
 710 0556 2A050000 		.4byte	0x52a
 711 055a 0A       		.uleb128 0xa
 712 055b 01       		.byte	0x1
 713 055c 4B000000 		.4byte	0x4b
 714 0560 05       		.byte	0x5
 715 0561 87       		.byte	0x87
 716 0562 97050000 		.4byte	0x597
 717 0566 0B       		.uleb128 0xb
<<<<<<< HEAD
 718 0567 36080000 		.4byte	.LASF117
 719 056b 00       		.byte	0
 720 056c 0B       		.uleb128 0xb
 721 056d 4C090000 		.4byte	.LASF118
 722 0571 01       		.byte	0x1
 723 0572 0B       		.uleb128 0xb
 724 0573 38030000 		.4byte	.LASF119
 725 0577 02       		.byte	0x2
 726 0578 0B       		.uleb128 0xb
 727 0579 E1020000 		.4byte	.LASF120
 728 057d 03       		.byte	0x3
 729 057e 0B       		.uleb128 0xb
 730 057f 5E020000 		.4byte	.LASF121
 731 0583 04       		.byte	0x4
 732 0584 0B       		.uleb128 0xb
 733 0585 4B060000 		.4byte	.LASF122
 734 0589 05       		.byte	0x5
 735 058a 0B       		.uleb128 0xb
 736 058b 54030000 		.4byte	.LASF123
 737 058f 06       		.byte	0x6
 738 0590 0B       		.uleb128 0xb
 739 0591 DC050000 		.4byte	.LASF124
 740 0595 07       		.byte	0x7
 741 0596 00       		.byte	0
ARM GAS  C:\Users\Smaug\AppData\Local\Temp\cclNbP8R.s 			page 14


 742 0597 04       		.uleb128 0x4
 743 0598 8F050000 		.4byte	.LASF125
=======
 718 0567 3F080000 		.4byte	.LASF117
 719 056b 00       		.byte	0
 720 056c 0B       		.uleb128 0xb
 721 056d 55090000 		.4byte	.LASF118
 722 0571 01       		.byte	0x1
 723 0572 0B       		.uleb128 0xb
 724 0573 66030000 		.4byte	.LASF119
 725 0577 02       		.byte	0x2
 726 0578 0B       		.uleb128 0xb
 727 0579 0F030000 		.4byte	.LASF120
 728 057d 03       		.byte	0x3
 729 057e 0B       		.uleb128 0xb
 730 057f 8C020000 		.4byte	.LASF121
 731 0583 04       		.byte	0x4
 732 0584 0B       		.uleb128 0xb
 733 0585 54060000 		.4byte	.LASF122
 734 0589 05       		.byte	0x5
 735 058a 0B       		.uleb128 0xb
 736 058b 82030000 		.4byte	.LASF123
 737 058f 06       		.byte	0x6
 738 0590 0B       		.uleb128 0xb
 739 0591 E5050000 		.4byte	.LASF124
 740 0595 07       		.byte	0x7
 741 0596 00       		.byte	0
ARM GAS  C:\Users\Nazar\AppData\Local\Temp\ccQFerfM.s 			page 14


 742 0597 04       		.uleb128 0x4
 743 0598 98050000 		.4byte	.LASF125
>>>>>>> bd22d50f3383c241732a6171578cebde1d55ad66
 744 059c 05       		.byte	0x5
 745 059d 90       		.byte	0x90
 746 059e 5A050000 		.4byte	0x55a
 747 05a2 03       		.uleb128 0x3
 748 05a3 01       		.byte	0x1
 749 05a4 02       		.byte	0x2
<<<<<<< HEAD
 750 05a5 75060000 		.4byte	.LASF126
 751 05a9 0C       		.uleb128 0xc
 752 05aa 17060000 		.4byte	.LASF127
=======
 750 05a5 7E060000 		.4byte	.LASF126
 751 05a9 0C       		.uleb128 0xc
 752 05aa 20060000 		.4byte	.LASF127
>>>>>>> bd22d50f3383c241732a6171578cebde1d55ad66
 753 05ae 03       		.byte	0x3
 754 05af A7       		.byte	0xa7
 755 05b0 B4050000 		.4byte	0x5b4
 756 05b4 0D       		.uleb128 0xd
 757 05b5 04       		.byte	0x4
 758 05b6 BA050000 		.4byte	0x5ba
 759 05ba 0E       		.uleb128 0xe
 760 05bb E1040000 		.4byte	0x4e1
 761 05bf 0F       		.uleb128 0xf
<<<<<<< HEAD
 762 05c0 BD070000 		.4byte	.LASF128
=======
 762 05c0 C6070000 		.4byte	.LASF128
>>>>>>> bd22d50f3383c241732a6171578cebde1d55ad66
 763 05c4 05       		.byte	0x5
 764 05c5 2202     		.2byte	0x222
 765 05c7 4F050000 		.4byte	0x54f
 766 05cb 10       		.uleb128 0x10
 767 05cc 1E050000 		.4byte	0x51e
 768 05d0 DB050000 		.4byte	0x5db
 769 05d4 11       		.uleb128 0x11
 770 05d5 96000000 		.4byte	0x96
 771 05d9 00       		.byte	0
 772 05da 00       		.byte	0
 773 05db 0F       		.uleb128 0xf
<<<<<<< HEAD
 774 05dc 55080000 		.4byte	.LASF129
=======
 774 05dc 5E080000 		.4byte	.LASF129
>>>>>>> bd22d50f3383c241732a6171578cebde1d55ad66
 775 05e0 05       		.byte	0x5
 776 05e1 2C02     		.2byte	0x22c
 777 05e3 CB050000 		.4byte	0x5cb
 778 05e7 10       		.uleb128 0x10
 779 05e8 97050000 		.4byte	0x597
 780 05ec F7050000 		.4byte	0x5f7
 781 05f0 11       		.uleb128 0x11
 782 05f1 96000000 		.4byte	0x96
 783 05f5 00       		.byte	0
 784 05f6 00       		.byte	0
 785 05f7 0F       		.uleb128 0xf
<<<<<<< HEAD
 786 05f8 16040000 		.4byte	.LASF130
=======
 786 05f8 1F040000 		.4byte	.LASF130
>>>>>>> bd22d50f3383c241732a6171578cebde1d55ad66
 787 05fc 05       		.byte	0x5
 788 05fd 2D02     		.2byte	0x22d
 789 05ff E7050000 		.4byte	0x5e7
 790 0603 00       		.byte	0
 791              		.section	.debug_abbrev,"",%progbits
 792              	.Ldebug_abbrev0:
 793 0000 01       		.uleb128 0x1
 794 0001 11       		.uleb128 0x11
 795 0002 01       		.byte	0x1
 796 0003 25       		.uleb128 0x25
 797 0004 0E       		.uleb128 0xe
 798 0005 13       		.uleb128 0x13
<<<<<<< HEAD
ARM GAS  C:\Users\Smaug\AppData\Local\Temp\cclNbP8R.s 			page 15
=======
ARM GAS  C:\Users\Nazar\AppData\Local\Temp\ccQFerfM.s 			page 15
>>>>>>> bd22d50f3383c241732a6171578cebde1d55ad66


 799 0006 0B       		.uleb128 0xb
 800 0007 03       		.uleb128 0x3
 801 0008 0E       		.uleb128 0xe
 802 0009 1B       		.uleb128 0x1b
 803 000a 0E       		.uleb128 0xe
 804 000b 10       		.uleb128 0x10
 805 000c 17       		.uleb128 0x17
 806 000d 00       		.byte	0
 807 000e 00       		.byte	0
 808 000f 02       		.uleb128 0x2
 809 0010 24       		.uleb128 0x24
 810 0011 00       		.byte	0
 811 0012 0B       		.uleb128 0xb
 812 0013 0B       		.uleb128 0xb
 813 0014 3E       		.uleb128 0x3e
 814 0015 0B       		.uleb128 0xb
 815 0016 03       		.uleb128 0x3
 816 0017 08       		.uleb128 0x8
 817 0018 00       		.byte	0
 818 0019 00       		.byte	0
 819 001a 03       		.uleb128 0x3
 820 001b 24       		.uleb128 0x24
 821 001c 00       		.byte	0
 822 001d 0B       		.uleb128 0xb
 823 001e 0B       		.uleb128 0xb
 824 001f 3E       		.uleb128 0x3e
 825 0020 0B       		.uleb128 0xb
 826 0021 03       		.uleb128 0x3
 827 0022 0E       		.uleb128 0xe
 828 0023 00       		.byte	0
 829 0024 00       		.byte	0
 830 0025 04       		.uleb128 0x4
 831 0026 16       		.uleb128 0x16
 832 0027 00       		.byte	0
 833 0028 03       		.uleb128 0x3
 834 0029 0E       		.uleb128 0xe
 835 002a 3A       		.uleb128 0x3a
 836 002b 0B       		.uleb128 0xb
 837 002c 3B       		.uleb128 0x3b
 838 002d 0B       		.uleb128 0xb
 839 002e 49       		.uleb128 0x49
 840 002f 13       		.uleb128 0x13
 841 0030 00       		.byte	0
 842 0031 00       		.byte	0
 843 0032 05       		.uleb128 0x5
 844 0033 13       		.uleb128 0x13
 845 0034 01       		.byte	0x1
 846 0035 0B       		.uleb128 0xb
 847 0036 0B       		.uleb128 0xb
 848 0037 3A       		.uleb128 0x3a
 849 0038 0B       		.uleb128 0xb
 850 0039 3B       		.uleb128 0x3b
 851 003a 0B       		.uleb128 0xb
 852 003b 01       		.uleb128 0x1
 853 003c 13       		.uleb128 0x13
 854 003d 00       		.byte	0
 855 003e 00       		.byte	0
<<<<<<< HEAD
ARM GAS  C:\Users\Smaug\AppData\Local\Temp\cclNbP8R.s 			page 16
=======
ARM GAS  C:\Users\Nazar\AppData\Local\Temp\ccQFerfM.s 			page 16
>>>>>>> bd22d50f3383c241732a6171578cebde1d55ad66


 856 003f 06       		.uleb128 0x6
 857 0040 0D       		.uleb128 0xd
 858 0041 00       		.byte	0
 859 0042 03       		.uleb128 0x3
 860 0043 0E       		.uleb128 0xe
 861 0044 3A       		.uleb128 0x3a
 862 0045 0B       		.uleb128 0xb
 863 0046 3B       		.uleb128 0x3b
 864 0047 0B       		.uleb128 0xb
 865 0048 49       		.uleb128 0x49
 866 0049 13       		.uleb128 0x13
 867 004a 38       		.uleb128 0x38
 868 004b 0B       		.uleb128 0xb
 869 004c 00       		.byte	0
 870 004d 00       		.byte	0
 871 004e 07       		.uleb128 0x7
 872 004f 13       		.uleb128 0x13
 873 0050 01       		.byte	0x1
 874 0051 0B       		.uleb128 0xb
 875 0052 0B       		.uleb128 0xb
 876 0053 3A       		.uleb128 0x3a
 877 0054 0B       		.uleb128 0xb
 878 0055 3B       		.uleb128 0x3b
 879 0056 05       		.uleb128 0x5
 880 0057 01       		.uleb128 0x1
 881 0058 13       		.uleb128 0x13
 882 0059 00       		.byte	0
 883 005a 00       		.byte	0
 884 005b 08       		.uleb128 0x8
 885 005c 0D       		.uleb128 0xd
 886 005d 00       		.byte	0
 887 005e 03       		.uleb128 0x3
 888 005f 0E       		.uleb128 0xe
 889 0060 3A       		.uleb128 0x3a
 890 0061 0B       		.uleb128 0xb
 891 0062 3B       		.uleb128 0x3b
 892 0063 05       		.uleb128 0x5
 893 0064 49       		.uleb128 0x49
 894 0065 13       		.uleb128 0x13
 895 0066 38       		.uleb128 0x38
 896 0067 0B       		.uleb128 0xb
 897 0068 00       		.byte	0
 898 0069 00       		.byte	0
 899 006a 09       		.uleb128 0x9
 900 006b 16       		.uleb128 0x16
 901 006c 00       		.byte	0
 902 006d 03       		.uleb128 0x3
 903 006e 0E       		.uleb128 0xe
 904 006f 3A       		.uleb128 0x3a
 905 0070 0B       		.uleb128 0xb
 906 0071 3B       		.uleb128 0x3b
 907 0072 05       		.uleb128 0x5
 908 0073 49       		.uleb128 0x49
 909 0074 13       		.uleb128 0x13
 910 0075 00       		.byte	0
 911 0076 00       		.byte	0
 912 0077 0A       		.uleb128 0xa
<<<<<<< HEAD
ARM GAS  C:\Users\Smaug\AppData\Local\Temp\cclNbP8R.s 			page 17
=======
ARM GAS  C:\Users\Nazar\AppData\Local\Temp\ccQFerfM.s 			page 17
>>>>>>> bd22d50f3383c241732a6171578cebde1d55ad66


 913 0078 04       		.uleb128 0x4
 914 0079 01       		.byte	0x1
 915 007a 0B       		.uleb128 0xb
 916 007b 0B       		.uleb128 0xb
 917 007c 49       		.uleb128 0x49
 918 007d 13       		.uleb128 0x13
 919 007e 3A       		.uleb128 0x3a
 920 007f 0B       		.uleb128 0xb
 921 0080 3B       		.uleb128 0x3b
 922 0081 0B       		.uleb128 0xb
 923 0082 01       		.uleb128 0x1
 924 0083 13       		.uleb128 0x13
 925 0084 00       		.byte	0
 926 0085 00       		.byte	0
 927 0086 0B       		.uleb128 0xb
 928 0087 28       		.uleb128 0x28
 929 0088 00       		.byte	0
 930 0089 03       		.uleb128 0x3
 931 008a 0E       		.uleb128 0xe
 932 008b 1C       		.uleb128 0x1c
 933 008c 0B       		.uleb128 0xb
 934 008d 00       		.byte	0
 935 008e 00       		.byte	0
 936 008f 0C       		.uleb128 0xc
 937 0090 34       		.uleb128 0x34
 938 0091 00       		.byte	0
 939 0092 03       		.uleb128 0x3
 940 0093 0E       		.uleb128 0xe
 941 0094 3A       		.uleb128 0x3a
 942 0095 0B       		.uleb128 0xb
 943 0096 3B       		.uleb128 0x3b
 944 0097 0B       		.uleb128 0xb
 945 0098 49       		.uleb128 0x49
 946 0099 13       		.uleb128 0x13
 947 009a 3F       		.uleb128 0x3f
 948 009b 19       		.uleb128 0x19
 949 009c 3C       		.uleb128 0x3c
 950 009d 19       		.uleb128 0x19
 951 009e 00       		.byte	0
 952 009f 00       		.byte	0
 953 00a0 0D       		.uleb128 0xd
 954 00a1 0F       		.uleb128 0xf
 955 00a2 00       		.byte	0
 956 00a3 0B       		.uleb128 0xb
 957 00a4 0B       		.uleb128 0xb
 958 00a5 49       		.uleb128 0x49
 959 00a6 13       		.uleb128 0x13
 960 00a7 00       		.byte	0
 961 00a8 00       		.byte	0
 962 00a9 0E       		.uleb128 0xe
 963 00aa 26       		.uleb128 0x26
 964 00ab 00       		.byte	0
 965 00ac 49       		.uleb128 0x49
 966 00ad 13       		.uleb128 0x13
 967 00ae 00       		.byte	0
 968 00af 00       		.byte	0
 969 00b0 0F       		.uleb128 0xf
<<<<<<< HEAD
ARM GAS  C:\Users\Smaug\AppData\Local\Temp\cclNbP8R.s 			page 18
=======
ARM GAS  C:\Users\Nazar\AppData\Local\Temp\ccQFerfM.s 			page 18
>>>>>>> bd22d50f3383c241732a6171578cebde1d55ad66


 970 00b1 34       		.uleb128 0x34
 971 00b2 00       		.byte	0
 972 00b3 03       		.uleb128 0x3
 973 00b4 0E       		.uleb128 0xe
 974 00b5 3A       		.uleb128 0x3a
 975 00b6 0B       		.uleb128 0xb
 976 00b7 3B       		.uleb128 0x3b
 977 00b8 05       		.uleb128 0x5
 978 00b9 49       		.uleb128 0x49
 979 00ba 13       		.uleb128 0x13
 980 00bb 3F       		.uleb128 0x3f
 981 00bc 19       		.uleb128 0x19
 982 00bd 3C       		.uleb128 0x3c
 983 00be 19       		.uleb128 0x19
 984 00bf 00       		.byte	0
 985 00c0 00       		.byte	0
 986 00c1 10       		.uleb128 0x10
 987 00c2 01       		.uleb128 0x1
 988 00c3 01       		.byte	0x1
 989 00c4 49       		.uleb128 0x49
 990 00c5 13       		.uleb128 0x13
 991 00c6 01       		.uleb128 0x1
 992 00c7 13       		.uleb128 0x13
 993 00c8 00       		.byte	0
 994 00c9 00       		.byte	0
 995 00ca 11       		.uleb128 0x11
 996 00cb 21       		.uleb128 0x21
 997 00cc 00       		.byte	0
 998 00cd 49       		.uleb128 0x49
 999 00ce 13       		.uleb128 0x13
 1000 00cf 2F       		.uleb128 0x2f
 1001 00d0 0B       		.uleb128 0xb
 1002 00d1 00       		.byte	0
 1003 00d2 00       		.byte	0
 1004 00d3 00       		.byte	0
 1005              		.section	.debug_aranges,"",%progbits
 1006 0000 14000000 		.4byte	0x14
 1007 0004 0200     		.2byte	0x2
 1008 0006 00000000 		.4byte	.Ldebug_info0
 1009 000a 04       		.byte	0x4
 1010 000b 00       		.byte	0
 1011 000c 0000     		.2byte	0
 1012 000e 0000     		.2byte	0
 1013 0010 00000000 		.4byte	0
 1014 0014 00000000 		.4byte	0
 1015              		.section	.debug_line,"",%progbits
 1016              	.Ldebug_line0:
<<<<<<< HEAD
 1017 0000 B0010000 		.section	.debug_str,"MS",%progbits,1
 1017      0200AA01 
=======
 1017 0000 A0010000 		.section	.debug_str,"MS",%progbits,1
 1017      02009A01 
>>>>>>> bd22d50f3383c241732a6171578cebde1d55ad66
 1017      00000201 
 1017      FB0E0D00 
 1017      01010101 
 1018              	.LASF55:
 1019 0000 70726F74 		.ascii	"protBusMasterMask\000"
 1019      4275734D 
 1019      61737465 
 1019      724D6173 
<<<<<<< HEAD
ARM GAS  C:\Users\Smaug\AppData\Local\Temp\cclNbP8R.s 			page 19
=======
ARM GAS  C:\Users\Nazar\AppData\Local\Temp\ccQFerfM.s 			page 19
>>>>>>> bd22d50f3383c241732a6171578cebde1d55ad66


 1019      6B00
 1020              	.LASF65:
 1021 0012 666C6173 		.ascii	"flashCtlMainWs3Freq\000"
 1021      6843746C 
 1021      4D61696E 
 1021      57733346 
 1021      72657100 
 1022              	.LASF87:
 1023 0026 6770696F 		.ascii	"gpioPrtCfgInOffset\000"
 1023      50727443 
 1023      6667496E 
 1023      4F666673 
 1023      657400
 1024              	.LASF105:
 1025 0039 6970634C 		.ascii	"ipcLockStatusOffset\000"
 1025      6F636B53 
 1025      74617475 
 1025      734F6666 
 1025      73657400 
 1026              	.LASF31:
 1027 004d 63727970 		.ascii	"cryptoVersion\000"
 1027      746F5665 
 1027      7273696F 
 1027      6E00
<<<<<<< HEAD
 1028              	.LASF49:
 1029 005b 70657269 		.ascii	"periClockNr\000"
 1029      436C6F63 
 1029      6B4E7200 
 1030              	.LASF27:
 1031 0067 70617373 		.ascii	"passBase\000"
 1031      42617365 
 1031      00
 1032              	.LASF40:
 1033 0070 63707573 		.ascii	"cpussIpcIrqNr\000"
=======
 1028              	.LASF133:
 1029 005b 433A5C49 		.ascii	"C:\\Infineon\\Hackathon-Infineon\\Hackaton.cydsn\000"
 1029      6E66696E 
 1029      656F6E5C 
 1029      4861636B 
 1029      6174686F 
 1030              	.LASF27:
 1031 0089 70617373 		.ascii	"passBase\000"
 1031      42617365 
 1031      00
 1032              	.LASF40:
 1033 0092 63707573 		.ascii	"cpussIpcIrqNr\000"
>>>>>>> bd22d50f3383c241732a6171578cebde1d55ad66
 1033      73497063 
 1033      4972714E 
 1033      7200
 1034              	.LASF5:
<<<<<<< HEAD
 1035 007e 5F5F7569 		.ascii	"__uint8_t\000"
 1035      6E74385F 
 1035      7400
 1036              	.LASF84:
 1037 0088 70657269 		.ascii	"periDiv24_5CtlOffset\000"
=======
 1035 00a0 5F5F7569 		.ascii	"__uint8_t\000"
 1035      6E74385F 
 1035      7400
 1036              	.LASF84:
 1037 00aa 70657269 		.ascii	"periDiv24_5CtlOffset\000"
>>>>>>> bd22d50f3383c241732a6171578cebde1d55ad66
 1037      44697632 
 1037      345F3543 
 1037      746C4F66 
 1037      66736574 
 1038              	.LASF111:
<<<<<<< HEAD
 1039 009d 63795F73 		.ascii	"cy_stc_ble_conn_handle_t\000"
=======
 1039 00bf 63795F73 		.ascii	"cy_stc_ble_conn_handle_t\000"
>>>>>>> bd22d50f3383c241732a6171578cebde1d55ad66
 1039      74635F62 
 1039      6C655F63 
 1039      6F6E6E5F 
 1039      68616E64 
 1040              	.LASF20:
<<<<<<< HEAD
 1041 00b6 63707573 		.ascii	"cpussBase\000"
 1041      73426173 
 1041      6500
ARM GAS  C:\Users\Smaug\AppData\Local\Temp\cclNbP8R.s 			page 20


 1042              	.LASF69:
 1043 00c0 64774368 		.ascii	"dwChCtlPrioPos\000"
 1043      43746C50 
 1043      72696F50 
 1043      6F7300
 1044              	.LASF13:
 1045 00cf 6C6F6E67 		.ascii	"long long unsigned int\000"
 1045      206C6F6E 
 1045      6720756E 
 1045      7369676E 
 1045      65642069 
 1046              	.LASF73:
 1047 00e6 70657269 		.ascii	"periTrCmdOffset\000"
 1047      5472436D 
 1047      644F6666 
 1047      73657400 
 1048              	.LASF97:
 1049 00f6 63707573 		.ascii	"cpussSysTickCtlOffset\000"
 1049      73537973 
 1049      5469636B 
 1049      43746C4F 
 1049      66667365 
 1050              	.LASF58:
 1051 010c 666C6173 		.ascii	"flashPipeRequired\000"
 1051      68506970 
 1051      65526571 
 1051      75697265 
 1051      6400
 1052              	.LASF62:
 1053 011e 666C6173 		.ascii	"flashCtlMainWs0Freq\000"
 1053      6843746C 
 1053      4D61696E 
 1053      57733046 
 1053      72657100 
 1054              	.LASF17:
 1055 0132 696E7431 		.ascii	"int16_t\000"
 1055      365F7400 
 1056              	.LASF1:
 1057 013a 6C6F6E67 		.ascii	"long long int\000"
 1057      206C6F6E 
 1057      6720696E 
 1057      7400
 1058              	.LASF3:
 1059 0148 7369676E 		.ascii	"signed char\000"
 1059      65642063 
 1059      68617200 
 1060              	.LASF78:
 1061 0154 70657269 		.ascii	"periDivCmdTypeSelPos\000"
 1061      44697643 
 1061      6D645479 
 1061      70655365 
 1061      6C506F73 
 1062              	.LASF24:
 1063 0169 70726F74 		.ascii	"protBase\000"
 1063      42617365 
 1063      00
 1064              	.LASF36:
ARM GAS  C:\Users\Smaug\AppData\Local\Temp\cclNbP8R.s 			page 21


 1065 0172 69706356 		.ascii	"ipcVersion\000"
 1065      65727369 
 1065      6F6E00
 1066              	.LASF98:
 1067 017d 63707573 		.ascii	"cpussCm0NmiCtlOffset\000"
 1067      73436D30 
 1067      4E6D6943 
 1067      746C4F66 
 1067      66736574 
 1068              	.LASF115:
 1069 0192 43595F42 		.ascii	"CY_BLE_ADV_STATE_STOP_INITIATED\000"
 1069      4C455F41 
 1069      44565F53 
 1069      54415445 
 1069      5F53544F 
 1070              	.LASF25:
 1071 01b2 6873696F 		.ascii	"hsiomBase\000"
 1071      6D426173 
 1071      6500
 1072              	.LASF10:
 1073 01bc 6C6F6E67 		.ascii	"long int\000"
 1073      20696E74 
 1073      00
 1074              	.LASF91:
 1075 01c5 63707573 		.ascii	"cpussCm4ClockCtlOffset\000"
 1075      73436D34 
 1075      436C6F63 
 1075      6B43746C 
 1075      4F666673 
 1076              	.LASF56:
 1077 01dc 63727970 		.ascii	"cryptoMemSize\000"
 1077      746F4D65 
 1077      6D53697A 
 1077      6500
 1078              	.LASF116:
 1079 01ea 63795F65 		.ascii	"cy_en_ble_adv_state_t\000"
 1079      6E5F626C 
 1079      655F6164 
 1079      765F7374 
 1079      6174655F 
 1080              	.LASF22:
 1081 0200 70657269 		.ascii	"periBase\000"
 1081      42617365 
 1081      00
 1082              	.LASF54:
 1083 0209 73797350 		.ascii	"sysPmSimoPresent\000"
 1083      6D53696D 
 1083      6F507265 
 1083      73656E74 
 1083      00
 1084              	.LASF44:
 1085 021a 63707573 		.ascii	"cpussFmIrq\000"
 1085      73466D49 
 1085      727100
 1086              	.LASF108:
 1087 0225 646F7562 		.ascii	"double\000"
 1087      6C6500
ARM GAS  C:\Users\Smaug\AppData\Local\Temp\cclNbP8R.s 			page 22


 1088              	.LASF83:
 1089 022c 70657269 		.ascii	"periDiv16_5CtlOffset\000"
 1089      44697631 
 1089      365F3543 
 1089      746C4F66 
 1089      66736574 
 1090              	.LASF47:
 1091 0241 73727373 		.ascii	"srssNumPll\000"
 1091      4E756D50 
 1091      6C6C00
 1092              	.LASF81:
 1093 024c 70657269 		.ascii	"periDiv8CtlOffset\000"
 1093      44697638 
 1093      43746C4F 
 1093      66667365 
 1093      7400
 1094              	.LASF121:
 1095 025e 43595F42 		.ascii	"CY_BLE_CONN_STATE_CLIENT_INCL_DISCOVERING\000"
 1095      4C455F43 
 1095      4F4E4E5F 
 1095      53544154 
 1095      455F434C 
 1096              	.LASF88:
 1097 0288 6770696F 		.ascii	"gpioPrtCfgOutOffset\000"
 1097      50727443 
 1097      66674F75 
 1097      744F6666 
 1097      73657400 
 1098              	.LASF21:
 1099 029c 666C6173 		.ascii	"flashcBase\000"
 1099      68634261 
 1099      736500
 1100              	.LASF11:
 1101 02a7 5F5F7569 		.ascii	"__uint32_t\000"
 1101      6E743332 
 1101      5F7400
 1102              	.LASF51:
 1103 02b2 70617373 		.ascii	"passSarChannels\000"
 1103      53617243 
 1103      68616E6E 
 1103      656C7300 
 1104              	.LASF6:
 1105 02c2 5F5F696E 		.ascii	"__int16_t\000"
 1105      7431365F 
 1105      7400
 1106              	.LASF94:
 1107 02cc 63707573 		.ascii	"cpussCm4PwrCtlOffset\000"
 1107      73436D34 
 1107      50777243 
 1107      746C4F66 
 1107      66736574 
 1108              	.LASF120:
 1109 02e1 43595F42 		.ascii	"CY_BLE_CONN_STATE_CLIENT_SRVC_DISCOVERING\000"
 1109      4C455F43 
 1109      4F4E4E5F 
 1109      53544154 
 1109      455F434C 
ARM GAS  C:\Users\Smaug\AppData\Local\Temp\cclNbP8R.s 			page 23


 1110              	.LASF89:
 1111 030b 6770696F 		.ascii	"gpioPrtCfgSioOffset\000"
 1111      50727443 
 1111      66675369 
 1111      6F4F6666 
 1111      73657400 
 1112              	.LASF41:
 1113 031f 63707573 		.ascii	"cpussDwChNr\000"
 1113      73447743 
 1113      684E7200 
 1114              	.LASF0:
 1115 032b 756E7369 		.ascii	"unsigned int\000"
 1115      676E6564 
 1115      20696E74 
 1115      00
 1116              	.LASF119:
 1117 0338 43595F42 		.ascii	"CY_BLE_CONN_STATE_CONNECTED\000"
 1117      4C455F43 
 1117      4F4E4E5F 
 1117      53544154 
 1117      455F434F 
 1118              	.LASF123:
 1119 0354 43595F42 		.ascii	"CY_BLE_CONN_STATE_CLIENT_DESCR_DISCOVERING\000"
 1119      4C455F43 
 1119      4F4E4E5F 
 1119      53544154 
 1119      455F434C 
 1120              	.LASF18:
 1121 037f 75696E74 		.ascii	"uint16_t\000"
 1121      31365F74 
 1121      00
 1122              	.LASF133:
 1123 0388 443A5C48 		.ascii	"D:\\Hackathon-Infineon\\Hackaton.cydsn\000"
 1123      61636B61 
 1123      74686F6E 
 1123      2D496E66 
 1123      696E656F 
 1124              	.LASF74:
 1125 03ad 70657269 		.ascii	"periTrCmdGrSelMsk\000"
=======
 1041 00d8 63707573 		.ascii	"cpussBase\000"
ARM GAS  C:\Users\Nazar\AppData\Local\Temp\ccQFerfM.s 			page 20


 1041      73426173 
 1041      6500
 1042              	.LASF69:
 1043 00e2 64774368 		.ascii	"dwChCtlPrioPos\000"
 1043      43746C50 
 1043      72696F50 
 1043      6F7300
 1044              	.LASF49:
 1045 00f1 70657269 		.ascii	"periClockNr\000"
 1045      436C6F63 
 1045      6B4E7200 
 1046              	.LASF13:
 1047 00fd 6C6F6E67 		.ascii	"long long unsigned int\000"
 1047      206C6F6E 
 1047      6720756E 
 1047      7369676E 
 1047      65642069 
 1048              	.LASF73:
 1049 0114 70657269 		.ascii	"periTrCmdOffset\000"
 1049      5472436D 
 1049      644F6666 
 1049      73657400 
 1050              	.LASF97:
 1051 0124 63707573 		.ascii	"cpussSysTickCtlOffset\000"
 1051      73537973 
 1051      5469636B 
 1051      43746C4F 
 1051      66667365 
 1052              	.LASF58:
 1053 013a 666C6173 		.ascii	"flashPipeRequired\000"
 1053      68506970 
 1053      65526571 
 1053      75697265 
 1053      6400
 1054              	.LASF62:
 1055 014c 666C6173 		.ascii	"flashCtlMainWs0Freq\000"
 1055      6843746C 
 1055      4D61696E 
 1055      57733046 
 1055      72657100 
 1056              	.LASF17:
 1057 0160 696E7431 		.ascii	"int16_t\000"
 1057      365F7400 
 1058              	.LASF1:
 1059 0168 6C6F6E67 		.ascii	"long long int\000"
 1059      206C6F6E 
 1059      6720696E 
 1059      7400
 1060              	.LASF3:
 1061 0176 7369676E 		.ascii	"signed char\000"
 1061      65642063 
 1061      68617200 
 1062              	.LASF78:
 1063 0182 70657269 		.ascii	"periDivCmdTypeSelPos\000"
 1063      44697643 
 1063      6D645479 
 1063      70655365 
ARM GAS  C:\Users\Nazar\AppData\Local\Temp\ccQFerfM.s 			page 21


 1063      6C506F73 
 1064              	.LASF24:
 1065 0197 70726F74 		.ascii	"protBase\000"
 1065      42617365 
 1065      00
 1066              	.LASF36:
 1067 01a0 69706356 		.ascii	"ipcVersion\000"
 1067      65727369 
 1067      6F6E00
 1068              	.LASF98:
 1069 01ab 63707573 		.ascii	"cpussCm0NmiCtlOffset\000"
 1069      73436D30 
 1069      4E6D6943 
 1069      746C4F66 
 1069      66736574 
 1070              	.LASF115:
 1071 01c0 43595F42 		.ascii	"CY_BLE_ADV_STATE_STOP_INITIATED\000"
 1071      4C455F41 
 1071      44565F53 
 1071      54415445 
 1071      5F53544F 
 1072              	.LASF25:
 1073 01e0 6873696F 		.ascii	"hsiomBase\000"
 1073      6D426173 
 1073      6500
 1074              	.LASF10:
 1075 01ea 6C6F6E67 		.ascii	"long int\000"
 1075      20696E74 
 1075      00
 1076              	.LASF91:
 1077 01f3 63707573 		.ascii	"cpussCm4ClockCtlOffset\000"
 1077      73436D34 
 1077      436C6F63 
 1077      6B43746C 
 1077      4F666673 
 1078              	.LASF56:
 1079 020a 63727970 		.ascii	"cryptoMemSize\000"
 1079      746F4D65 
 1079      6D53697A 
 1079      6500
 1080              	.LASF116:
 1081 0218 63795F65 		.ascii	"cy_en_ble_adv_state_t\000"
 1081      6E5F626C 
 1081      655F6164 
 1081      765F7374 
 1081      6174655F 
 1082              	.LASF22:
 1083 022e 70657269 		.ascii	"periBase\000"
 1083      42617365 
 1083      00
 1084              	.LASF54:
 1085 0237 73797350 		.ascii	"sysPmSimoPresent\000"
 1085      6D53696D 
 1085      6F507265 
 1085      73656E74 
 1085      00
 1086              	.LASF44:
ARM GAS  C:\Users\Nazar\AppData\Local\Temp\ccQFerfM.s 			page 22


 1087 0248 63707573 		.ascii	"cpussFmIrq\000"
 1087      73466D49 
 1087      727100
 1088              	.LASF108:
 1089 0253 646F7562 		.ascii	"double\000"
 1089      6C6500
 1090              	.LASF83:
 1091 025a 70657269 		.ascii	"periDiv16_5CtlOffset\000"
 1091      44697631 
 1091      365F3543 
 1091      746C4F66 
 1091      66736574 
 1092              	.LASF47:
 1093 026f 73727373 		.ascii	"srssNumPll\000"
 1093      4E756D50 
 1093      6C6C00
 1094              	.LASF81:
 1095 027a 70657269 		.ascii	"periDiv8CtlOffset\000"
 1095      44697638 
 1095      43746C4F 
 1095      66667365 
 1095      7400
 1096              	.LASF121:
 1097 028c 43595F42 		.ascii	"CY_BLE_CONN_STATE_CLIENT_INCL_DISCOVERING\000"
 1097      4C455F43 
 1097      4F4E4E5F 
 1097      53544154 
 1097      455F434C 
 1098              	.LASF88:
 1099 02b6 6770696F 		.ascii	"gpioPrtCfgOutOffset\000"
 1099      50727443 
 1099      66674F75 
 1099      744F6666 
 1099      73657400 
 1100              	.LASF21:
 1101 02ca 666C6173 		.ascii	"flashcBase\000"
 1101      68634261 
 1101      736500
 1102              	.LASF11:
 1103 02d5 5F5F7569 		.ascii	"__uint32_t\000"
 1103      6E743332 
 1103      5F7400
 1104              	.LASF51:
 1105 02e0 70617373 		.ascii	"passSarChannels\000"
 1105      53617243 
 1105      68616E6E 
 1105      656C7300 
 1106              	.LASF6:
 1107 02f0 5F5F696E 		.ascii	"__int16_t\000"
 1107      7431365F 
 1107      7400
 1108              	.LASF94:
 1109 02fa 63707573 		.ascii	"cpussCm4PwrCtlOffset\000"
 1109      73436D34 
 1109      50777243 
 1109      746C4F66 
 1109      66736574 
ARM GAS  C:\Users\Nazar\AppData\Local\Temp\ccQFerfM.s 			page 23


 1110              	.LASF120:
 1111 030f 43595F42 		.ascii	"CY_BLE_CONN_STATE_CLIENT_SRVC_DISCOVERING\000"
 1111      4C455F43 
 1111      4F4E4E5F 
 1111      53544154 
 1111      455F434C 
 1112              	.LASF89:
 1113 0339 6770696F 		.ascii	"gpioPrtCfgSioOffset\000"
 1113      50727443 
 1113      66675369 
 1113      6F4F6666 
 1113      73657400 
 1114              	.LASF41:
 1115 034d 63707573 		.ascii	"cpussDwChNr\000"
 1115      73447743 
 1115      684E7200 
 1116              	.LASF0:
 1117 0359 756E7369 		.ascii	"unsigned int\000"
 1117      676E6564 
 1117      20696E74 
 1117      00
 1118              	.LASF119:
 1119 0366 43595F42 		.ascii	"CY_BLE_CONN_STATE_CONNECTED\000"
 1119      4C455F43 
 1119      4F4E4E5F 
 1119      53544154 
 1119      455F434F 
 1120              	.LASF123:
 1121 0382 43595F42 		.ascii	"CY_BLE_CONN_STATE_CLIENT_DESCR_DISCOVERING\000"
 1121      4C455F43 
 1121      4F4E4E5F 
 1121      53544154 
 1121      455F434C 
 1122              	.LASF18:
 1123 03ad 75696E74 		.ascii	"uint16_t\000"
 1123      31365F74 
 1123      00
 1124              	.LASF74:
 1125 03b6 70657269 		.ascii	"periTrCmdGrSelMsk\000"
>>>>>>> bd22d50f3383c241732a6171578cebde1d55ad66
 1125      5472436D 
 1125      64477253 
 1125      656C4D73 
 1125      6B00
 1126              	.LASF12:
<<<<<<< HEAD
 1127 03bf 6C6F6E67 		.ascii	"long unsigned int\000"
=======
 1127 03c8 6C6F6E67 		.ascii	"long unsigned int\000"
>>>>>>> bd22d50f3383c241732a6171578cebde1d55ad66
 1127      20756E73 
 1127      69676E65 
 1127      6420696E 
 1127      7400
 1128              	.LASF39:
<<<<<<< HEAD
 1129 03d1 63707573 		.ascii	"cpussIpcNr\000"
 1129      73497063 
 1129      4E7200
 1130              	.LASF26:
 1131 03dc 6770696F 		.ascii	"gpioBase\000"
 1131      42617365 
 1131      00
ARM GAS  C:\Users\Smaug\AppData\Local\Temp\cclNbP8R.s 			page 24


 1132              	.LASF64:
 1133 03e5 666C6173 		.ascii	"flashCtlMainWs2Freq\000"
=======
 1129 03da 63707573 		.ascii	"cpussIpcNr\000"
 1129      73497063 
 1129      4E7200
 1130              	.LASF26:
 1131 03e5 6770696F 		.ascii	"gpioBase\000"
 1131      42617365 
 1131      00
ARM GAS  C:\Users\Nazar\AppData\Local\Temp\ccQFerfM.s 			page 24


 1132              	.LASF64:
 1133 03ee 666C6173 		.ascii	"flashCtlMainWs2Freq\000"
>>>>>>> bd22d50f3383c241732a6171578cebde1d55ad66
 1133      6843746C 
 1133      4D61696E 
 1133      57733246 
 1133      72657100 
 1134              	.LASF75:
<<<<<<< HEAD
 1135 03f9 70657269 		.ascii	"periTrGrOffset\000"
=======
 1135 0402 70657269 		.ascii	"periTrGrOffset\000"
>>>>>>> bd22d50f3383c241732a6171578cebde1d55ad66
 1135      54724772 
 1135      4F666673 
 1135      657400
 1136              	.LASF102:
<<<<<<< HEAD
 1137 0408 63707573 		.ascii	"cpussRam1Ctl0\000"
=======
 1137 0411 63707573 		.ascii	"cpussRam1Ctl0\000"
>>>>>>> bd22d50f3383c241732a6171578cebde1d55ad66
 1137      7352616D 
 1137      3143746C 
 1137      3000
 1138              	.LASF130:
<<<<<<< HEAD
 1139 0416 63795F62 		.ascii	"cy_ble_connState\000"
=======
 1139 041f 63795F62 		.ascii	"cy_ble_connState\000"
>>>>>>> bd22d50f3383c241732a6171578cebde1d55ad66
 1139      6C655F63 
 1139      6F6E6E53 
 1139      74617465 
 1139      00
 1140              	.LASF132:
<<<<<<< HEAD
 1141 0427 47656E65 		.ascii	"Generated_Source\\PSoC6\\pdl\\middleware\\ble\\cy_b"
=======
 1141 0430 47656E65 		.ascii	"Generated_Source\\PSoC6\\pdl\\middleware\\ble\\cy_b"
>>>>>>> bd22d50f3383c241732a6171578cebde1d55ad66
 1141      72617465 
 1141      645F536F 
 1141      75726365 
 1141      5C50536F 
<<<<<<< HEAD
 1142 0455 6C655F6E 		.ascii	"le_ndcs.c\000"
 1142      6463732E 
 1142      6300
 1143              	.LASF76:
 1144 045f 70657269 		.ascii	"periTrGrSize\000"
=======
 1142 045e 6C655F6E 		.ascii	"le_ndcs.c\000"
 1142      6463732E 
 1142      6300
 1143              	.LASF76:
 1144 0468 70657269 		.ascii	"periTrGrSize\000"
>>>>>>> bd22d50f3383c241732a6171578cebde1d55ad66
 1144      54724772 
 1144      53697A65 
 1144      00
 1145              	.LASF34:
<<<<<<< HEAD
 1146 046c 6770696F 		.ascii	"gpioVersion\000"
 1146      56657273 
 1146      696F6E00 
 1147              	.LASF106:
 1148 0478 63795F73 		.ascii	"cy_stc_device_t\000"
=======
 1146 0475 6770696F 		.ascii	"gpioVersion\000"
 1146      56657273 
 1146      696F6E00 
 1147              	.LASF106:
 1148 0481 63795F73 		.ascii	"cy_stc_device_t\000"
>>>>>>> bd22d50f3383c241732a6171578cebde1d55ad66
 1148      74635F64 
 1148      65766963 
 1148      655F7400 
 1149              	.LASF52:
<<<<<<< HEAD
 1150 0488 65704D6F 		.ascii	"epMonitorNr\000"
 1150      6E69746F 
 1150      724E7200 
 1151              	.LASF99:
 1152 0494 63707573 		.ascii	"cpussCm4NmiCtlOffset\000"
=======
 1150 0491 65704D6F 		.ascii	"epMonitorNr\000"
 1150      6E69746F 
 1150      724E7200 
 1151              	.LASF99:
 1152 049d 63707573 		.ascii	"cpussCm4NmiCtlOffset\000"
>>>>>>> bd22d50f3383c241732a6171578cebde1d55ad66
 1152      73436D34 
 1152      4E6D6943 
 1152      746C4F66 
 1152      66736574 
 1153              	.LASF95:
<<<<<<< HEAD
 1154 04a9 63707573 		.ascii	"cpussTrimRamCtlOffset\000"
ARM GAS  C:\Users\Smaug\AppData\Local\Temp\cclNbP8R.s 			page 25
=======
 1154 04b2 63707573 		.ascii	"cpussTrimRamCtlOffset\000"
ARM GAS  C:\Users\Nazar\AppData\Local\Temp\ccQFerfM.s 			page 25
>>>>>>> bd22d50f3383c241732a6171578cebde1d55ad66


 1154      73547269 
 1154      6D52616D 
 1154      43746C4F 
 1154      66667365 
 1155              	.LASF90:
<<<<<<< HEAD
 1156 04bf 63707573 		.ascii	"cpussCm0ClockCtlOffset\000"
=======
 1156 04c8 63707573 		.ascii	"cpussCm0ClockCtlOffset\000"
>>>>>>> bd22d50f3383c241732a6171578cebde1d55ad66
 1156      73436D30 
 1156      436C6F63 
 1156      6B43746C 
 1156      4F666673 
 1157              	.LASF110:
<<<<<<< HEAD
 1158 04d6 61747449 		.ascii	"attId\000"
 1158      6400
 1159              	.LASF30:
 1160 04dc 63707573 		.ascii	"cpussVersion\000"
=======
 1158 04df 61747449 		.ascii	"attId\000"
 1158      6400
 1159              	.LASF30:
 1160 04e5 63707573 		.ascii	"cpussVersion\000"
>>>>>>> bd22d50f3383c241732a6171578cebde1d55ad66
 1160      73566572 
 1160      73696F6E 
 1160      00
 1161              	.LASF37:
<<<<<<< HEAD
 1162 04e9 70657269 		.ascii	"periVersion\000"
 1162      56657273 
 1162      696F6E00 
 1163              	.LASF93:
 1164 04f5 63707573 		.ascii	"cpussCm0StatusOffset\000"
=======
 1162 04f2 70657269 		.ascii	"periVersion\000"
 1162      56657273 
 1162      696F6E00 
 1163              	.LASF93:
 1164 04fe 63707573 		.ascii	"cpussCm0StatusOffset\000"
>>>>>>> bd22d50f3383c241732a6171578cebde1d55ad66
 1164      73436D30 
 1164      53746174 
 1164      75734F66 
 1164      66736574 
 1165              	.LASF14:
<<<<<<< HEAD
 1166 050a 73697A65 		.ascii	"sizetype\000"
 1166      74797065 
 1166      00
 1167              	.LASF67:
 1168 0513 64774368 		.ascii	"dwChOffset\000"
 1168      4F666673 
 1168      657400
 1169              	.LASF42:
 1170 051e 63707573 		.ascii	"cpussFlashPaSize\000"
=======
 1166 0513 73697A65 		.ascii	"sizetype\000"
 1166      74797065 
 1166      00
 1167              	.LASF67:
 1168 051c 64774368 		.ascii	"dwChOffset\000"
 1168      4F666673 
 1168      657400
 1169              	.LASF42:
 1170 0527 63707573 		.ascii	"cpussFlashPaSize\000"
>>>>>>> bd22d50f3383c241732a6171578cebde1d55ad66
 1170      73466C61 
 1170      73685061 
 1170      53697A65 
 1170      00
 1171              	.LASF113:
<<<<<<< HEAD
 1172 052f 43595F42 		.ascii	"CY_BLE_ADV_STATE_ADV_INITIATED\000"
=======
 1172 0538 43595F42 		.ascii	"CY_BLE_ADV_STATE_ADV_INITIATED\000"
>>>>>>> bd22d50f3383c241732a6171578cebde1d55ad66
 1172      4C455F41 
 1172      44565F53 
 1172      54415445 
 1172      5F414456 
 1173              	.LASF80:
<<<<<<< HEAD
 1174 054e 70657269 		.ascii	"periDivCmdPaTypeSelPos\000"
=======
 1174 0557 70657269 		.ascii	"periDivCmdPaTypeSelPos\000"
>>>>>>> bd22d50f3383c241732a6171578cebde1d55ad66
 1174      44697643 
 1174      6D645061 
 1174      54797065 
 1174      53656C50 
 1175              	.LASF103:
<<<<<<< HEAD
 1176 0565 63707573 		.ascii	"cpussRam2Ctl0\000"
 1176      7352616D 
ARM GAS  C:\Users\Smaug\AppData\Local\Temp\cclNbP8R.s 			page 26
=======
 1176 056e 63707573 		.ascii	"cpussRam2Ctl0\000"
 1176      7352616D 
ARM GAS  C:\Users\Nazar\AppData\Local\Temp\ccQFerfM.s 			page 26
>>>>>>> bd22d50f3383c241732a6171578cebde1d55ad66


 1176      3243746C 
 1176      3000
 1177              	.LASF71:
<<<<<<< HEAD
 1178 0573 64775374 		.ascii	"dwStatusChIdxPos\000"
=======
 1178 057c 64775374 		.ascii	"dwStatusChIdxPos\000"
>>>>>>> bd22d50f3383c241732a6171578cebde1d55ad66
 1178      61747573 
 1178      43684964 
 1178      78506F73 
 1178      00
 1179              	.LASF53:
<<<<<<< HEAD
 1180 0584 75646250 		.ascii	"udbPresent\000"
 1180      72657365 
 1180      6E7400
 1181              	.LASF125:
 1182 058f 63795F65 		.ascii	"cy_en_ble_conn_state_t\000"
=======
 1180 058d 75646250 		.ascii	"udbPresent\000"
 1180      72657365 
 1180      6E7400
 1181              	.LASF125:
 1182 0598 63795F65 		.ascii	"cy_en_ble_conn_state_t\000"
>>>>>>> bd22d50f3383c241732a6171578cebde1d55ad66
 1182      6E5F626C 
 1182      655F636F 
 1182      6E6E5F73 
 1182      74617465 
 1183              	.LASF33:
<<<<<<< HEAD
 1184 05a6 666C6173 		.ascii	"flashcVersion\000"
=======
 1184 05af 666C6173 		.ascii	"flashcVersion\000"
>>>>>>> bd22d50f3383c241732a6171578cebde1d55ad66
 1184      68635665 
 1184      7273696F 
 1184      6E00
 1185              	.LASF29:
<<<<<<< HEAD
 1186 05b4 63727970 		.ascii	"cryptoBase\000"
 1186      746F4261 
 1186      736500
 1187              	.LASF50:
 1188 05bf 736D6966 		.ascii	"smifDeviceNr\000"
=======
 1186 05bd 63727970 		.ascii	"cryptoBase\000"
 1186      746F4261 
 1186      736500
 1187              	.LASF50:
 1188 05c8 736D6966 		.ascii	"smifDeviceNr\000"
>>>>>>> bd22d50f3383c241732a6171578cebde1d55ad66
 1188      44657669 
 1188      63654E72 
 1188      00
 1189              	.LASF59:
<<<<<<< HEAD
 1190 05cc 666C6173 		.ascii	"flashWriteDelay\000"
=======
 1190 05d5 666C6173 		.ascii	"flashWriteDelay\000"
>>>>>>> bd22d50f3383c241732a6171578cebde1d55ad66
 1190      68577269 
 1190      74654465 
 1190      6C617900 
 1191              	.LASF124:
<<<<<<< HEAD
 1192 05dc 43595F42 		.ascii	"CY_BLE_CONN_STATE_CLIENT_DISCOVERED\000"
=======
 1192 05e5 43595F42 		.ascii	"CY_BLE_CONN_STATE_CLIENT_DISCOVERED\000"
>>>>>>> bd22d50f3383c241732a6171578cebde1d55ad66
 1192      4C455F43 
 1192      4F4E4E5F 
 1192      53544154 
 1192      455F434C 
 1193              	.LASF107:
<<<<<<< HEAD
 1194 0600 666C6F61 		.ascii	"float\000"
 1194      7400
 1195              	.LASF72:
 1196 0606 64775374 		.ascii	"dwStatusChIdxMsk\000"
=======
 1194 0609 666C6F61 		.ascii	"float\000"
 1194      7400
 1195              	.LASF72:
 1196 060f 64775374 		.ascii	"dwStatusChIdxMsk\000"
>>>>>>> bd22d50f3383c241732a6171578cebde1d55ad66
 1196      61747573 
 1196      43684964 
 1196      784D736B 
 1196      00
 1197              	.LASF127:
<<<<<<< HEAD
 1198 0617 63795F64 		.ascii	"cy_device\000"
 1198      65766963 
 1198      6500
 1199              	.LASF100:
ARM GAS  C:\Users\Smaug\AppData\Local\Temp\cclNbP8R.s 			page 27


 1200 0621 63707573 		.ascii	"cpussRomCtl\000"
 1200      73526F6D 
 1200      43746C00 
 1201              	.LASF70:
 1202 062d 64774368 		.ascii	"dwChCtlPreemptablePos\000"
=======
 1198 0620 63795F64 		.ascii	"cy_device\000"
 1198      65766963 
 1198      6500
 1199              	.LASF100:
ARM GAS  C:\Users\Nazar\AppData\Local\Temp\ccQFerfM.s 			page 27


 1200 062a 63707573 		.ascii	"cpussRomCtl\000"
 1200      73526F6D 
 1200      43746C00 
 1201              	.LASF70:
 1202 0636 64774368 		.ascii	"dwChCtlPreemptablePos\000"
>>>>>>> bd22d50f3383c241732a6171578cebde1d55ad66
 1202      43746C50 
 1202      7265656D 
 1202      70746162 
 1202      6C65506F 
 1203              	.LASF23:
<<<<<<< HEAD
 1204 0643 75646242 		.ascii	"udbBase\000"
 1204      61736500 
 1205              	.LASF122:
 1206 064b 43595F42 		.ascii	"CY_BLE_CONN_STATE_CLIENT_CHAR_DISCOVERING\000"
=======
 1204 064c 75646242 		.ascii	"udbBase\000"
 1204      61736500 
 1205              	.LASF122:
 1206 0654 43595F42 		.ascii	"CY_BLE_CONN_STATE_CLIENT_CHAR_DISCOVERING\000"
>>>>>>> bd22d50f3383c241732a6171578cebde1d55ad66
 1206      4C455F43 
 1206      4F4E4E5F 
 1206      53544154 
 1206      455F434C 
 1207              	.LASF126:
<<<<<<< HEAD
 1208 0675 5F426F6F 		.ascii	"_Bool\000"
 1208      6C00
 1209              	.LASF4:
 1210 067b 756E7369 		.ascii	"unsigned char\000"
=======
 1208 067e 5F426F6F 		.ascii	"_Bool\000"
 1208      6C00
 1209              	.LASF4:
 1210 0684 756E7369 		.ascii	"unsigned char\000"
>>>>>>> bd22d50f3383c241732a6171578cebde1d55ad66
 1210      676E6564 
 1210      20636861 
 1210      7200
 1211              	.LASF66:
<<<<<<< HEAD
 1212 0689 666C6173 		.ascii	"flashCtlMainWs4Freq\000"
=======
 1212 0692 666C6173 		.ascii	"flashCtlMainWs4Freq\000"
>>>>>>> bd22d50f3383c241732a6171578cebde1d55ad66
 1212      6843746C 
 1212      4D61696E 
 1212      57733446 
 1212      72657100 
 1213              	.LASF7:
<<<<<<< HEAD
 1214 069d 73686F72 		.ascii	"short int\000"
 1214      7420696E 
 1214      7400
 1215              	.LASF77:
 1216 06a7 70657269 		.ascii	"periDivCmdDivSelMsk\000"
=======
 1214 06a6 73686F72 		.ascii	"short int\000"
 1214      7420696E 
 1214      7400
 1215              	.LASF77:
 1216 06b0 70657269 		.ascii	"periDivCmdDivSelMsk\000"
>>>>>>> bd22d50f3383c241732a6171578cebde1d55ad66
 1216      44697643 
 1216      6D644469 
 1216      7653656C 
 1216      4D736B00 
 1217              	.LASF48:
<<<<<<< HEAD
 1218 06bb 73727373 		.ascii	"srssNumHfroot\000"
=======
 1218 06c4 73727373 		.ascii	"srssNumHfroot\000"
>>>>>>> bd22d50f3383c241732a6171578cebde1d55ad66
 1218      4E756D48 
 1218      66726F6F 
 1218      7400
 1219              	.LASF61:
<<<<<<< HEAD
 1220 06c9 666C6173 		.ascii	"flashEraseDelay\000"
=======
 1220 06d2 666C6173 		.ascii	"flashEraseDelay\000"
>>>>>>> bd22d50f3383c241732a6171578cebde1d55ad66
 1220      68457261 
 1220      73654465 
 1220      6C617900 
 1221              	.LASF19:
<<<<<<< HEAD
 1222 06d9 75696E74 		.ascii	"uint32_t\000"
 1222      33325F74 
 1222      00
 1223              	.LASF131:
ARM GAS  C:\Users\Smaug\AppData\Local\Temp\cclNbP8R.s 			page 28


 1224 06e2 474E5520 		.ascii	"GNU C11 5.4.1 20160609 (release) [ARM/embedded-5-br"
=======
 1222 06e2 75696E74 		.ascii	"uint32_t\000"
 1222      33325F74 
 1222      00
 1223              	.LASF131:
ARM GAS  C:\Users\Nazar\AppData\Local\Temp\ccQFerfM.s 			page 28


 1224 06eb 474E5520 		.ascii	"GNU C11 5.4.1 20160609 (release) [ARM/embedded-5-br"
>>>>>>> bd22d50f3383c241732a6171578cebde1d55ad66
 1224      43313120 
 1224      352E342E 
 1224      31203230 
 1224      31363036 
<<<<<<< HEAD
 1225 0715 616E6368 		.ascii	"anch revision 237715] -mcpu=cortex-m0plus -mthumb -"
=======
 1225 071e 616E6368 		.ascii	"anch revision 237715] -mcpu=cortex-m0plus -mthumb -"
>>>>>>> bd22d50f3383c241732a6171578cebde1d55ad66
 1225      20726576 
 1225      6973696F 
 1225      6E203233 
 1225      37373135 
<<<<<<< HEAD
 1226 0748 67202D4F 		.ascii	"g -Og -ffunction-sections -ffat-lto-objects\000"
=======
 1226 0751 67202D4F 		.ascii	"g -Og -ffunction-sections -ffat-lto-objects\000"
>>>>>>> bd22d50f3383c241732a6171578cebde1d55ad66
 1226      67202D66 
 1226      66756E63 
 1226      74696F6E 
 1226      2D736563 
 1227              	.LASF2:
<<<<<<< HEAD
 1228 0774 6C6F6E67 		.ascii	"long double\000"
 1228      20646F75 
 1228      626C6500 
 1229              	.LASF15:
 1230 0780 63686172 		.ascii	"char\000"
 1230      00
 1231              	.LASF38:
 1232 0785 70726F74 		.ascii	"protVersion\000"
 1232      56657273 
 1232      696F6E00 
 1233              	.LASF101:
 1234 0791 63707573 		.ascii	"cpussRam0Ctl0\000"
=======
 1228 077d 6C6F6E67 		.ascii	"long double\000"
 1228      20646F75 
 1228      626C6500 
 1229              	.LASF15:
 1230 0789 63686172 		.ascii	"char\000"
 1230      00
 1231              	.LASF38:
 1232 078e 70726F74 		.ascii	"protVersion\000"
 1232      56657273 
 1232      696F6E00 
 1233              	.LASF101:
 1234 079a 63707573 		.ascii	"cpussRam0Ctl0\000"
>>>>>>> bd22d50f3383c241732a6171578cebde1d55ad66
 1234      7352616D 
 1234      3043746C 
 1234      3000
 1235              	.LASF8:
<<<<<<< HEAD
 1236 079f 5F5F7569 		.ascii	"__uint16_t\000"
 1236      6E743136 
 1236      5F7400
 1237              	.LASF82:
 1238 07aa 70657269 		.ascii	"periDiv16CtlOffset\000"
=======
 1236 07a8 5F5F7569 		.ascii	"__uint16_t\000"
 1236      6E743136 
 1236      5F7400
 1237              	.LASF82:
 1238 07b3 70657269 		.ascii	"periDiv16CtlOffset\000"
>>>>>>> bd22d50f3383c241732a6171578cebde1d55ad66
 1238      44697631 
 1238      3643746C 
 1238      4F666673 
 1238      657400
 1239              	.LASF128:
<<<<<<< HEAD
 1240 07bd 63795F62 		.ascii	"cy_ble_advState\000"
=======
 1240 07c6 63795F62 		.ascii	"cy_ble_advState\000"
>>>>>>> bd22d50f3383c241732a6171578cebde1d55ad66
 1240      6C655F61 
 1240      64765374 
 1240      61746500 
 1241              	.LASF35:
<<<<<<< HEAD
 1242 07cd 6873696F 		.ascii	"hsiomVersion\000"
=======
 1242 07d6 6873696F 		.ascii	"hsiomVersion\000"
>>>>>>> bd22d50f3383c241732a6171578cebde1d55ad66
 1242      6D566572 
 1242      73696F6E 
 1242      00
 1243              	.LASF63:
<<<<<<< HEAD
 1244 07da 666C6173 		.ascii	"flashCtlMainWs1Freq\000"
=======
 1244 07e3 666C6173 		.ascii	"flashCtlMainWs1Freq\000"
>>>>>>> bd22d50f3383c241732a6171578cebde1d55ad66
 1244      6843746C 
 1244      4D61696E 
 1244      57733146 
 1244      72657100 
<<<<<<< HEAD
ARM GAS  C:\Users\Smaug\AppData\Local\Temp\cclNbP8R.s 			page 29


 1245              	.LASF9:
 1246 07ee 73686F72 		.ascii	"short unsigned int\000"
=======
ARM GAS  C:\Users\Nazar\AppData\Local\Temp\ccQFerfM.s 			page 29


 1245              	.LASF9:
 1246 07f7 73686F72 		.ascii	"short unsigned int\000"
>>>>>>> bd22d50f3383c241732a6171578cebde1d55ad66
 1246      7420756E 
 1246      7369676E 
 1246      65642069 
 1246      6E7400
 1247              	.LASF68:
<<<<<<< HEAD
 1248 0801 64774368 		.ascii	"dwChSize\000"
 1248      53697A65 
 1248      00
 1249              	.LASF104:
 1250 080a 69706353 		.ascii	"ipcStructSize\000"
=======
 1248 080a 64774368 		.ascii	"dwChSize\000"
 1248      53697A65 
 1248      00
 1249              	.LASF104:
 1250 0813 69706353 		.ascii	"ipcStructSize\000"
>>>>>>> bd22d50f3383c241732a6171578cebde1d55ad66
 1250      74727563 
 1250      7453697A 
 1250      6500
 1251              	.LASF43:
<<<<<<< HEAD
 1252 0818 63707573 		.ascii	"cpussIpc0Irq\000"
=======
 1252 0821 63707573 		.ascii	"cpussIpc0Irq\000"
>>>>>>> bd22d50f3383c241732a6171578cebde1d55ad66
 1252      73497063 
 1252      30497271 
 1252      00
 1253              	.LASF86:
<<<<<<< HEAD
 1254 0825 6770696F 		.ascii	"gpioPrtCfgOffset\000"
=======
 1254 082e 6770696F 		.ascii	"gpioPrtCfgOffset\000"
>>>>>>> bd22d50f3383c241732a6171578cebde1d55ad66
 1254      50727443 
 1254      66674F66 
 1254      66736574 
 1254      00
 1255              	.LASF117:
<<<<<<< HEAD
 1256 0836 43595F42 		.ascii	"CY_BLE_CONN_STATE_DISCONNECTED\000"
=======
 1256 083f 43595F42 		.ascii	"CY_BLE_CONN_STATE_DISCONNECTED\000"
>>>>>>> bd22d50f3383c241732a6171578cebde1d55ad66
 1256      4C455F43 
 1256      4F4E4E5F 
 1256      53544154 
 1256      455F4449 
 1257              	.LASF129:
<<<<<<< HEAD
 1258 0855 63795F62 		.ascii	"cy_ble_connHandle\000"
=======
 1258 085e 63795F62 		.ascii	"cy_ble_connHandle\000"
>>>>>>> bd22d50f3383c241732a6171578cebde1d55ad66
 1258      6C655F63 
 1258      6F6E6E48 
 1258      616E646C 
 1258      6500
 1259              	.LASF45:
<<<<<<< HEAD
 1260 0867 63707573 		.ascii	"cpussNotConnectedIrq\000"
=======
 1260 0870 63707573 		.ascii	"cpussNotConnectedIrq\000"
>>>>>>> bd22d50f3383c241732a6171578cebde1d55ad66
 1260      734E6F74 
 1260      436F6E6E 
 1260      65637465 
 1260      64497271 
 1261              	.LASF114:
<<<<<<< HEAD
 1262 087c 43595F42 		.ascii	"CY_BLE_ADV_STATE_ADVERTISING\000"
=======
 1262 0885 43595F42 		.ascii	"CY_BLE_ADV_STATE_ADVERTISING\000"
>>>>>>> bd22d50f3383c241732a6171578cebde1d55ad66
 1262      4C455F41 
 1262      44565F53 
 1262      54415445 
 1262      5F414456 
 1263              	.LASF112:
<<<<<<< HEAD
 1264 0899 43595F42 		.ascii	"CY_BLE_ADV_STATE_STOPPED\000"
=======
 1264 08a2 43595F42 		.ascii	"CY_BLE_ADV_STATE_STOPPED\000"
>>>>>>> bd22d50f3383c241732a6171578cebde1d55ad66
 1264      4C455F41 
 1264      44565F53 
 1264      54415445 
 1264      5F53544F 
 1265              	.LASF16:
<<<<<<< HEAD
ARM GAS  C:\Users\Smaug\AppData\Local\Temp\cclNbP8R.s 			page 30


 1266 08b2 75696E74 		.ascii	"uint8_t\000"
 1266      385F7400 
 1267              	.LASF92:
 1268 08ba 63707573 		.ascii	"cpussCm4StatusOffset\000"
=======
ARM GAS  C:\Users\Nazar\AppData\Local\Temp\ccQFerfM.s 			page 30


 1266 08bb 75696E74 		.ascii	"uint8_t\000"
 1266      385F7400 
 1267              	.LASF92:
 1268 08c3 63707573 		.ascii	"cpussCm4StatusOffset\000"
>>>>>>> bd22d50f3383c241732a6171578cebde1d55ad66
 1268      73436D34 
 1268      53746174 
 1268      75734F66 
 1268      66736574 
 1269              	.LASF85:
<<<<<<< HEAD
 1270 08cf 6770696F 		.ascii	"gpioPrtIntrCfgOffset\000"
=======
 1270 08d8 6770696F 		.ascii	"gpioPrtIntrCfgOffset\000"
>>>>>>> bd22d50f3383c241732a6171578cebde1d55ad66
 1270      50727449 
 1270      6E747243 
 1270      66674F66 
 1270      66736574 
 1271              	.LASF96:
<<<<<<< HEAD
 1272 08e4 63707573 		.ascii	"cpussTrimRomCtlOffset\000"
=======
 1272 08ed 63707573 		.ascii	"cpussTrimRomCtlOffset\000"
>>>>>>> bd22d50f3383c241732a6171578cebde1d55ad66
 1272      73547269 
 1272      6D526F6D 
 1272      43746C4F 
 1272      66667365 
 1273              	.LASF109:
<<<<<<< HEAD
 1274 08fa 62644861 		.ascii	"bdHandle\000"
 1274      6E646C65 
 1274      00
 1275              	.LASF46:
 1276 0903 73727373 		.ascii	"srssNumClkpath\000"
=======
 1274 0903 62644861 		.ascii	"bdHandle\000"
 1274      6E646C65 
 1274      00
 1275              	.LASF46:
 1276 090c 73727373 		.ascii	"srssNumClkpath\000"
>>>>>>> bd22d50f3383c241732a6171578cebde1d55ad66
 1276      4E756D43 
 1276      6C6B7061 
 1276      746800
 1277              	.LASF32:
<<<<<<< HEAD
 1278 0912 64775665 		.ascii	"dwVersion\000"
 1278      7273696F 
 1278      6E00
 1279              	.LASF28:
 1280 091c 69706342 		.ascii	"ipcBase\000"
 1280      61736500 
 1281              	.LASF79:
 1282 0924 70657269 		.ascii	"periDivCmdPaDivSelPos\000"
=======
 1278 091b 64775665 		.ascii	"dwVersion\000"
 1278      7273696F 
 1278      6E00
 1279              	.LASF28:
 1280 0925 69706342 		.ascii	"ipcBase\000"
 1280      61736500 
 1281              	.LASF79:
 1282 092d 70657269 		.ascii	"periDivCmdPaDivSelPos\000"
>>>>>>> bd22d50f3383c241732a6171578cebde1d55ad66
 1282      44697643 
 1282      6D645061 
 1282      44697653 
 1282      656C506F 
 1283              	.LASF60:
<<<<<<< HEAD
 1284 093a 666C6173 		.ascii	"flashProgramDelay\000"
=======
 1284 0943 666C6173 		.ascii	"flashProgramDelay\000"
>>>>>>> bd22d50f3383c241732a6171578cebde1d55ad66
 1284      6850726F 
 1284      6772616D 
 1284      44656C61 
 1284      7900
 1285              	.LASF118:
<<<<<<< HEAD
 1286 094c 43595F42 		.ascii	"CY_BLE_CONN_STATE_CLIENT_DISCONNECTED_DISCOVERED\000"
=======
 1286 0955 43595F42 		.ascii	"CY_BLE_CONN_STATE_CLIENT_DISCONNECTED_DISCOVERED\000"
>>>>>>> bd22d50f3383c241732a6171578cebde1d55ad66
 1286      4C455F43 
 1286      4F4E4E5F 
 1286      53544154 
 1286      455F434C 
 1287              	.LASF57:
<<<<<<< HEAD
 1288 097d 666C6173 		.ascii	"flashRwwRequired\000"
 1288      68527777 
ARM GAS  C:\Users\Smaug\AppData\Local\Temp\cclNbP8R.s 			page 31
=======
 1288 0986 666C6173 		.ascii	"flashRwwRequired\000"
 1288      68527777 
ARM GAS  C:\Users\Nazar\AppData\Local\Temp\ccQFerfM.s 			page 31
>>>>>>> bd22d50f3383c241732a6171578cebde1d55ad66


 1288      52657175 
 1288      69726564 
 1288      00
 1289              		.ident	"GCC: (GNU Tools for ARM Embedded Processors) 5.4.1 20160609 (release) [ARM/embedded-5-bran
